1606305432.4113731 [INFO] [launch]: All log files can be found below /home/daichi/.ros/log/2020-11-25-20-57-12-406142-zeus-14631
1606305432.4115024 [INFO] [launch]: Default logging verbosity is set to INFO
1606305432.4258959 [INFO] [publisher-1]: process started with pid [14641]
1606305432.4261253 [INFO] [subscriber-2]: process started with pid [14642]
1606305432.4290817 [subscriber-2] [0;90m2020-11-25 20:57:12.428 [0;1;96m[ Debug ][m: Application registered management segment 0x7f07ddd2b000 with size 82628544 to id 1
1606305432.4294078 [subscriber-2] [0;90m2020-11-25 20:57:12.429 [0;1;92m[ Info  ][m: Application registered payload segment 0x7f07d4c33000 with size 149655680 to id 2
1606305432.4312761 [subscriber-2] [0;90m2020-11-25 20:57:12.431 [0;1;93m[Warning][m: Cache size for subscribe too large 1000, limiting to MAX_SUBSCRIBER_QUEUE_CAPACITY = 256
1606305442.9327826 [subscriber-2] [INFO] [subscriber]: Latency; '3711616'
1606305442.9330494 [subscriber-2] [INFO] [subscriber]: Latency; '845008'
1606305442.9332097 [subscriber-2] [INFO] [subscriber]: Latency; '853642'
1606305442.9333427 [subscriber-2] [INFO] [subscriber]: Latency; '912630'
1606305442.9334669 [subscriber-2] [INFO] [subscriber]: Latency; '858886'
1606305442.9335868 [subscriber-2] [INFO] [subscriber]: Latency; '868607'
1606305442.9337046 [subscriber-2] [INFO] [subscriber]: Latency; '863903'
1606305442.9338200 [subscriber-2] [INFO] [subscriber]: Latency; '878730'
1606305442.9339352 [subscriber-2] [INFO] [subscriber]: Latency; '867428'
1606305442.9340501 [subscriber-2] [INFO] [subscriber]: Latency; '878142'
1606305442.9341643 [subscriber-2] [INFO] [subscriber]: Latency; '858820'
1606305442.9342785 [subscriber-2] [INFO] [subscriber]: Latency; '252026'
1606305442.9343920 [subscriber-2] [INFO] [subscriber]: Latency; '860941'
1606305442.9345047 [subscriber-2] [INFO] [subscriber]: Latency; '875934'
1606305442.9346163 [subscriber-2] [INFO] [subscriber]: Latency; '857743'
1606305442.9347296 [subscriber-2] [INFO] [subscriber]: Latency; '667466'
1606305442.9348414 [subscriber-2] [INFO] [subscriber]: Latency; '899091'
1606305442.9349532 [subscriber-2] [INFO] [subscriber]: Latency; '869124'
1606305442.9350643 [subscriber-2] [INFO] [subscriber]: Latency; '872883'
1606305442.9351764 [subscriber-2] [INFO] [subscriber]: Latency; '869427'
1606305442.9352870 [subscriber-2] [INFO] [subscriber]: Latency; '850188'
1606305442.9353986 [subscriber-2] [INFO] [subscriber]: Latency; '855775'
1606305442.9355097 [subscriber-2] [INFO] [subscriber]: Latency; '852040'
1606305442.9356203 [subscriber-2] [INFO] [subscriber]: Latency; '944755'
1606305442.9357314 [subscriber-2] [INFO] [subscriber]: Latency; '880583'
1606305442.9358418 [subscriber-2] [INFO] [subscriber]: Latency; '861098'
1606305442.9359527 [subscriber-2] [INFO] [subscriber]: Latency; '868242'
1606305442.9360640 [subscriber-2] [INFO] [subscriber]: Latency; '867549'
1606305442.9361753 [subscriber-2] [INFO] [subscriber]: Latency; '870855'
1606305442.9362893 [subscriber-2] [INFO] [subscriber]: Latency; '876800'
1606305442.9364016 [subscriber-2] [INFO] [subscriber]: Latency; '867049'
1606305442.9365125 [subscriber-2] [INFO] [subscriber]: Latency; '234022'
1606305442.9366748 [subscriber-2] [INFO] [subscriber]: Latency; '856070'
1606305442.9367919 [subscriber-2] [INFO] [subscriber]: Latency; '970465'
1606305442.9369047 [subscriber-2] [INFO] [subscriber]: Latency; '871442'
1606305442.9370167 [subscriber-2] [INFO] [subscriber]: Latency; '558258'
1606305442.9371295 [subscriber-2] [INFO] [subscriber]: Latency; '887385'
1606305442.9372411 [subscriber-2] [INFO] [subscriber]: Latency; '865810'
1606305442.9373524 [subscriber-2] [INFO] [subscriber]: Latency; '238469'
1606305442.9374642 [subscriber-2] [INFO] [subscriber]: Latency; '899681'
1606305442.9375765 [subscriber-2] [INFO] [subscriber]: Latency; '859828'
1606305442.9376891 [subscriber-2] [INFO] [subscriber]: Latency; '842898'
1606305442.9377992 [subscriber-2] [INFO] [subscriber]: Latency; '854163'
1606305442.9378841 [subscriber-2] [INFO] [subscriber]: Latency; '879688'
1606305442.9379029 [subscriber-2] [INFO] [subscriber]: Latency; '852910'
1606305442.9379253 [subscriber-2] [INFO] [subscriber]: Latency; '966107'
1606305442.9379451 [subscriber-2] [INFO] [subscriber]: Latency; '864199'
1606305442.9379644 [subscriber-2] [INFO] [subscriber]: Latency; '883751'
1606305442.9379835 [subscriber-2] [INFO] [subscriber]: Latency; '898049'
1606305442.9380026 [subscriber-2] [INFO] [subscriber]: Latency; '911332'
1606305442.9380217 [subscriber-2] [INFO] [subscriber]: Latency; '878320'
1606305442.9380405 [subscriber-2] [INFO] [subscriber]: Latency; '222020'
1606305442.9380596 [subscriber-2] [INFO] [subscriber]: Latency; '869271'
1606305442.9380784 [subscriber-2] [INFO] [subscriber]: Latency; '902923'
1606305442.9380977 [subscriber-2] [INFO] [subscriber]: Latency; '845807'
1606305442.9381166 [subscriber-2] [INFO] [subscriber]: Latency; '403052'
1606305442.9381356 [subscriber-2] [INFO] [subscriber]: Latency; '875766'
1606305442.9381545 [subscriber-2] [INFO] [subscriber]: Latency; '887859'
1606305442.9381735 [subscriber-2] [INFO] [subscriber]: Latency; '904086'
1606305442.9381924 [subscriber-2] [INFO] [subscriber]: Latency; '888166'
1606305442.9382117 [subscriber-2] [INFO] [subscriber]: Latency; '505059'
1606305442.9382305 [subscriber-2] [INFO] [subscriber]: Latency; '861960'
1606305442.9382498 [subscriber-2] [INFO] [subscriber]: Latency; '849782'
1606305442.9382687 [subscriber-2] [INFO] [subscriber]: Latency; '926486'
1606305442.9382877 [subscriber-2] [INFO] [subscriber]: Latency; '338825'
1606305442.9383066 [subscriber-2] [INFO] [subscriber]: Latency; '883195'
1606305442.9383256 [subscriber-2] [INFO] [subscriber]: Latency; '970712'
1606305442.9383447 [subscriber-2] [INFO] [subscriber]: Latency; '899665'
1606305442.9383638 [subscriber-2] [INFO] [subscriber]: Latency; '313391'
1606305442.9383829 [subscriber-2] [INFO] [subscriber]: Latency; '1025189'
1606305442.9384019 [subscriber-2] [INFO] [subscriber]: Latency; '934405'
1606305442.9384212 [subscriber-2] [INFO] [subscriber]: Latency; '899211'
1606305442.9384401 [subscriber-2] [INFO] [subscriber]: Latency; '443703'
1606305442.9384592 [subscriber-2] [INFO] [subscriber]: Latency; '930177'
1606305442.9384782 [subscriber-2] [INFO] [subscriber]: Latency; '870008'
1606305442.9384975 [subscriber-2] [INFO] [subscriber]: Latency; '360046'
1606305442.9385166 [subscriber-2] [INFO] [subscriber]: Latency; '891144'
1606305442.9385359 [subscriber-2] [INFO] [subscriber]: Latency; '872229'
1606305442.9385548 [subscriber-2] [INFO] [subscriber]: Latency; '892680'
1606305442.9385741 [subscriber-2] [INFO] [subscriber]: Latency; '872139'
1606305442.9385929 [subscriber-2] [INFO] [subscriber]: Latency; '862265'
1606305442.9386122 [subscriber-2] [INFO] [subscriber]: Latency; '844942'
1606305442.9386315 [subscriber-2] [INFO] [subscriber]: Latency; '894918'
1606305442.9386506 [subscriber-2] [INFO] [subscriber]: Latency; '1016714'
1606305442.9386704 [subscriber-2] [INFO] [subscriber]: Latency; '874092'
1606305442.9386895 [subscriber-2] [INFO] [subscriber]: Latency; '862318'
1606305442.9387088 [subscriber-2] [INFO] [subscriber]: Latency; '882816'
1606305442.9387281 [subscriber-2] [INFO] [subscriber]: Latency; '905743'
1606305442.9387474 [subscriber-2] [INFO] [subscriber]: Latency; '916236'
1606305442.9387665 [subscriber-2] [INFO] [subscriber]: Latency; '892955'
1606305442.9387858 [subscriber-2] [INFO] [subscriber]: Latency; '900247'
1606305442.9388053 [subscriber-2] [INFO] [subscriber]: Latency; '882146'
1606305442.9388247 [subscriber-2] [INFO] [subscriber]: Latency; '870935'
1606305442.9388440 [subscriber-2] [INFO] [subscriber]: Latency; '930471'
1606305442.9388628 [subscriber-2] [INFO] [subscriber]: Latency; '874159'
1606305442.9388821 [subscriber-2] [INFO] [subscriber]: Latency; '319777'
1606305442.9389012 [subscriber-2] [INFO] [subscriber]: Latency; '882206'
1606305442.9389205 [subscriber-2] [INFO] [subscriber]: Latency; '866957'
1606305442.9389396 [subscriber-2] [INFO] [subscriber]: Latency; '880522'
1606305442.9389586 [subscriber-2] [INFO] [subscriber]: Latency; '858210'
1606305442.9389775 [subscriber-2] [INFO] [subscriber]: Latency; '848693'
1606305442.9389987 [subscriber-2] [INFO] [subscriber]: Latency; '849652'
1606305442.9390185 [subscriber-2] [INFO] [subscriber]: Latency; '863550'
1606305442.9390378 [subscriber-2] [INFO] [subscriber]: Latency; '911706'
1606305453.4326732 [subscriber-2] [INFO] [subscriber]: Latency; '865613'
1606305453.4329402 [subscriber-2] [INFO] [subscriber]: Latency; '919431'
1606305453.4331017 [subscriber-2] [INFO] [subscriber]: Latency; '957619'
1606305453.4332387 [subscriber-2] [INFO] [subscriber]: Latency; '868584'
1606305453.4333644 [subscriber-2] [INFO] [subscriber]: Latency; '290055'
1606305453.4334881 [subscriber-2] [INFO] [subscriber]: Latency; '894727'
1606305453.4336090 [subscriber-2] [INFO] [subscriber]: Latency; '851312'
1606305453.4337280 [subscriber-2] [INFO] [subscriber]: Latency; '181980'
1606305453.4338453 [subscriber-2] [INFO] [subscriber]: Latency; '866185'
1606305453.4339626 [subscriber-2] [INFO] [subscriber]: Latency; '884112'
1606305453.4340773 [subscriber-2] [INFO] [subscriber]: Latency; '858842'
1606305453.4341910 [subscriber-2] [INFO] [subscriber]: Latency; '261493'
1606305453.4343047 [subscriber-2] [INFO] [subscriber]: Latency; '877793'
1606305453.4344184 [subscriber-2] [INFO] [subscriber]: Latency; '866945'
1606305453.4345310 [subscriber-2] [INFO] [subscriber]: Latency; '1027795'
1606305453.4346440 [subscriber-2] [INFO] [subscriber]: Latency; '880010'
1606305453.4347568 [subscriber-2] [INFO] [subscriber]: Latency; '885289'
1606305453.4348693 [subscriber-2] [INFO] [subscriber]: Latency; '875001'
1606305453.4349804 [subscriber-2] [INFO] [subscriber]: Latency; '866842'
1606305453.4350917 [subscriber-2] [INFO] [subscriber]: Latency; '972989'
1606305453.4352031 [subscriber-2] [INFO] [subscriber]: Latency; '877208'
1606305453.4353166 [subscriber-2] [INFO] [subscriber]: Latency; '949771'
1606305453.4354291 [subscriber-2] [INFO] [subscriber]: Latency; '1022285'
1606305453.4355419 [subscriber-2] [INFO] [subscriber]: Latency; '877774'
1606305453.4356534 [subscriber-2] [INFO] [subscriber]: Latency; '881329'
1606305453.4357669 [subscriber-2] [INFO] [subscriber]: Latency; '886204'
1606305453.4358797 [subscriber-2] [INFO] [subscriber]: Latency; '871796'
1606305453.4359925 [subscriber-2] [INFO] [subscriber]: Latency; '1104478'
1606305453.4361045 [subscriber-2] [INFO] [subscriber]: Latency; '887688'
1606305453.4362168 [subscriber-2] [INFO] [subscriber]: Latency; '920012'
1606305453.4363301 [subscriber-2] [INFO] [subscriber]: Latency; '877600'
1606305453.4364440 [subscriber-2] [INFO] [subscriber]: Latency; '242464'
1606305453.4365852 [subscriber-2] [INFO] [subscriber]: Latency; '879051'
1606305453.4367247 [subscriber-2] [INFO] [subscriber]: Latency; '879153'
1606305453.4368379 [subscriber-2] [INFO] [subscriber]: Latency; '877188'
1606305453.4369507 [subscriber-2] [INFO] [subscriber]: Latency; '940217'
1606305453.4370637 [subscriber-2] [INFO] [subscriber]: Latency; '872191'
1606305453.4371209 [subscriber-2] [INFO] [subscriber]: Latency; '859341'
1606305453.4371400 [subscriber-2] [INFO] [subscriber]: Latency; '859068'
1606305453.4371588 [subscriber-2] [INFO] [subscriber]: Latency; '892994'
1606305453.4371781 [subscriber-2] [INFO] [subscriber]: Latency; '868734'
1606305453.4371970 [subscriber-2] [INFO] [subscriber]: Latency; '865379'
1606305453.4372160 [subscriber-2] [INFO] [subscriber]: Latency; '866111'
1606305453.4372349 [subscriber-2] [INFO] [subscriber]: Latency; '894297'
1606305453.4372540 [subscriber-2] [INFO] [subscriber]: Latency; '1045775'
1606305453.4372728 [subscriber-2] [INFO] [subscriber]: Latency; '278773'
1606305453.4372919 [subscriber-2] [INFO] [subscriber]: Latency; '923795'
1606305453.4373109 [subscriber-2] [INFO] [subscriber]: Latency; '882695'
1606305453.4373300 [subscriber-2] [INFO] [subscriber]: Latency; '891807'
1606305453.4373491 [subscriber-2] [INFO] [subscriber]: Latency; '908681'
1606305453.4373684 [subscriber-2] [INFO] [subscriber]: Latency; '849400'
1606305453.4373875 [subscriber-2] [INFO] [subscriber]: Latency; '296126'
1606305453.4374065 [subscriber-2] [INFO] [subscriber]: Latency; '906267'
1606305453.4374294 [subscriber-2] [INFO] [subscriber]: Latency; '874904'
1606305453.4374497 [subscriber-2] [INFO] [subscriber]: Latency; '875805'
1606305453.4374690 [subscriber-2] [INFO] [subscriber]: Latency; '887206'
1606305453.4374881 [subscriber-2] [INFO] [subscriber]: Latency; '862538'
1606305453.4375076 [subscriber-2] [INFO] [subscriber]: Latency; '848450'
1606305453.4375265 [subscriber-2] [INFO] [subscriber]: Latency; '854640'
1606305453.4375458 [subscriber-2] [INFO] [subscriber]: Latency; '944833'
1606305453.4375646 [subscriber-2] [INFO] [subscriber]: Latency; '363889'
1606305453.4375834 [subscriber-2] [INFO] [subscriber]: Latency; '860881'
1606305453.4376023 [subscriber-2] [INFO] [subscriber]: Latency; '859349'
1606305453.4376214 [subscriber-2] [INFO] [subscriber]: Latency; '857131'
1606305453.4376402 [subscriber-2] [INFO] [subscriber]: Latency; '909855'
1606305453.4376590 [subscriber-2] [INFO] [subscriber]: Latency; '950403'
1606305453.4376779 [subscriber-2] [INFO] [subscriber]: Latency; '947981'
1606305453.4376969 [subscriber-2] [INFO] [subscriber]: Latency; '864533'
1606305453.4377155 [subscriber-2] [INFO] [subscriber]: Latency; '886845'
1606305453.4377344 [subscriber-2] [INFO] [subscriber]: Latency; '907146'
1606305453.4377532 [subscriber-2] [INFO] [subscriber]: Latency; '865896'
1606305453.4377720 [subscriber-2] [INFO] [subscriber]: Latency; '887179'
1606305453.4377909 [subscriber-2] [INFO] [subscriber]: Latency; '880505'
1606305453.4378099 [subscriber-2] [INFO] [subscriber]: Latency; '549871'
1606305453.4378288 [subscriber-2] [INFO] [subscriber]: Latency; '921081'
1606305453.4378479 [subscriber-2] [INFO] [subscriber]: Latency; '853050'
1606305453.4378667 [subscriber-2] [INFO] [subscriber]: Latency; '862294'
1606305453.4378860 [subscriber-2] [INFO] [subscriber]: Latency; '855913'
1606305453.4379051 [subscriber-2] [INFO] [subscriber]: Latency; '851366'
1606305453.4379246 [subscriber-2] [INFO] [subscriber]: Latency; '1022944'
1606305453.4379435 [subscriber-2] [INFO] [subscriber]: Latency; '870389'
1606305453.4379628 [subscriber-2] [INFO] [subscriber]: Latency; '856803'
1606305453.4379816 [subscriber-2] [INFO] [subscriber]: Latency; '869666'
1606305453.4380009 [subscriber-2] [INFO] [subscriber]: Latency; '873610'
1606305453.4380200 [subscriber-2] [INFO] [subscriber]: Latency; '878731'
1606305453.4380388 [subscriber-2] [INFO] [subscriber]: Latency; '874319'
1606305453.4380577 [subscriber-2] [INFO] [subscriber]: Latency; '864338'
1606305453.4380765 [subscriber-2] [INFO] [subscriber]: Latency; '850223'
1606305453.4380953 [subscriber-2] [INFO] [subscriber]: Latency; '877479'
1606305453.4381142 [subscriber-2] [INFO] [subscriber]: Latency; '883810'
1606305453.4381330 [subscriber-2] [INFO] [subscriber]: Latency; '332792'
1606305453.4381516 [subscriber-2] [INFO] [subscriber]: Latency; '883866'
1606305453.4381704 [subscriber-2] [INFO] [subscriber]: Latency; '869996'
1606305453.4381900 [subscriber-2] [INFO] [subscriber]: Latency; '858163'
1606305453.4382205 [subscriber-2] [INFO] [subscriber]: Latency; '962333'
1606305453.4382451 [subscriber-2] [INFO] [subscriber]: Latency; '869167'
1606305453.4382646 [subscriber-2] [INFO] [subscriber]: Latency; '858146'
1606305453.4382839 [subscriber-2] [INFO] [subscriber]: Latency; '855853'
1606305453.4383032 [subscriber-2] [INFO] [subscriber]: Latency; '853052'
1606305453.4383225 [subscriber-2] [INFO] [subscriber]: Latency; '910921'
1606305453.4383416 [subscriber-2] [INFO] [subscriber]: Latency; '867506'
1606305453.4383602 [subscriber-2] [INFO] [subscriber]: Latency; '855523'
1606305453.4383793 [subscriber-2] [INFO] [subscriber]: Latency; '866614'
1606305453.4383979 [subscriber-2] [INFO] [subscriber]: Latency; '871272'
1606305453.4384170 [subscriber-2] [INFO] [subscriber]: Latency; '873874'
1606305463.9326417 [subscriber-2] [INFO] [subscriber]: Latency; '879054'
1606305463.9329114 [subscriber-2] [INFO] [subscriber]: Latency; '881330'
1606305463.9330714 [subscriber-2] [INFO] [subscriber]: Latency; '855799'
1606305463.9332039 [subscriber-2] [INFO] [subscriber]: Latency; '563550'
1606305463.9333463 [subscriber-2] [INFO] [subscriber]: Latency; '897045'
1606305463.9334712 [subscriber-2] [INFO] [subscriber]: Latency; '859385'
1606305463.9335911 [subscriber-2] [INFO] [subscriber]: Latency; '937297'
1606305463.9337077 [subscriber-2] [INFO] [subscriber]: Latency; '894242'
1606305463.9338226 [subscriber-2] [INFO] [subscriber]: Latency; '909866'
1606305463.9339380 [subscriber-2] [INFO] [subscriber]: Latency; '883567'
1606305463.9340515 [subscriber-2] [INFO] [subscriber]: Latency; '865917'
1606305463.9341660 [subscriber-2] [INFO] [subscriber]: Latency; '1057519'
1606305463.9342809 [subscriber-2] [INFO] [subscriber]: Latency; '856574'
1606305463.9343953 [subscriber-2] [INFO] [subscriber]: Latency; '882450'
1606305463.9345117 [subscriber-2] [INFO] [subscriber]: Latency; '937176'
1606305463.9346249 [subscriber-2] [INFO] [subscriber]: Latency; '895400'
1606305463.9347405 [subscriber-2] [INFO] [subscriber]: Latency; '855095'
1606305463.9348540 [subscriber-2] [INFO] [subscriber]: Latency; '871509'
1606305463.9349675 [subscriber-2] [INFO] [subscriber]: Latency; '865884'
1606305463.9350815 [subscriber-2] [INFO] [subscriber]: Latency; '870296'
1606305463.9351938 [subscriber-2] [INFO] [subscriber]: Latency; '866249'
1606305463.9353068 [subscriber-2] [INFO] [subscriber]: Latency; '871454'
1606305463.9354212 [subscriber-2] [INFO] [subscriber]: Latency; '859451'
1606305463.9355335 [subscriber-2] [INFO] [subscriber]: Latency; '380302'
1606305463.9356463 [subscriber-2] [INFO] [subscriber]: Latency; '942133'
1606305463.9357610 [subscriber-2] [INFO] [subscriber]: Latency; '868454'
1606305463.9358747 [subscriber-2] [INFO] [subscriber]: Latency; '903275'
1606305463.9359877 [subscriber-2] [INFO] [subscriber]: Latency; '892695'
1606305463.9361000 [subscriber-2] [INFO] [subscriber]: Latency; '874500'
1606305463.9362121 [subscriber-2] [INFO] [subscriber]: Latency; '876591'
1606305463.9363234 [subscriber-2] [INFO] [subscriber]: Latency; '980834'
1606305463.9364347 [subscriber-2] [INFO] [subscriber]: Latency; '858716'
1606305463.9365685 [subscriber-2] [INFO] [subscriber]: Latency; '845843'
1606305463.9367113 [subscriber-2] [INFO] [subscriber]: Latency; '849498'
1606305463.9368262 [subscriber-2] [INFO] [subscriber]: Latency; '876957'
1606305463.9369385 [subscriber-2] [INFO] [subscriber]: Latency; '855982'
1606305463.9370506 [subscriber-2] [INFO] [subscriber]: Latency; '917181'
1606305463.9371634 [subscriber-2] [INFO] [subscriber]: Latency; '914708'
1606305463.9372752 [subscriber-2] [INFO] [subscriber]: Latency; '908985'
1606305463.9373507 [subscriber-2] [INFO] [subscriber]: Latency; '945500'
1606305463.9373693 [subscriber-2] [INFO] [subscriber]: Latency; '945090'
1606305463.9373879 [subscriber-2] [INFO] [subscriber]: Latency; '867079'
1606305463.9374068 [subscriber-2] [INFO] [subscriber]: Latency; '871628'
1606305463.9374254 [subscriber-2] [INFO] [subscriber]: Latency; '332526'
1606305463.9374437 [subscriber-2] [INFO] [subscriber]: Latency; '935463'
1606305463.9374628 [subscriber-2] [INFO] [subscriber]: Latency; '871288'
1606305463.9374816 [subscriber-2] [INFO] [subscriber]: Latency; '889893'
1606305463.9375010 [subscriber-2] [INFO] [subscriber]: Latency; '906892'
1606305463.9375196 [subscriber-2] [INFO] [subscriber]: Latency; '888931'
1606305463.9375384 [subscriber-2] [INFO] [subscriber]: Latency; '877753'
1606305463.9375572 [subscriber-2] [INFO] [subscriber]: Latency; '870992'
1606305463.9375763 [subscriber-2] [INFO] [subscriber]: Latency; '857938'
1606305463.9375951 [subscriber-2] [INFO] [subscriber]: Latency; '845001'
1606305463.9376140 [subscriber-2] [INFO] [subscriber]: Latency; '846953'
1606305463.9376330 [subscriber-2] [INFO] [subscriber]: Latency; '891039'
1606305463.9376519 [subscriber-2] [INFO] [subscriber]: Latency; '862814'
1606305463.9376712 [subscriber-2] [INFO] [subscriber]: Latency; '858263'
1606305463.9376900 [subscriber-2] [INFO] [subscriber]: Latency; '880314'
1606305463.9377093 [subscriber-2] [INFO] [subscriber]: Latency; '872725'
1606305463.9377284 [subscriber-2] [INFO] [subscriber]: Latency; '866574'
1606305463.9377501 [subscriber-2] [INFO] [subscriber]: Latency; '849486'
1606305463.9377694 [subscriber-2] [INFO] [subscriber]: Latency; '871909'
1606305463.9377885 [subscriber-2] [INFO] [subscriber]: Latency; '395011'
1606305463.9378076 [subscriber-2] [INFO] [subscriber]: Latency; '551857'
1606305463.9378266 [subscriber-2] [INFO] [subscriber]: Latency; '920725'
1606305463.9378455 [subscriber-2] [INFO] [subscriber]: Latency; '865913'
1606305463.9378648 [subscriber-2] [INFO] [subscriber]: Latency; '844437'
1606305463.9378839 [subscriber-2] [INFO] [subscriber]: Latency; '540630'
1606305463.9379029 [subscriber-2] [INFO] [subscriber]: Latency; '879504'
1606305463.9379218 [subscriber-2] [INFO] [subscriber]: Latency; '875880'
1606305463.9379408 [subscriber-2] [INFO] [subscriber]: Latency; '867888'
1606305463.9379599 [subscriber-2] [INFO] [subscriber]: Latency; '864040'
1606305463.9379785 [subscriber-2] [INFO] [subscriber]: Latency; '858668'
1606305463.9379976 [subscriber-2] [INFO] [subscriber]: Latency; '850298'
1606305463.9380164 [subscriber-2] [INFO] [subscriber]: Latency; '929282'
1606305463.9380355 [subscriber-2] [INFO] [subscriber]: Latency; '864753'
1606305463.9380546 [subscriber-2] [INFO] [subscriber]: Latency; '843074'
1606305463.9380739 [subscriber-2] [INFO] [subscriber]: Latency; '856634'
1606305463.9380927 [subscriber-2] [INFO] [subscriber]: Latency; '902077'
1606305463.9381120 [subscriber-2] [INFO] [subscriber]: Latency; '876771'
1606305463.9381311 [subscriber-2] [INFO] [subscriber]: Latency; '861115'
1606305463.9381504 [subscriber-2] [INFO] [subscriber]: Latency; '963800'
1606305463.9381692 [subscriber-2] [INFO] [subscriber]: Latency; '866717'
1606305463.9381888 [subscriber-2] [INFO] [subscriber]: Latency; '252424'
1606305463.9382081 [subscriber-2] [INFO] [subscriber]: Latency; '982745'
1606305463.9382269 [subscriber-2] [INFO] [subscriber]: Latency; '877162'
1606305463.9382463 [subscriber-2] [INFO] [subscriber]: Latency; '850674'
1606305463.9382648 [subscriber-2] [INFO] [subscriber]: Latency; '948685'
1606305463.9382839 [subscriber-2] [INFO] [subscriber]: Latency; '875188'
1606305463.9383032 [subscriber-2] [INFO] [subscriber]: Latency; '877568'
1606305463.9383221 [subscriber-2] [INFO] [subscriber]: Latency; '869459'
1606305463.9383414 [subscriber-2] [INFO] [subscriber]: Latency; '864145'
1606305463.9383602 [subscriber-2] [INFO] [subscriber]: Latency; '856283'
1606305463.9383795 [subscriber-2] [INFO] [subscriber]: Latency; '881954'
1606305463.9383988 [subscriber-2] [INFO] [subscriber]: Latency; '928088'
1606305463.9384177 [subscriber-2] [INFO] [subscriber]: Latency; '865038'
1606305463.9384367 [subscriber-2] [INFO] [subscriber]: Latency; '848887'
1606305463.9384558 [subscriber-2] [INFO] [subscriber]: Latency; '862102'
1606305463.9384749 [subscriber-2] [INFO] [subscriber]: Latency; '865533'
1606305463.9384940 [subscriber-2] [INFO] [subscriber]: Latency; '874461'
1606305463.9385130 [subscriber-2] [INFO] [subscriber]: Latency; '861469'
1606305463.9385324 [subscriber-2] [INFO] [subscriber]: Latency; '872811'
1606305463.9385509 [subscriber-2] [INFO] [subscriber]: Latency; '858609'
1606305463.9385703 [subscriber-2] [INFO] [subscriber]: Latency; '231216'
1606305463.9385891 [subscriber-2] [INFO] [subscriber]: Latency; '868645'
1606305474.4326763 [subscriber-2] [INFO] [subscriber]: Latency; '871509'
1606305474.4329500 [subscriber-2] [INFO] [subscriber]: Latency; '888498'
1606305474.4331088 [subscriber-2] [INFO] [subscriber]: Latency; '903305'
1606305474.4332433 [subscriber-2] [INFO] [subscriber]: Latency; '878840'
1606305474.4333646 [subscriber-2] [INFO] [subscriber]: Latency; '874868'
1606305474.4334838 [subscriber-2] [INFO] [subscriber]: Latency; '863717'
1606305474.4336014 [subscriber-2] [INFO] [subscriber]: Latency; '859421'
1606305474.4337168 [subscriber-2] [INFO] [subscriber]: Latency; '854330'
1606305474.4338305 [subscriber-2] [INFO] [subscriber]: Latency; '849837'
1606305474.4339449 [subscriber-2] [INFO] [subscriber]: Latency; '932368'
1606305474.4340589 [subscriber-2] [INFO] [subscriber]: Latency; '867546'
1606305474.4341915 [subscriber-2] [INFO] [subscriber]: Latency; '844804'
1606305474.4343071 [subscriber-2] [INFO] [subscriber]: Latency; '873901'
1606305474.4344194 [subscriber-2] [INFO] [subscriber]: Latency; '877868'
1606305474.4345305 [subscriber-2] [INFO] [subscriber]: Latency; '880172'
1606305474.4346418 [subscriber-2] [INFO] [subscriber]: Latency; '870428'
1606305474.4347527 [subscriber-2] [INFO] [subscriber]: Latency; '881045'
1606305474.4348636 [subscriber-2] [INFO] [subscriber]: Latency; '847609'
1606305474.4349742 [subscriber-2] [INFO] [subscriber]: Latency; '308894'
1606305474.4350851 [subscriber-2] [INFO] [subscriber]: Latency; '918872'
1606305474.4351954 [subscriber-2] [INFO] [subscriber]: Latency; '864058'
1606305474.4353065 [subscriber-2] [INFO] [subscriber]: Latency; '991457'
1606305474.4354169 [subscriber-2] [INFO] [subscriber]: Latency; '258140'
1606305474.4355271 [subscriber-2] [INFO] [subscriber]: Latency; '881203'
1606305474.4356370 [subscriber-2] [INFO] [subscriber]: Latency; '879033'
1606305474.4357483 [subscriber-2] [INFO] [subscriber]: Latency; '1015167'
1606305474.4358602 [subscriber-2] [INFO] [subscriber]: Latency; '869866'
1606305474.4359722 [subscriber-2] [INFO] [subscriber]: Latency; '860200'
1606305474.4360824 [subscriber-2] [INFO] [subscriber]: Latency; '863778'
1606305474.4361918 [subscriber-2] [INFO] [subscriber]: Latency; '897153'
1606305474.4363017 [subscriber-2] [INFO] [subscriber]: Latency; '863796'
1606305474.4364116 [subscriber-2] [INFO] [subscriber]: Latency; '1009333'
1606305474.4365220 [subscriber-2] [INFO] [subscriber]: Latency; '879646'
1606305474.4366901 [subscriber-2] [INFO] [subscriber]: Latency; '938570'
1606305474.4368093 [subscriber-2] [INFO] [subscriber]: Latency; '894742'
1606305474.4369230 [subscriber-2] [INFO] [subscriber]: Latency; '884009'
1606305474.4370370 [subscriber-2] [INFO] [subscriber]: Latency; '902561'
1606305474.4371502 [subscriber-2] [INFO] [subscriber]: Latency; '874651'
1606305474.4372642 [subscriber-2] [INFO] [subscriber]: Latency; '277897'
1606305474.4373772 [subscriber-2] [INFO] [subscriber]: Latency; '970358'
1606305474.4374907 [subscriber-2] [INFO] [subscriber]: Latency; '876920'
1606305474.4375825 [subscriber-2] [INFO] [subscriber]: Latency; '915294'
1606305474.4376016 [subscriber-2] [INFO] [subscriber]: Latency; '245046'
1606305474.4376206 [subscriber-2] [INFO] [subscriber]: Latency; '905621'
1606305474.4376397 [subscriber-2] [INFO] [subscriber]: Latency; '903022'
1606305474.4376588 [subscriber-2] [INFO] [subscriber]: Latency; '900561'
1606305474.4376781 [subscriber-2] [INFO] [subscriber]: Latency; '885106'
1606305474.4376972 [subscriber-2] [INFO] [subscriber]: Latency; '869025'
1606305474.4377165 [subscriber-2] [INFO] [subscriber]: Latency; '871513'
1606305474.4377353 [subscriber-2] [INFO] [subscriber]: Latency; '931117'
1606305474.4377544 [subscriber-2] [INFO] [subscriber]: Latency; '908124'
1606305474.4380543 [subscriber-2] [INFO] [subscriber]: Latency; '948054'
1606305474.4380925 [subscriber-2] [INFO] [subscriber]: Latency; '888292'
1606305474.4381187 [subscriber-2] [INFO] [subscriber]: Latency; '901392'
1606305474.4381411 [subscriber-2] [INFO] [subscriber]: Latency; '880105'
1606305474.4381618 [subscriber-2] [INFO] [subscriber]: Latency; '881413'
1606305474.4381819 [subscriber-2] [INFO] [subscriber]: Latency; '889651'
1606305474.4382017 [subscriber-2] [INFO] [subscriber]: Latency; '878467'
1606305474.4382207 [subscriber-2] [INFO] [subscriber]: Latency; '336111'
1606305474.4382401 [subscriber-2] [INFO] [subscriber]: Latency; '930035'
1606305474.4382594 [subscriber-2] [INFO] [subscriber]: Latency; '910958'
1606305474.4382787 [subscriber-2] [INFO] [subscriber]: Latency; '880342'
1606305474.4382975 [subscriber-2] [INFO] [subscriber]: Latency; '219298'
1606305474.4383168 [subscriber-2] [INFO] [subscriber]: Latency; '907129'
1606305474.4383359 [subscriber-2] [INFO] [subscriber]: Latency; '903116'
1606305474.4383550 [subscriber-2] [INFO] [subscriber]: Latency; '903601'
1606305474.4383740 [subscriber-2] [INFO] [subscriber]: Latency; '894256'
1606305474.4383967 [subscriber-2] [INFO] [subscriber]: Latency; '879141'
1606305474.4384170 [subscriber-2] [INFO] [subscriber]: Latency; '874200'
1606305474.4384363 [subscriber-2] [INFO] [subscriber]: Latency; '1059805'
1606305474.4384556 [subscriber-2] [INFO] [subscriber]: Latency; '898848'
1606305474.4384747 [subscriber-2] [INFO] [subscriber]: Latency; '870646'
1606305474.4384937 [subscriber-2] [INFO] [subscriber]: Latency; '901379'
1606305474.4385128 [subscriber-2] [INFO] [subscriber]: Latency; '899264'
1606305474.4385319 [subscriber-2] [INFO] [subscriber]: Latency; '902185'
1606305474.4385507 [subscriber-2] [INFO] [subscriber]: Latency; '883683'
1606305474.4385698 [subscriber-2] [INFO] [subscriber]: Latency; '899852'
1606305474.4385886 [subscriber-2] [INFO] [subscriber]: Latency; '879915'
1606305474.4386075 [subscriber-2] [INFO] [subscriber]: Latency; '198456'
1606305474.4386261 [subscriber-2] [INFO] [subscriber]: Latency; '923137'
1606305474.4386446 [subscriber-2] [INFO] [subscriber]: Latency; '890581'
1606305474.4386635 [subscriber-2] [INFO] [subscriber]: Latency; '877804'
1606305474.4386821 [subscriber-2] [INFO] [subscriber]: Latency; '925838'
1606305474.4387009 [subscriber-2] [INFO] [subscriber]: Latency; '909576'
1606305474.4387193 [subscriber-2] [INFO] [subscriber]: Latency; '909476'
1606305474.4387379 [subscriber-2] [INFO] [subscriber]: Latency; '894427'
1606305474.4387567 [subscriber-2] [INFO] [subscriber]: Latency; '882720'
1606305474.4387751 [subscriber-2] [INFO] [subscriber]: Latency; '881432'
1606305474.4387937 [subscriber-2] [INFO] [subscriber]: Latency; '875798'
1606305474.4388125 [subscriber-2] [INFO] [subscriber]: Latency; '943934'
1606305474.4388309 [subscriber-2] [INFO] [subscriber]: Latency; '886460'
1606305474.4388492 [subscriber-2] [INFO] [subscriber]: Latency; '875906'
1606305474.4388680 [subscriber-2] [INFO] [subscriber]: Latency; '888184'
1606305474.4388866 [subscriber-2] [INFO] [subscriber]: Latency; '893514'
1606305474.4389052 [subscriber-2] [INFO] [subscriber]: Latency; '925456'
1606305474.4389241 [subscriber-2] [INFO] [subscriber]: Latency; '889477'
1606305474.4389427 [subscriber-2] [INFO] [subscriber]: Latency; '905534'
1606305474.4389608 [subscriber-2] [INFO] [subscriber]: Latency; '884055'
1606305474.4389796 [subscriber-2] [INFO] [subscriber]: Latency; '217119'
1606305474.4389980 [subscriber-2] [INFO] [subscriber]: Latency; '1074752'
1606305474.4390168 [subscriber-2] [INFO] [subscriber]: Latency; '890677'
1606305474.4390354 [subscriber-2] [INFO] [subscriber]: Latency; '954974'
1606305474.4390540 [subscriber-2] [INFO] [subscriber]: Latency; '211793'
1606305474.4390728 [subscriber-2] [INFO] [subscriber]: Latency; '914835'
1606305474.4390917 [subscriber-2] [INFO] [subscriber]: Latency; '906695'
1606305484.9326851 [subscriber-2] [INFO] [subscriber]: Latency; '895281'
1606305484.9329557 [subscriber-2] [INFO] [subscriber]: Latency; '901422'
1606305484.9331145 [subscriber-2] [INFO] [subscriber]: Latency; '879710'
1606305484.9332516 [subscriber-2] [INFO] [subscriber]: Latency; '944184'
1606305484.9333756 [subscriber-2] [INFO] [subscriber]: Latency; '947242'
1606305484.9334960 [subscriber-2] [INFO] [subscriber]: Latency; '880664'
1606305484.9336154 [subscriber-2] [INFO] [subscriber]: Latency; '946042'
1606305484.9337316 [subscriber-2] [INFO] [subscriber]: Latency; '882197'
1606305484.9338470 [subscriber-2] [INFO] [subscriber]: Latency; '883721'
1606305484.9339623 [subscriber-2] [INFO] [subscriber]: Latency; '894229'
1606305484.9340763 [subscriber-2] [INFO] [subscriber]: Latency; '893211'
1606305484.9341900 [subscriber-2] [INFO] [subscriber]: Latency; '913146'
1606305484.9343038 [subscriber-2] [INFO] [subscriber]: Latency; '871746'
1606305484.9344177 [subscriber-2] [INFO] [subscriber]: Latency; '205074'
1606305484.9345317 [subscriber-2] [INFO] [subscriber]: Latency; '953296'
1606305484.9346464 [subscriber-2] [INFO] [subscriber]: Latency; '875628'
1606305484.9347601 [subscriber-2] [INFO] [subscriber]: Latency; '859847'
1606305484.9348738 [subscriber-2] [INFO] [subscriber]: Latency; '861071'
1606305484.9350061 [subscriber-2] [INFO] [subscriber]: Latency; '903407'
1606305484.9351246 [subscriber-2] [INFO] [subscriber]: Latency; '891964'
1606305484.9352393 [subscriber-2] [INFO] [subscriber]: Latency; '1022327'
1606305484.9353526 [subscriber-2] [INFO] [subscriber]: Latency; '892389'
1606305484.9354644 [subscriber-2] [INFO] [subscriber]: Latency; '865609'
1606305484.9355779 [subscriber-2] [INFO] [subscriber]: Latency; '459646'
1606305484.9356918 [subscriber-2] [INFO] [subscriber]: Latency; '899326'
1606305484.9358039 [subscriber-2] [INFO] [subscriber]: Latency; '875346'
1606305484.9359174 [subscriber-2] [INFO] [subscriber]: Latency; '870795'
1606305484.9360299 [subscriber-2] [INFO] [subscriber]: Latency; '875727'
1606305484.9361420 [subscriber-2] [INFO] [subscriber]: Latency; '882789'
1606305484.9362559 [subscriber-2] [INFO] [subscriber]: Latency; '890375'
1606305484.9363682 [subscriber-2] [INFO] [subscriber]: Latency; '878497'
1606305484.9364798 [subscriber-2] [INFO] [subscriber]: Latency; '888610'
1606305484.9366384 [subscriber-2] [INFO] [subscriber]: Latency; '854272'
1606305484.9367597 [subscriber-2] [INFO] [subscriber]: Latency; '199305'
1606305484.9368732 [subscriber-2] [INFO] [subscriber]: Latency; '920457'
1606305484.9369848 [subscriber-2] [INFO] [subscriber]: Latency; '878644'
1606305484.9371183 [subscriber-2] [INFO] [subscriber]: Latency; '851268'
1606305484.9372311 [subscriber-2] [INFO] [subscriber]: Latency; '958642'
1606305484.9373429 [subscriber-2] [INFO] [subscriber]: Latency; '948865'
1606305484.9374564 [subscriber-2] [INFO] [subscriber]: Latency; '927105'
1606305484.9375679 [subscriber-2] [INFO] [subscriber]: Latency; '904166'
1606305484.9376779 [subscriber-2] [INFO] [subscriber]: Latency; '887460'
1606305484.9377899 [subscriber-2] [INFO] [subscriber]: Latency; '868016'
1606305484.9378498 [subscriber-2] [INFO] [subscriber]: Latency; '910072'
1606305484.9378688 [subscriber-2] [INFO] [subscriber]: Latency; '986838'
1606305484.9378877 [subscriber-2] [INFO] [subscriber]: Latency; '889918'
1606305484.9379065 [subscriber-2] [INFO] [subscriber]: Latency; '865038'
1606305484.9379256 [subscriber-2] [INFO] [subscriber]: Latency; '861825'
1606305484.9379447 [subscriber-2] [INFO] [subscriber]: Latency; '890682'
1606305484.9379637 [subscriber-2] [INFO] [subscriber]: Latency; '885843'
1606305484.9379828 [subscriber-2] [INFO] [subscriber]: Latency; '877619'
1606305484.9380014 [subscriber-2] [INFO] [subscriber]: Latency; '890623'
1606305484.9380205 [subscriber-2] [INFO] [subscriber]: Latency; '870629'
1606305484.9380391 [subscriber-2] [INFO] [subscriber]: Latency; '188350'
1606305484.9380574 [subscriber-2] [INFO] [subscriber]: Latency; '920793'
1606305484.9380763 [subscriber-2] [INFO] [subscriber]: Latency; '872854'
1606305484.9380949 [subscriber-2] [INFO] [subscriber]: Latency; '933662'
1606305484.9381137 [subscriber-2] [INFO] [subscriber]: Latency; '945985'
1606305484.9381323 [subscriber-2] [INFO] [subscriber]: Latency; '909591'
1606305484.9381511 [subscriber-2] [INFO] [subscriber]: Latency; '895316'
1606305484.9381697 [subscriber-2] [INFO] [subscriber]: Latency; '886402'
1606305484.9381886 [subscriber-2] [INFO] [subscriber]: Latency; '881342'
1606305484.9382071 [subscriber-2] [INFO] [subscriber]: Latency; '867693'
1606305484.9382262 [subscriber-2] [INFO] [subscriber]: Latency; '870334'
1606305484.9382453 [subscriber-2] [INFO] [subscriber]: Latency; '942410'
1606305484.9382639 [subscriber-2] [INFO] [subscriber]: Latency; '857931'
1606305484.9382825 [subscriber-2] [INFO] [subscriber]: Latency; '861258'
1606305484.9383018 [subscriber-2] [INFO] [subscriber]: Latency; '848815'
1606305484.9383204 [subscriber-2] [INFO] [subscriber]: Latency; '877676'
1606305484.9383392 [subscriber-2] [INFO] [subscriber]: Latency; '890813'
1606305484.9383581 [subscriber-2] [INFO] [subscriber]: Latency; '878681'
1606305484.9383769 [subscriber-2] [INFO] [subscriber]: Latency; '893843'
1606305484.9383957 [subscriber-2] [INFO] [subscriber]: Latency; '875301'
1606305484.9384143 [subscriber-2] [INFO] [subscriber]: Latency; '860224'
1606305484.9384356 [subscriber-2] [INFO] [subscriber]: Latency; '903235'
1606305484.9384553 [subscriber-2] [INFO] [subscriber]: Latency; '876104'
1606305484.9384742 [subscriber-2] [INFO] [subscriber]: Latency; '858410'
1606305484.9384933 [subscriber-2] [INFO] [subscriber]: Latency; '847299'
1606305484.9385121 [subscriber-2] [INFO] [subscriber]: Latency; '909749'
1606305484.9385312 [subscriber-2] [INFO] [subscriber]: Latency; '893372'
1606305484.9385502 [subscriber-2] [INFO] [subscriber]: Latency; '877558'
1606305484.9385693 [subscriber-2] [INFO] [subscriber]: Latency; '872974'
1606305484.9385881 [subscriber-2] [INFO] [subscriber]: Latency; '862214'
1606305484.9386067 [subscriber-2] [INFO] [subscriber]: Latency; '864806'
1606305484.9386256 [subscriber-2] [INFO] [subscriber]: Latency; '924211'
1606305484.9386444 [subscriber-2] [INFO] [subscriber]: Latency; '874284'
1606305484.9386635 [subscriber-2] [INFO] [subscriber]: Latency; '858831'
1606305484.9386821 [subscriber-2] [INFO] [subscriber]: Latency; '851437'
1606305484.9387009 [subscriber-2] [INFO] [subscriber]: Latency; '890499'
1606305484.9387197 [subscriber-2] [INFO] [subscriber]: Latency; '890021'
1606305484.9387386 [subscriber-2] [INFO] [subscriber]: Latency; '878171'
1606305484.9387577 [subscriber-2] [INFO] [subscriber]: Latency; '903211'
1606305484.9387765 [subscriber-2] [INFO] [subscriber]: Latency; '883438'
1606305484.9387958 [subscriber-2] [INFO] [subscriber]: Latency; '862376'
1606305484.9388146 [subscriber-2] [INFO] [subscriber]: Latency; '914047'
1606305484.9388337 [subscriber-2] [INFO] [subscriber]: Latency; '867090'
1606305484.9388525 [subscriber-2] [INFO] [subscriber]: Latency; '870519'
1606305484.9388714 [subscriber-2] [INFO] [subscriber]: Latency; '840836'
1606305484.9388902 [subscriber-2] [INFO] [subscriber]: Latency; '901707'
1606305484.9389088 [subscriber-2] [INFO] [subscriber]: Latency; '886406'
1606305484.9389277 [subscriber-2] [INFO] [subscriber]: Latency; '882200'
1606305484.9389467 [subscriber-2] [INFO] [subscriber]: Latency; '867688'
1606305484.9389656 [subscriber-2] [INFO] [subscriber]: Latency; '859203'
1606305484.9389844 [subscriber-2] [INFO] [subscriber]: Latency; '852050'
1606305484.9390032 [subscriber-2] [INFO] [subscriber]: Latency; '929432'
1606305495.4314387 [subscriber-2] [INFO] [subscriber]: Latency; '878581'
1606305495.4315422 [subscriber-2] [INFO] [subscriber]: Latency; '870312'
1606305495.4315934 [subscriber-2] [INFO] [subscriber]: Latency; '847883'
1606305495.4316366 [subscriber-2] [INFO] [subscriber]: Latency; '873302'
1606305495.4316757 [subscriber-2] [INFO] [subscriber]: Latency; '876867'
1606305495.4317136 [subscriber-2] [INFO] [subscriber]: Latency; '869624'
1606305495.4317510 [subscriber-2] [INFO] [subscriber]: Latency; '883466'
1606305495.4317877 [subscriber-2] [INFO] [subscriber]: Latency; '860457'
1606305495.4318240 [subscriber-2] [INFO] [subscriber]: Latency; '855847'
1606305495.4318604 [subscriber-2] [INFO] [subscriber]: Latency; '935603'
1606305495.4318962 [subscriber-2] [INFO] [subscriber]: Latency; '866913'
1606305495.4319322 [subscriber-2] [INFO] [subscriber]: Latency; '845217'
1606305495.4319682 [subscriber-2] [INFO] [subscriber]: Latency; '843990'
1606305495.4320185 [subscriber-2] [INFO] [subscriber]: Latency; '796464'
1606305495.4320586 [subscriber-2] [INFO] [subscriber]: Latency; '883846'
1606305495.4320986 [subscriber-2] [INFO] [subscriber]: Latency; '940886'
1606305495.4321384 [subscriber-2] [INFO] [subscriber]: Latency; '864990'
1606305495.4321787 [subscriber-2] [INFO] [subscriber]: Latency; '851645'
1606305495.4322190 [subscriber-2] [INFO] [subscriber]: Latency; '852308'
1606305495.4322596 [subscriber-2] [INFO] [subscriber]: Latency; '878470'
1606305495.4322994 [subscriber-2] [INFO] [subscriber]: Latency; '855687'
1606305495.4323392 [subscriber-2] [INFO] [subscriber]: Latency; '846521'
1606305495.4323792 [subscriber-2] [INFO] [subscriber]: Latency; '842219'
1606305495.4324191 [subscriber-2] [INFO] [subscriber]: Latency; '918072'
1606305495.4324586 [subscriber-2] [INFO] [subscriber]: Latency; '871550'
1606305495.4325063 [subscriber-2] [INFO] [subscriber]: Latency; '860513'
1606305495.4325635 [subscriber-2] [INFO] [subscriber]: Latency; '904392'
1606305495.4326172 [subscriber-2] [INFO] [subscriber]: Latency; '852176'
1606305495.4326599 [subscriber-2] [INFO] [subscriber]: Latency; '854411'
1606305495.4327011 [subscriber-2] [INFO] [subscriber]: Latency; '924443'
1606305495.4327426 [subscriber-2] [INFO] [subscriber]: Latency; '872369'
1606305495.4327831 [subscriber-2] [INFO] [subscriber]: Latency; '850021'
1606305495.4328244 [subscriber-2] [INFO] [subscriber]: Latency; '858022'
1606305495.4328651 [subscriber-2] [INFO] [subscriber]: Latency; '472710'
1606305495.4329064 [subscriber-2] [INFO] [subscriber]: Latency; '882350'
1606305495.4329474 [subscriber-2] [INFO] [subscriber]: Latency; '897995'
1606305495.4329886 [subscriber-2] [INFO] [subscriber]: Latency; '874395'
1606305495.4330297 [subscriber-2] [INFO] [subscriber]: Latency; '848900'
1606305495.4330707 [subscriber-2] [INFO] [subscriber]: Latency; '885001'
1606305495.4331121 [subscriber-2] [INFO] [subscriber]: Latency; '924176'
1606305495.4331541 [subscriber-2] [INFO] [subscriber]: Latency; '867539'
1606305495.4331954 [subscriber-2] [INFO] [subscriber]: Latency; '858880'
1606305495.4332361 [subscriber-2] [INFO] [subscriber]: Latency; '859395'
1606305495.4332771 [subscriber-2] [INFO] [subscriber]: Latency; '886151'
1606305495.4333184 [subscriber-2] [INFO] [subscriber]: Latency; '878580'
1606305495.4333594 [subscriber-2] [INFO] [subscriber]: Latency; '863948'
1606305495.4334006 [subscriber-2] [INFO] [subscriber]: Latency; '864843'
1606305495.4334421 [subscriber-2] [INFO] [subscriber]: Latency; '852132'
1606305495.4334826 [subscriber-2] [INFO] [subscriber]: Latency; '851602'
1606305495.4335234 [subscriber-2] [INFO] [subscriber]: Latency; '921915'
1606305495.4335642 [subscriber-2] [INFO] [subscriber]: Latency; '1260588'
1606305495.4336052 [subscriber-2] [INFO] [subscriber]: Latency; '1028258'
1606305495.4336464 [subscriber-2] [INFO] [subscriber]: Latency; '915304'
1606305495.4336872 [subscriber-2] [INFO] [subscriber]: Latency; '897857'
1606305495.4337280 [subscriber-2] [INFO] [subscriber]: Latency; '862931'
1606305495.4337687 [subscriber-2] [INFO] [subscriber]: Latency; '904169'
1606305495.4338095 [subscriber-2] [INFO] [subscriber]: Latency; '841895'
1606305495.4338505 [subscriber-2] [INFO] [subscriber]: Latency; '834166'
1606305495.4338920 [subscriber-2] [INFO] [subscriber]: Latency; '840763'
1606305495.4339330 [subscriber-2] [INFO] [subscriber]: Latency; '961315'
1606305495.4339740 [subscriber-2] [INFO] [subscriber]: Latency; '862648'
1606305495.4340148 [subscriber-2] [INFO] [subscriber]: Latency; '980329'
1606305495.4340553 [subscriber-2] [INFO] [subscriber]: Latency; '858215'
1606305495.4340963 [subscriber-2] [INFO] [subscriber]: Latency; '869069'
1606305495.4341373 [subscriber-2] [INFO] [subscriber]: Latency; '862227'
1606305495.4341781 [subscriber-2] [INFO] [subscriber]: Latency; '856835'
1606305495.4342184 [subscriber-2] [INFO] [subscriber]: Latency; '863245'
1606305495.4342594 [subscriber-2] [INFO] [subscriber]: Latency; '847420'
1606305495.4342999 [subscriber-2] [INFO] [subscriber]: Latency; '842241'
1606305495.4343400 [subscriber-2] [INFO] [subscriber]: Latency; '933114'
1606305495.4343805 [subscriber-2] [INFO] [subscriber]: Latency; '852190'
1606305495.4344208 [subscriber-2] [INFO] [subscriber]: Latency; '947631'
1606305495.4344609 [subscriber-2] [INFO] [subscriber]: Latency; '836783'
1606305495.4345012 [subscriber-2] [INFO] [subscriber]: Latency; '317584'
1606305495.4345419 [subscriber-2] [INFO] [subscriber]: Latency; '868793'
1606305495.4345822 [subscriber-2] [INFO] [subscriber]: Latency; '858567'
1606305495.4346228 [subscriber-2] [INFO] [subscriber]: Latency; '848699'
1606305495.4346631 [subscriber-2] [INFO] [subscriber]: Latency; '849168'
1606305495.4347036 [subscriber-2] [INFO] [subscriber]: Latency; '836629'
1606305495.4347444 [subscriber-2] [INFO] [subscriber]: Latency; '899057'
1606305495.4347839 [subscriber-2] [INFO] [subscriber]: Latency; '852074'
1606305495.4348245 [subscriber-2] [INFO] [subscriber]: Latency; '959874'
1606305495.4348700 [subscriber-2] [INFO] [subscriber]: Latency; '903397'
1606305495.4349120 [subscriber-2] [INFO] [subscriber]: Latency; '859754'
1606305495.4349527 [subscriber-2] [INFO] [subscriber]: Latency; '876404'
1606305495.4349935 [subscriber-2] [INFO] [subscriber]: Latency; '852128'
1606305495.4350343 [subscriber-2] [INFO] [subscriber]: Latency; '866624'
1606305495.4350755 [subscriber-2] [INFO] [subscriber]: Latency; '841673'
1606305495.4351165 [subscriber-2] [INFO] [subscriber]: Latency; '831683'
1606305495.4351571 [subscriber-2] [INFO] [subscriber]: Latency; '884789'
1606305495.4351981 [subscriber-2] [INFO] [subscriber]: Latency; '855871'
1606305495.4352386 [subscriber-2] [INFO] [subscriber]: Latency; '975359'
1606305495.4352796 [subscriber-2] [INFO] [subscriber]: Latency; '862521'
1606305495.4353201 [subscriber-2] [INFO] [subscriber]: Latency; '290925'
1606305495.4353604 [subscriber-2] [INFO] [subscriber]: Latency; '853860'
1606305495.4354010 [subscriber-2] [INFO] [subscriber]: Latency; '862535'
1606305495.4354415 [subscriber-2] [INFO] [subscriber]: Latency; '848370'
1606305495.4354820 [subscriber-2] [INFO] [subscriber]: Latency; '836658'
1606305495.4355226 [subscriber-2] [INFO] [subscriber]: Latency; '838050'
1606305495.4355633 [subscriber-2] [INFO] [subscriber]: Latency; '923315'
1606305495.4356034 [subscriber-2] [INFO] [subscriber]: Latency; '858212'
1606305495.4356439 [subscriber-2] [INFO] [subscriber]: Latency; '950829'
1606305495.4356842 [subscriber-2] [INFO] [subscriber]: Latency; '874551'
1606305495.4357247 [subscriber-2] [INFO] [subscriber]: Latency; '887088'
1606305495.4357655 [subscriber-2] [INFO] [subscriber]: Latency; '862214'
1606305505.9327161 [subscriber-2] [INFO] [subscriber]: Latency; '309209'
1606305505.9329827 [subscriber-2] [INFO] [subscriber]: Latency; '877673'
1606305505.9331388 [subscriber-2] [INFO] [subscriber]: Latency; '845646'
1606305505.9332740 [subscriber-2] [INFO] [subscriber]: Latency; '838378'
1606305505.9333985 [subscriber-2] [INFO] [subscriber]: Latency; '922380'
1606305505.9335167 [subscriber-2] [INFO] [subscriber]: Latency; '849944'
1606305505.9336331 [subscriber-2] [INFO] [subscriber]: Latency; '894848'
1606305505.9337490 [subscriber-2] [INFO] [subscriber]: Latency; '880440'
1606305505.9338636 [subscriber-2] [INFO] [subscriber]: Latency; '259945'
1606305505.9339764 [subscriber-2] [INFO] [subscriber]: Latency; '859948'
1606305505.9340916 [subscriber-2] [INFO] [subscriber]: Latency; '522467'
1606305505.9342046 [subscriber-2] [INFO] [subscriber]: Latency; '840624'
1606305505.9343176 [subscriber-2] [INFO] [subscriber]: Latency; '834619'
1606305505.9344301 [subscriber-2] [INFO] [subscriber]: Latency; '840473'
1606305505.9345438 [subscriber-2] [INFO] [subscriber]: Latency; '861617'
1606305505.9346559 [subscriber-2] [INFO] [subscriber]: Latency; '843570'
1606305505.9347687 [subscriber-2] [INFO] [subscriber]: Latency; '902425'
1606305505.9348795 [subscriber-2] [INFO] [subscriber]: Latency; '884323'
1606305505.9349911 [subscriber-2] [INFO] [subscriber]: Latency; '864443'
1606305505.9351029 [subscriber-2] [INFO] [subscriber]: Latency; '860595'
1606305505.9352157 [subscriber-2] [INFO] [subscriber]: Latency; '854520'
1606305505.9353273 [subscriber-2] [INFO] [subscriber]: Latency; '869130'
1606305505.9354384 [subscriber-2] [INFO] [subscriber]: Latency; '846050'
1606305505.9355500 [subscriber-2] [INFO] [subscriber]: Latency; '838290'
1606305505.9356635 [subscriber-2] [INFO] [subscriber]: Latency; '487465'
1606305505.9357765 [subscriber-2] [INFO] [subscriber]: Latency; '833627'
1606305505.9358878 [subscriber-2] [INFO] [subscriber]: Latency; '899509'
1606305505.9359989 [subscriber-2] [INFO] [subscriber]: Latency; '848818'
1606305505.9361105 [subscriber-2] [INFO] [subscriber]: Latency; '244940'
1606305505.9362211 [subscriber-2] [INFO] [subscriber]: Latency; '860133'
1606305505.9363327 [subscriber-2] [INFO] [subscriber]: Latency; '860129'
1606305505.9364452 [subscriber-2] [INFO] [subscriber]: Latency; '853659'
1606305505.9365757 [subscriber-2] [INFO] [subscriber]: Latency; '836038'
1606305505.9367127 [subscriber-2] [INFO] [subscriber]: Latency; '839500'
1606305505.9368279 [subscriber-2] [INFO] [subscriber]: Latency; '870915'
1606305505.9369395 [subscriber-2] [INFO] [subscriber]: Latency; '847714'
1606305505.9370503 [subscriber-2] [INFO] [subscriber]: Latency; '833461'
1606305505.9371610 [subscriber-2] [INFO] [subscriber]: Latency; '842219'
1606305505.9372723 [subscriber-2] [INFO] [subscriber]: Latency; '863450'
1606305505.9373534 [subscriber-2] [INFO] [subscriber]: Latency; '860031'
1606305505.9373722 [subscriber-2] [INFO] [subscriber]: Latency; '851317'
1606305505.9373908 [subscriber-2] [INFO] [subscriber]: Latency; '855966'
1606305505.9374096 [subscriber-2] [INFO] [subscriber]: Latency; '848698'
1606305505.9374282 [subscriber-2] [INFO] [subscriber]: Latency; '310058'
1606305505.9374471 [subscriber-2] [INFO] [subscriber]: Latency; '957238'
1606305505.9374659 [subscriber-2] [INFO] [subscriber]: Latency; '890230'
1606305505.9374845 [subscriber-2] [INFO] [subscriber]: Latency; '859200'
1606305505.9375036 [subscriber-2] [INFO] [subscriber]: Latency; '842575'
1606305505.9375222 [subscriber-2] [INFO] [subscriber]: Latency; '217814'
1606305505.9375410 [subscriber-2] [INFO] [subscriber]: Latency; '871429'
1606305505.9375598 [subscriber-2] [INFO] [subscriber]: Latency; '856634'
1606305505.9375784 [subscriber-2] [INFO] [subscriber]: Latency; '855271'
1606305505.9375975 [subscriber-2] [INFO] [subscriber]: Latency; '840986'
1606305505.9376161 [subscriber-2] [INFO] [subscriber]: Latency; '836048'
1606305505.9376347 [subscriber-2] [INFO] [subscriber]: Latency; '921149'
1606305505.9376533 [subscriber-2] [INFO] [subscriber]: Latency; '852817'
1606305505.9376719 [subscriber-2] [INFO] [subscriber]: Latency; '830993'
1606305505.9376907 [subscriber-2] [INFO] [subscriber]: Latency; '830097'
1606305505.9377093 [subscriber-2] [INFO] [subscriber]: Latency; '864532'
1606305505.9377277 [subscriber-2] [INFO] [subscriber]: Latency; '857336'
1606305505.9377465 [subscriber-2] [INFO] [subscriber]: Latency; '849883'
1606305505.9377654 [subscriber-2] [INFO] [subscriber]: Latency; '858697'
1606305505.9377840 [subscriber-2] [INFO] [subscriber]: Latency; '836219'
1606305505.9378028 [subscriber-2] [INFO] [subscriber]: Latency; '842343'
1606305505.9378211 [subscriber-2] [INFO] [subscriber]: Latency; '898117'
1606305505.9378400 [subscriber-2] [INFO] [subscriber]: Latency; '854788'
1606305505.9378588 [subscriber-2] [INFO] [subscriber]: Latency; '868149'
1606305505.9378777 [subscriber-2] [INFO] [subscriber]: Latency; '865570'
1606305505.9378967 [subscriber-2] [INFO] [subscriber]: Latency; '211197'
1606305505.9379153 [subscriber-2] [INFO] [subscriber]: Latency; '889051'
1606305505.9379344 [subscriber-2] [INFO] [subscriber]: Latency; '863753'
1606305505.9379530 [subscriber-2] [INFO] [subscriber]: Latency; '861379'
1606305505.9379718 [subscriber-2] [INFO] [subscriber]: Latency; '857316'
1606305505.9379904 [subscriber-2] [INFO] [subscriber]: Latency; '853429'
1606305505.9380090 [subscriber-2] [INFO] [subscriber]: Latency; '910657'
1606305505.9380281 [subscriber-2] [INFO] [subscriber]: Latency; '861080'
1606305505.9380467 [subscriber-2] [INFO] [subscriber]: Latency; '845667'
1606305505.9380653 [subscriber-2] [INFO] [subscriber]: Latency; '854812'
1606305505.9380844 [subscriber-2] [INFO] [subscriber]: Latency; '896877'
1606305505.9381030 [subscriber-2] [INFO] [subscriber]: Latency; '886253'
1606305505.9381220 [subscriber-2] [INFO] [subscriber]: Latency; '869251'
1606305505.9381409 [subscriber-2] [INFO] [subscriber]: Latency; '884370'
1606305505.9381599 [subscriber-2] [INFO] [subscriber]: Latency; '856572'
1606305505.9381788 [subscriber-2] [INFO] [subscriber]: Latency; '846969'
1606305505.9381979 [subscriber-2] [INFO] [subscriber]: Latency; '1035060'
1606305505.9382164 [subscriber-2] [INFO] [subscriber]: Latency; '874721'
1606305505.9382353 [subscriber-2] [INFO] [subscriber]: Latency; '881568'
1606305505.9382541 [subscriber-2] [INFO] [subscriber]: Latency; '873856'
1606305505.9382730 [subscriber-2] [INFO] [subscriber]: Latency; '209732'
1606305505.9382939 [subscriber-2] [INFO] [subscriber]: Latency; '888529'
1606305505.9383135 [subscriber-2] [INFO] [subscriber]: Latency; '865046'
1606305505.9383321 [subscriber-2] [INFO] [subscriber]: Latency; '860813'
1606305505.9383514 [subscriber-2] [INFO] [subscriber]: Latency; '854765'
1606305505.9383702 [subscriber-2] [INFO] [subscriber]: Latency; '844178'
1606305505.9383893 [subscriber-2] [INFO] [subscriber]: Latency; '912265'
1606305505.9384081 [subscriber-2] [INFO] [subscriber]: Latency; '857442'
1606305505.9384270 [subscriber-2] [INFO] [subscriber]: Latency; '844327'
1606305505.9384458 [subscriber-2] [INFO] [subscriber]: Latency; '896841'
1606305505.9384651 [subscriber-2] [INFO] [subscriber]: Latency; '1039700'
1606305505.9384837 [subscriber-2] [INFO] [subscriber]: Latency; '887027'
1606305505.9385026 [subscriber-2] [INFO] [subscriber]: Latency; '970914'
1606305505.9385216 [subscriber-2] [INFO] [subscriber]: Latency; '889832'
1606305505.9385405 [subscriber-2] [INFO] [subscriber]: Latency; '878585'
1606305505.9385598 [subscriber-2] [INFO] [subscriber]: Latency; '862515'
1606305505.9385786 [subscriber-2] [INFO] [subscriber]: Latency; '940861'
1606305516.4328327 [subscriber-2] [INFO] [subscriber]: Latency; '881292'
1606305516.4331079 [subscriber-2] [INFO] [subscriber]: Latency; '872104'
1606305516.4332693 [subscriber-2] [INFO] [subscriber]: Latency; '867874'
1606305516.4334033 [subscriber-2] [INFO] [subscriber]: Latency; '200383'
1606305516.4335239 [subscriber-2] [INFO] [subscriber]: Latency; '897887'
1606305516.4336419 [subscriber-2] [INFO] [subscriber]: Latency; '252394'
1606305516.4337564 [subscriber-2] [INFO] [subscriber]: Latency; '906593'
1606305516.4338706 [subscriber-2] [INFO] [subscriber]: Latency; '866718'
1606305516.4339821 [subscriber-2] [INFO] [subscriber]: Latency; '858667'
1606305516.4340930 [subscriber-2] [INFO] [subscriber]: Latency; '955984'
1606305516.4342048 [subscriber-2] [INFO] [subscriber]: Latency; '871561'
1606305516.4343190 [subscriber-2] [INFO] [subscriber]: Latency; '848630'
1606305516.4344299 [subscriber-2] [INFO] [subscriber]: Latency; '871694'
1606305516.4345427 [subscriber-2] [INFO] [subscriber]: Latency; '892804'
1606305516.4346535 [subscriber-2] [INFO] [subscriber]: Latency; '880497'
1606305516.4347641 [subscriber-2] [INFO] [subscriber]: Latency; '874736'
1606305516.4348755 [subscriber-2] [INFO] [subscriber]: Latency; '894361'
1606305516.4349875 [subscriber-2] [INFO] [subscriber]: Latency; '871871'
1606305516.4350989 [subscriber-2] [INFO] [subscriber]: Latency; '898574'
1606305516.4352105 [subscriber-2] [INFO] [subscriber]: Latency; '298215'
1606305516.4353206 [subscriber-2] [INFO] [subscriber]: Latency; '882005'
1606305516.4354322 [subscriber-2] [INFO] [subscriber]: Latency; '898318'
1606305516.4355426 [subscriber-2] [INFO] [subscriber]: Latency; '893178'
1606305516.4356523 [subscriber-2] [INFO] [subscriber]: Latency; '890230'
1606305516.4357629 [subscriber-2] [INFO] [subscriber]: Latency; '922133'
1606305516.4358728 [subscriber-2] [INFO] [subscriber]: Latency; '890855'
1606305516.4359832 [subscriber-2] [INFO] [subscriber]: Latency; '869146'
1606305516.4360933 [subscriber-2] [INFO] [subscriber]: Latency; '878706'
1606305516.4362032 [subscriber-2] [INFO] [subscriber]: Latency; '876717'
1606305516.4363134 [subscriber-2] [INFO] [subscriber]: Latency; '907974'
1606305516.4364223 [subscriber-2] [INFO] [subscriber]: Latency; '896623'
1606305516.4365327 [subscriber-2] [INFO] [subscriber]: Latency; '881430'
1606305516.4366691 [subscriber-2] [INFO] [subscriber]: Latency; '863104'
1606305516.4367821 [subscriber-2] [INFO] [subscriber]: Latency; '900516'
1606305516.4368932 [subscriber-2] [INFO] [subscriber]: Latency; '897350'
1606305516.4370043 [subscriber-2] [INFO] [subscriber]: Latency; '886030'
1606305516.4371154 [subscriber-2] [INFO] [subscriber]: Latency; '898728'
1606305516.4372256 [subscriber-2] [INFO] [subscriber]: Latency; '877906'
1606305516.4373353 [subscriber-2] [INFO] [subscriber]: Latency; '871646'
1606305516.4374459 [subscriber-2] [INFO] [subscriber]: Latency; '285365'
1606305516.4375746 [subscriber-2] [INFO] [subscriber]: Latency; '883607'
1606305516.4376338 [subscriber-2] [INFO] [subscriber]: Latency; '865288'
1606305516.4376521 [subscriber-2] [INFO] [subscriber]: Latency; '356588'
1606305516.4376707 [subscriber-2] [INFO] [subscriber]: Latency; '929973'
1606305516.4376888 [subscriber-2] [INFO] [subscriber]: Latency; '938687'
1606305516.4377069 [subscriber-2] [INFO] [subscriber]: Latency; '891386'
1606305516.4377251 [subscriber-2] [INFO] [subscriber]: Latency; '877451'
1606305516.4377434 [subscriber-2] [INFO] [subscriber]: Latency; '875570'
1606305516.4377615 [subscriber-2] [INFO] [subscriber]: Latency; '875307'
1606305516.4377799 [subscriber-2] [INFO] [subscriber]: Latency; '945786'
1606305516.4377983 [subscriber-2] [INFO] [subscriber]: Latency; '880250'
1606305516.4378166 [subscriber-2] [INFO] [subscriber]: Latency; '879464'
1606305516.4378350 [subscriber-2] [INFO] [subscriber]: Latency; '859084'
1606305516.4378533 [subscriber-2] [INFO] [subscriber]: Latency; '888009'
1606305516.4378719 [subscriber-2] [INFO] [subscriber]: Latency; '859223'
1606305516.4378901 [subscriber-2] [INFO] [subscriber]: Latency; '838365'
1606305516.4379082 [subscriber-2] [INFO] [subscriber]: Latency; '849066'
1606305516.4379263 [subscriber-2] [INFO] [subscriber]: Latency; '886919'
1606305516.4379444 [subscriber-2] [INFO] [subscriber]: Latency; '832283'
1606305516.4379625 [subscriber-2] [INFO] [subscriber]: Latency; '242613'
1606305516.4379807 [subscriber-2] [INFO] [subscriber]: Latency; '871937'
1606305516.4379985 [subscriber-2] [INFO] [subscriber]: Latency; '860455'
1606305516.4380167 [subscriber-2] [INFO] [subscriber]: Latency; '843503'
1606305516.4380348 [subscriber-2] [INFO] [subscriber]: Latency; '862046'
1606305516.4380529 [subscriber-2] [INFO] [subscriber]: Latency; '904334'
1606305516.4380710 [subscriber-2] [INFO] [subscriber]: Latency; '872298'
1606305516.4380891 [subscriber-2] [INFO] [subscriber]: Latency; '858823'
1606305516.4381075 [subscriber-2] [INFO] [subscriber]: Latency; '862200'
1606305516.4381256 [subscriber-2] [INFO] [subscriber]: Latency; '857117'
1606305516.4381440 [subscriber-2] [INFO] [subscriber]: Latency; '921607'
1606305516.4381618 [subscriber-2] [INFO] [subscriber]: Latency; '882165'
1606305516.4381802 [subscriber-2] [INFO] [subscriber]: Latency; '857800'
1606305516.4381981 [subscriber-2] [INFO] [subscriber]: Latency; '856586'
1606305516.4382162 [subscriber-2] [INFO] [subscriber]: Latency; '878087'
1606305516.4382343 [subscriber-2] [INFO] [subscriber]: Latency; '871152'
1606305516.4382522 [subscriber-2] [INFO] [subscriber]: Latency; '861605'
1606305516.4382701 [subscriber-2] [INFO] [subscriber]: Latency; '860308'
1606305516.4382887 [subscriber-2] [INFO] [subscriber]: Latency; '855383'
1606305516.4383066 [subscriber-2] [INFO] [subscriber]: Latency; '856383'
1606305516.4383245 [subscriber-2] [INFO] [subscriber]: Latency; '244609'
1606305516.4383426 [subscriber-2] [INFO] [subscriber]: Latency; '873377'
1606305516.4383602 [subscriber-2] [INFO] [subscriber]: Latency; '233102'
1606305516.4383786 [subscriber-2] [INFO] [subscriber]: Latency; '992311'
1606305516.4383965 [subscriber-2] [INFO] [subscriber]: Latency; '886791'
1606305516.4384146 [subscriber-2] [INFO] [subscriber]: Latency; '877922'
1606305516.4384327 [subscriber-2] [INFO] [subscriber]: Latency; '854058'
1606305516.4384511 [subscriber-2] [INFO] [subscriber]: Latency; '823048'
1606305516.4384692 [subscriber-2] [INFO] [subscriber]: Latency; '836699'
1606305516.4384873 [subscriber-2] [INFO] [subscriber]: Latency; '841175'
1606305516.4385052 [subscriber-2] [INFO] [subscriber]: Latency; '925034'
1606305516.4385233 [subscriber-2] [INFO] [subscriber]: Latency; '850939'
1606305516.4385419 [subscriber-2] [INFO] [subscriber]: Latency; '840620'
1606305516.4385602 [subscriber-2] [INFO] [subscriber]: Latency; '895931'
1606305516.4385786 [subscriber-2] [INFO] [subscriber]: Latency; '868271'
1606305516.4385967 [subscriber-2] [INFO] [subscriber]: Latency; '860290'
1606305516.4386148 [subscriber-2] [INFO] [subscriber]: Latency; '854335'
1606305516.4386353 [subscriber-2] [INFO] [subscriber]: Latency; '901529'
1606305516.4386542 [subscriber-2] [INFO] [subscriber]: Latency; '847395'
1606305516.4386725 [subscriber-2] [INFO] [subscriber]: Latency; '837906'
1606305516.4386909 [subscriber-2] [INFO] [subscriber]: Latency; '227690'
1606305516.4387090 [subscriber-2] [INFO] [subscriber]: Latency; '848202'
1606305516.4387271 [subscriber-2] [INFO] [subscriber]: Latency; '597229'
1606305516.4387457 [subscriber-2] [INFO] [subscriber]: Latency; '862334'
1606305516.4387643 [subscriber-2] [INFO] [subscriber]: Latency; '868146'
1606305516.4387827 [subscriber-2] [INFO] [subscriber]: Latency; '883585'
1606305526.9326231 [subscriber-2] [INFO] [subscriber]: Latency; '988030'
1606305526.9328876 [subscriber-2] [INFO] [subscriber]: Latency; '881653'
1606305526.9330459 [subscriber-2] [INFO] [subscriber]: Latency; '842364'
1606305526.9331779 [subscriber-2] [INFO] [subscriber]: Latency; '840027'
1606305526.9332986 [subscriber-2] [INFO] [subscriber]: Latency; '865755'
1606305526.9334145 [subscriber-2] [INFO] [subscriber]: Latency; '842729'
1606305526.9335287 [subscriber-2] [INFO] [subscriber]: Latency; '837614'
1606305526.9336429 [subscriber-2] [INFO] [subscriber]: Latency; '842662'
1606305526.9337559 [subscriber-2] [INFO] [subscriber]: Latency; '861653'
1606305526.9338689 [subscriber-2] [INFO] [subscriber]: Latency; '858458'
1606305526.9339814 [subscriber-2] [INFO] [subscriber]: Latency; '842670'
1606305526.9340932 [subscriber-2] [INFO] [subscriber]: Latency; '853384'
1606305526.9342043 [subscriber-2] [INFO] [subscriber]: Latency; '822478'
1606305526.9343159 [subscriber-2] [INFO] [subscriber]: Latency; '848729'
1606305526.9344275 [subscriber-2] [INFO] [subscriber]: Latency; '215455'
1606305526.9345381 [subscriber-2] [INFO] [subscriber]: Latency; '854994'
1606305526.9346502 [subscriber-2] [INFO] [subscriber]: Latency; '846429'
1606305526.9347625 [subscriber-2] [INFO] [subscriber]: Latency; '831210'
1606305526.9348743 [subscriber-2] [INFO] [subscriber]: Latency; '865147'
1606305526.9349866 [subscriber-2] [INFO] [subscriber]: Latency; '572676'
1606305526.9350982 [subscriber-2] [INFO] [subscriber]: Latency; '867829'
1606305526.9352090 [subscriber-2] [INFO] [subscriber]: Latency; '848872'
1606305526.9353201 [subscriber-2] [INFO] [subscriber]: Latency; '837918'
1606305526.9354312 [subscriber-2] [INFO] [subscriber]: Latency; '836888'
1606305526.9355409 [subscriber-2] [INFO] [subscriber]: Latency; '872290'
1606305526.9356508 [subscriber-2] [INFO] [subscriber]: Latency; '852522'
1606305526.9357595 [subscriber-2] [INFO] [subscriber]: Latency; '838191'
1606305526.9358695 [subscriber-2] [INFO] [subscriber]: Latency; '844693'
1606305526.9359779 [subscriber-2] [INFO] [subscriber]: Latency; '869764'
1606305526.9360869 [subscriber-2] [INFO] [subscriber]: Latency; '855055'
1606305526.9361954 [subscriber-2] [INFO] [subscriber]: Latency; '847556'
1606305526.9363048 [subscriber-2] [INFO] [subscriber]: Latency; '860575'
1606305526.9364147 [subscriber-2] [INFO] [subscriber]: Latency; '848776'
1606305526.9366307 [subscriber-2] [INFO] [subscriber]: Latency; '842765'
1606305526.9367702 [subscriber-2] [INFO] [subscriber]: Latency; '220835'
1606305526.9368947 [subscriber-2] [INFO] [subscriber]: Latency; '850646'
1606305526.9370131 [subscriber-2] [INFO] [subscriber]: Latency; '839019'
1606305526.9371297 [subscriber-2] [INFO] [subscriber]: Latency; '839041'
1606305526.9372447 [subscriber-2] [INFO] [subscriber]: Latency; '860747'
1606305526.9373579 [subscriber-2] [INFO] [subscriber]: Latency; '467071'
1606305526.9374726 [subscriber-2] [INFO] [subscriber]: Latency; '853673'
1606305526.9375865 [subscriber-2] [INFO] [subscriber]: Latency; '849396'
1606305526.9376993 [subscriber-2] [INFO] [subscriber]: Latency; '857461'
1606305526.9378133 [subscriber-2] [INFO] [subscriber]: Latency; '851438'
1606305526.9378726 [subscriber-2] [INFO] [subscriber]: Latency; '909432'
1606305526.9378917 [subscriber-2] [INFO] [subscriber]: Latency; '835839'
1606305526.9379110 [subscriber-2] [INFO] [subscriber]: Latency; '841881'
1606305526.9379342 [subscriber-2] [INFO] [subscriber]: Latency; '838402'
1606305526.9379537 [subscriber-2] [INFO] [subscriber]: Latency; '859869'
1606305526.9379730 [subscriber-2] [INFO] [subscriber]: Latency; '855140'
1606305526.9379923 [subscriber-2] [INFO] [subscriber]: Latency; '851796'
1606305526.9380114 [subscriber-2] [INFO] [subscriber]: Latency; '858579'
1606305526.9380305 [subscriber-2] [INFO] [subscriber]: Latency; '860837'
1606305526.9380498 [subscriber-2] [INFO] [subscriber]: Latency; '837334'
1606305526.9380686 [subscriber-2] [INFO] [subscriber]: Latency; '858629'
1606305526.9380879 [subscriber-2] [INFO] [subscriber]: Latency; '854986'
1606305526.9381073 [subscriber-2] [INFO] [subscriber]: Latency; '840674'
1606305526.9381261 [subscriber-2] [INFO] [subscriber]: Latency; '828286'
1606305526.9381456 [subscriber-2] [INFO] [subscriber]: Latency; '867535'
1606305526.9381645 [subscriber-2] [INFO] [subscriber]: Latency; '392805'
1606305526.9381833 [subscriber-2] [INFO] [subscriber]: Latency; '848788'
1606305526.9382024 [subscriber-2] [INFO] [subscriber]: Latency; '836276'
1606305526.9382212 [subscriber-2] [INFO] [subscriber]: Latency; '845045'
1606305526.9382403 [subscriber-2] [INFO] [subscriber]: Latency; '844650'
1606305526.9382591 [subscriber-2] [INFO] [subscriber]: Latency; '903943'
1606305526.9382782 [subscriber-2] [INFO] [subscriber]: Latency; '842718'
1606305526.9382973 [subscriber-2] [INFO] [subscriber]: Latency; '852151'
1606305526.9383161 [subscriber-2] [INFO] [subscriber]: Latency; '823763'
1606305526.9383349 [subscriber-2] [INFO] [subscriber]: Latency; '844546'
1606305526.9383540 [subscriber-2] [INFO] [subscriber]: Latency; '858694'
1606305526.9383729 [subscriber-2] [INFO] [subscriber]: Latency; '845569'
1606305526.9383919 [subscriber-2] [INFO] [subscriber]: Latency; '851156'
1606305526.9384108 [subscriber-2] [INFO] [subscriber]: Latency; '838164'
1606305526.9384296 [subscriber-2] [INFO] [subscriber]: Latency; '834848'
1606305526.9384489 [subscriber-2] [INFO] [subscriber]: Latency; '860783'
1606305526.9384677 [subscriber-2] [INFO] [subscriber]: Latency; '883914'
1606305526.9384868 [subscriber-2] [INFO] [subscriber]: Latency; '843849'
1606305526.9385056 [subscriber-2] [INFO] [subscriber]: Latency; '833280'
1606305526.9385247 [subscriber-2] [INFO] [subscriber]: Latency; '865914'
1606305526.9385436 [subscriber-2] [INFO] [subscriber]: Latency; '381157'
1606305526.9385624 [subscriber-2] [INFO] [subscriber]: Latency; '859157'
1606305526.9385812 [subscriber-2] [INFO] [subscriber]: Latency; '881180'
1606305526.9386005 [subscriber-2] [INFO] [subscriber]: Latency; '857707'
1606305526.9386191 [subscriber-2] [INFO] [subscriber]: Latency; '857644'
1606305526.9386380 [subscriber-2] [INFO] [subscriber]: Latency; '967497'
1606305526.9386570 [subscriber-2] [INFO] [subscriber]: Latency; '831227'
1606305526.9386759 [subscriber-2] [INFO] [subscriber]: Latency; '836985'
1606305526.9386947 [subscriber-2] [INFO] [subscriber]: Latency; '841056'
1606305526.9387136 [subscriber-2] [INFO] [subscriber]: Latency; '883169'
1606305526.9387324 [subscriber-2] [INFO] [subscriber]: Latency; '875502'
1606305526.9387512 [subscriber-2] [INFO] [subscriber]: Latency; '852868'
1606305526.9387696 [subscriber-2] [INFO] [subscriber]: Latency; '875707'
1606305526.9387887 [subscriber-2] [INFO] [subscriber]: Latency; '799498'
1606305526.9388070 [subscriber-2] [INFO] [subscriber]: Latency; '857665'
1606305526.9388258 [subscriber-2] [INFO] [subscriber]: Latency; '946298'
1606305526.9388444 [subscriber-2] [INFO] [subscriber]: Latency; '870903'
1606305526.9388628 [subscriber-2] [INFO] [subscriber]: Latency; '845976'
1606305526.9388816 [subscriber-2] [INFO] [subscriber]: Latency; '842311'
1606305526.9389002 [subscriber-2] [INFO] [subscriber]: Latency; '843898'
1606305526.9389186 [subscriber-2] [INFO] [subscriber]: Latency; '312425'
1606305526.9389372 [subscriber-2] [INFO] [subscriber]: Latency; '930493'
1606305526.9389558 [subscriber-2] [INFO] [subscriber]: Latency; '865504'
1606305526.9389739 [subscriber-2] [INFO] [subscriber]: Latency; '835656'
1606305526.9389946 [subscriber-2] [INFO] [subscriber]: Latency; '837723'
1606305526.9390137 [subscriber-2] [INFO] [subscriber]: Latency; '861937'
1606305708.8716099 [WARNING] [launch]: user interrupted with ctrl-c (SIGINT)
1606305709.5364752 [INFO] [publisher-1]: process has finished cleanly [pid 14641]
1606305709.5365925 [INFO] [subscriber-2]: process has finished cleanly [pid 14642]
1606305709.5367773 [subscriber-2] [INFO] [subscriber]: Latency; '847106'
1606305709.5368145 [subscriber-2] [INFO] [subscriber]: Latency; '851778'
1606305709.5368426 [subscriber-2] [INFO] [subscriber]: Latency; '831502'
1606305709.5368674 [subscriber-2] [INFO] [subscriber]: Latency; '860943'
1606305709.5368903 [subscriber-2] [INFO] [subscriber]: Latency; '856051'
1606305709.5369127 [subscriber-2] [INFO] [subscriber]: Latency; '851500'
1606305709.5369341 [subscriber-2] [INFO] [subscriber]: Latency; '871231'
1606305709.5369556 [subscriber-2] [INFO] [subscriber]: Latency; '870046'
1606305709.5369768 [subscriber-2] [INFO] [subscriber]: Latency; '838259'
1606305709.5369985 [subscriber-2] [INFO] [subscriber]: Latency; '897041'
1606305709.5370195 [subscriber-2] [INFO] [subscriber]: Latency; '864913'
1606305709.5370409 [subscriber-2] [INFO] [subscriber]: Latency; '318341'
1606305709.5370622 [subscriber-2] [INFO] [subscriber]: Latency; '873471'
1606305709.5370836 [subscriber-2] [INFO] [subscriber]: Latency; '866347'
1606305709.5371051 [subscriber-2] [INFO] [subscriber]: Latency; '917183'
1606305709.5371399 [subscriber-2] [INFO] [subscriber]: Latency; '882539'
1606305709.5371630 [subscriber-2] [INFO] [subscriber]: Latency; '849075'
1606305709.5371861 [subscriber-2] [INFO] [subscriber]: Latency; '834116'
1606305709.5372088 [subscriber-2] [INFO] [subscriber]: Latency; '836104'
1606305709.5372317 [subscriber-2] [INFO] [subscriber]: Latency; '876388'
1606305709.5372546 [subscriber-2] [INFO] [subscriber]: Latency; '849347'
1606305709.5372775 [subscriber-2] [INFO] [subscriber]: Latency; '841149'
1606305709.5373001 [subscriber-2] [INFO] [subscriber]: Latency; '901489'
1606305709.5373232 [subscriber-2] [INFO] [subscriber]: Latency; '859819'
1606305709.5373461 [subscriber-2] [INFO] [subscriber]: Latency; '861074'
1606305709.5373695 [subscriber-2] [INFO] [subscriber]: Latency; '846571'
1606305709.5373929 [subscriber-2] [INFO] [subscriber]: Latency; '842644'
1606305709.5374162 [subscriber-2] [INFO] [subscriber]: Latency; '853961'
1606305709.5374393 [subscriber-2] [INFO] [subscriber]: Latency; '328105'
1606305709.5374622 [subscriber-2] [INFO] [subscriber]: Latency; '928720'
1606305709.5374854 [subscriber-2] [INFO] [subscriber]: Latency; '952753'
1606305709.5375087 [subscriber-2] [INFO] [subscriber]: Latency; '852874'
1606305709.5375321 [subscriber-2] [INFO] [subscriber]: Latency; '836651'
1606305709.5375550 [subscriber-2] [INFO] [subscriber]: Latency; '864588'
1606305709.5375776 [subscriber-2] [INFO] [subscriber]: Latency; '261830'
1606305709.5376008 [subscriber-2] [INFO] [subscriber]: Latency; '907335'
1606305709.5376239 [subscriber-2] [INFO] [subscriber]: Latency; '841686'
1606305709.5376468 [subscriber-2] [INFO] [subscriber]: Latency; '838663'
1606305709.5376697 [subscriber-2] [INFO] [subscriber]: Latency; '835556'
1606305709.5376923 [subscriber-2] [INFO] [subscriber]: Latency; '1027103'
1606305709.5377150 [subscriber-2] [INFO] [subscriber]: Latency; '848919'
1606305709.5377378 [subscriber-2] [INFO] [subscriber]: Latency; '837238'
1606305709.5377605 [subscriber-2] [INFO] [subscriber]: Latency; '826594'
1606305709.5377834 [subscriber-2] [INFO] [subscriber]: Latency; '847932'
1606305709.5378058 [subscriber-2] [INFO] [subscriber]: Latency; '840363'
1606305709.5378287 [subscriber-2] [INFO] [subscriber]: Latency; '856254'
1606305709.5378509 [subscriber-2] [INFO] [subscriber]: Latency; '842035'
1606305709.5378737 [subscriber-2] [INFO] [subscriber]: Latency; '858284'
1606305709.5378962 [subscriber-2] [INFO] [subscriber]: Latency; '840759'
1606305709.5379188 [subscriber-2] [INFO] [subscriber]: Latency; '871398'
1606305709.5379410 [subscriber-2] [INFO] [subscriber]: Latency; '884488'
1606305709.5379694 [subscriber-2] [INFO] [subscriber]: Latency; '849383'
1606305709.5379930 [subscriber-2] [INFO] [subscriber]: Latency; '857992'
1606305709.5380156 [subscriber-2] [INFO] [subscriber]: Latency; '844158'
1606305709.5380378 [subscriber-2] [INFO] [subscriber]: Latency; '241284'
1606305709.5380602 [subscriber-2] [INFO] [rclcpp]: signal_handler(signal_value=2)
