1606306429.5850267 [INFO] [launch]: All log files can be found below /home/daichi/.ros/log/2020-11-25-21-13-49-579884-zeus-23285
1606306429.5851555 [INFO] [launch]: Default logging verbosity is set to INFO
1606306429.5997815 [INFO] [publisher-1]: process started with pid [23295]
1606306429.6000128 [INFO] [subscriber-2]: process started with pid [23296]
1606306429.6029611 [subscriber-2] [0;90m2020-11-25 21:13:49.602 [0;1;96m[ Debug ][m: Application registered management segment 0x7f251b47b000 with size 82628544 to id 1
1606306429.6033902 [subscriber-2] [0;90m2020-11-25 21:13:49.603 [0;1;92m[ Info  ][m: Application registered payload segment 0x7f2512383000 with size 149655680 to id 2
1606306429.6049559 [subscriber-2] [0;90m2020-11-25 21:13:49.604 [0;1;93m[Warning][m: Cache size for subscribe too large 1000, limiting to MAX_SUBSCRIBER_QUEUE_CAPACITY = 256
1606306439.8563282 [subscriber-2] [INFO] [subscriber]: Latency; '2284818'
1606306439.8564024 [subscriber-2] [INFO] [subscriber]: Latency; '1642415'
1606306439.8564303 [subscriber-2] [INFO] [subscriber]: Latency; '1168311'
1606306439.8564529 [subscriber-2] [INFO] [subscriber]: Latency; '1192880'
1606306439.8564737 [subscriber-2] [INFO] [subscriber]: Latency; '1135190'
1606306439.8564935 [subscriber-2] [INFO] [subscriber]: Latency; '1406523'
1606306439.8565133 [subscriber-2] [INFO] [subscriber]: Latency; '1191669'
1606306439.8565323 [subscriber-2] [INFO] [subscriber]: Latency; '1142576'
1606306439.8565617 [subscriber-2] [INFO] [subscriber]: Latency; '1197460'
1606306439.8565826 [subscriber-2] [INFO] [subscriber]: Latency; '1167624'
1606306439.8566020 [subscriber-2] [INFO] [subscriber]: Latency; '1147078'
1606306439.8566210 [subscriber-2] [INFO] [subscriber]: Latency; '1390775'
1606306439.8566403 [subscriber-2] [INFO] [subscriber]: Latency; '1224286'
1606306439.8566589 [subscriber-2] [INFO] [subscriber]: Latency; '1146619'
1606306439.8566775 [subscriber-2] [INFO] [subscriber]: Latency; '1141120'
1606306439.8566964 [subscriber-2] [INFO] [subscriber]: Latency; '1283280'
1606306439.8567150 [subscriber-2] [INFO] [subscriber]: Latency; '1179735'
1606306439.8567340 [subscriber-2] [INFO] [subscriber]: Latency; '1145033'
1606306439.8567529 [subscriber-2] [INFO] [subscriber]: Latency; '1193724'
1606306439.8567715 [subscriber-2] [INFO] [subscriber]: Latency; '1155353'
1606306439.8567905 [subscriber-2] [INFO] [subscriber]: Latency; '1153753'
1606306439.8568094 [subscriber-2] [INFO] [subscriber]: Latency; '1382333'
1606306439.8568285 [subscriber-2] [INFO] [subscriber]: Latency; '1266542'
1606306439.8568470 [subscriber-2] [INFO] [subscriber]: Latency; '1215775'
1606306439.8568664 [subscriber-2] [INFO] [subscriber]: Latency; '1182583'
1606306439.8568850 [subscriber-2] [INFO] [subscriber]: Latency; '1178029'
1606306439.8569043 [subscriber-2] [INFO] [subscriber]: Latency; '1138983'
1606306439.8569231 [subscriber-2] [INFO] [subscriber]: Latency; '1163250'
1606306439.8569419 [subscriber-2] [INFO] [subscriber]: Latency; '1185522'
1606306439.8569608 [subscriber-2] [INFO] [subscriber]: Latency; '1148386'
1606306439.8569801 [subscriber-2] [INFO] [subscriber]: Latency; '1158145'
1606306439.8569989 [subscriber-2] [INFO] [subscriber]: Latency; '1168279'
1606306439.8570178 [subscriber-2] [INFO] [subscriber]: Latency; '1167368'
1606306439.8570366 [subscriber-2] [INFO] [subscriber]: Latency; '1140286'
1606306439.8570554 [subscriber-2] [INFO] [subscriber]: Latency; '1133192'
1606306439.8570743 [subscriber-2] [INFO] [subscriber]: Latency; '1202354'
1606306439.8570931 [subscriber-2] [INFO] [subscriber]: Latency; '1152147'
1606306439.8571117 [subscriber-2] [INFO] [subscriber]: Latency; '1128066'
1606306439.8571305 [subscriber-2] [INFO] [subscriber]: Latency; '1177417'
1606306439.8571491 [subscriber-2] [INFO] [subscriber]: Latency; '1188266'
1606306439.8571680 [subscriber-2] [INFO] [subscriber]: Latency; '1146516'
1606306439.8571863 [subscriber-2] [INFO] [subscriber]: Latency; '1261612'
1606306439.8572052 [subscriber-2] [INFO] [subscriber]: Latency; '1210814'
1606306439.8572240 [subscriber-2] [INFO] [subscriber]: Latency; '1133066'
1606306439.8572466 [subscriber-2] [INFO] [subscriber]: Latency; '1186294'
1606306439.8572667 [subscriber-2] [INFO] [subscriber]: Latency; '1175062'
1606306439.8572857 [subscriber-2] [INFO] [subscriber]: Latency; '1135439'
1606306439.8573046 [subscriber-2] [INFO] [subscriber]: Latency; '1184606'
1606306439.8573232 [subscriber-2] [INFO] [subscriber]: Latency; '1195508'
1606306439.8573420 [subscriber-2] [INFO] [subscriber]: Latency; '1228697'
1606306439.8573606 [subscriber-2] [INFO] [subscriber]: Latency; '1131133'
1606306439.8573794 [subscriber-2] [INFO] [subscriber]: Latency; '1211660'
1606306439.8573978 [subscriber-2] [INFO] [subscriber]: Latency; '1189770'
1606306439.8574162 [subscriber-2] [INFO] [subscriber]: Latency; '1156403'
1606306439.8574345 [subscriber-2] [INFO] [subscriber]: Latency; '1125561'
1606306439.8574531 [subscriber-2] [INFO] [subscriber]: Latency; '1202056'
1606306439.8574717 [subscriber-2] [INFO] [subscriber]: Latency; '1130599'
1606306439.8574901 [subscriber-2] [INFO] [subscriber]: Latency; '1129054'
1606306439.8575089 [subscriber-2] [INFO] [subscriber]: Latency; '1182482'
1606306439.8575277 [subscriber-2] [INFO] [subscriber]: Latency; '1133982'
1606306439.8575463 [subscriber-2] [INFO] [subscriber]: Latency; '1162680'
1606306439.8575652 [subscriber-2] [INFO] [subscriber]: Latency; '1163396'
1606306439.8575838 [subscriber-2] [INFO] [subscriber]: Latency; '1182933'
1606306439.8576026 [subscriber-2] [INFO] [subscriber]: Latency; '1192756'
1606306439.8576212 [subscriber-2] [INFO] [subscriber]: Latency; '1120573'
1606306439.8576403 [subscriber-2] [INFO] [subscriber]: Latency; '1195841'
1606306439.8576586 [subscriber-2] [INFO] [subscriber]: Latency; '1140842'
1606306439.8576770 [subscriber-2] [INFO] [subscriber]: Latency; '1128750'
1606306439.8576958 [subscriber-2] [INFO] [subscriber]: Latency; '1157440'
1606306439.8577142 [subscriber-2] [INFO] [subscriber]: Latency; '1147813'
1606306439.8577328 [subscriber-2] [INFO] [subscriber]: Latency; '1156806'
1606306439.8577514 [subscriber-2] [INFO] [subscriber]: Latency; '1209976'
1606306439.8577697 [subscriber-2] [INFO] [subscriber]: Latency; '1232305'
1606306439.8577878 [subscriber-2] [INFO] [subscriber]: Latency; '1132211'
1606306439.8578064 [subscriber-2] [INFO] [subscriber]: Latency; '1140260'
1606306439.8578248 [subscriber-2] [INFO] [subscriber]: Latency; '1276723'
1606306439.8578432 [subscriber-2] [INFO] [subscriber]: Latency; '1156874'
1606306439.8578615 [subscriber-2] [INFO] [subscriber]: Latency; '1132595'
1606306439.8578801 [subscriber-2] [INFO] [subscriber]: Latency; '1190012'
1606306439.8578987 [subscriber-2] [INFO] [subscriber]: Latency; '1149264'
1606306439.8579175 [subscriber-2] [INFO] [subscriber]: Latency; '1144213'
1606306439.8579361 [subscriber-2] [INFO] [subscriber]: Latency; '1199557'
1606306439.8579545 [subscriber-2] [INFO] [subscriber]: Latency; '1151103'
1606306439.8579731 [subscriber-2] [INFO] [subscriber]: Latency; '1138753'
1606306439.8579917 [subscriber-2] [INFO] [subscriber]: Latency; '1139704'
1606306439.8580103 [subscriber-2] [INFO] [subscriber]: Latency; '1156879'
1606306439.8580289 [subscriber-2] [INFO] [subscriber]: Latency; '1132987'
1606306439.8580472 [subscriber-2] [INFO] [subscriber]: Latency; '1160331'
1606306439.8580656 [subscriber-2] [INFO] [subscriber]: Latency; '1124217'
1606306439.8580842 [subscriber-2] [INFO] [subscriber]: Latency; '1154252'
1606306439.8581026 [subscriber-2] [INFO] [subscriber]: Latency; '1171608'
1606306439.8581207 [subscriber-2] [INFO] [subscriber]: Latency; '1125856'
1606306439.8581393 [subscriber-2] [INFO] [subscriber]: Latency; '1161621'
1606306439.8581579 [subscriber-2] [INFO] [subscriber]: Latency; '1124720'
1606306439.8581765 [subscriber-2] [INFO] [subscriber]: Latency; '1130202'
1606306439.8581953 [subscriber-2] [INFO] [subscriber]: Latency; '1159994'
1606306439.8582137 [subscriber-2] [INFO] [subscriber]: Latency; '1167914'
1606306439.8582320 [subscriber-2] [INFO] [subscriber]: Latency; '1128227'
1606306439.8582509 [subscriber-2] [INFO] [subscriber]: Latency; '1186535'
1606306439.8582711 [subscriber-2] [INFO] [subscriber]: Latency; '1144506'
1606306439.8582904 [subscriber-2] [INFO] [subscriber]: Latency; '1138550'
1606306439.8583090 [subscriber-2] [INFO] [subscriber]: Latency; '1330660'
1606306450.0559201 [subscriber-2] [INFO] [subscriber]: Latency; '1292460'
1606306450.0559895 [subscriber-2] [INFO] [subscriber]: Latency; '1188388'
1606306450.0560179 [subscriber-2] [INFO] [subscriber]: Latency; '1567591'
1606306450.0560427 [subscriber-2] [INFO] [subscriber]: Latency; '1250523'
1606306450.0560663 [subscriber-2] [INFO] [subscriber]: Latency; '1266692'
1606306450.0560889 [subscriber-2] [INFO] [subscriber]: Latency; '1130126'
1606306450.0561104 [subscriber-2] [INFO] [subscriber]: Latency; '1206124'
1606306450.0561321 [subscriber-2] [INFO] [subscriber]: Latency; '1123264'
1606306450.0561535 [subscriber-2] [INFO] [subscriber]: Latency; '1140056'
1606306450.0561745 [subscriber-2] [INFO] [subscriber]: Latency; '1234290'
1606306450.0561955 [subscriber-2] [INFO] [subscriber]: Latency; '1179797'
1606306450.0562165 [subscriber-2] [INFO] [subscriber]: Latency; '1165292'
1606306450.0562372 [subscriber-2] [INFO] [subscriber]: Latency; '1146675'
1606306450.0562580 [subscriber-2] [INFO] [subscriber]: Latency; '1177101'
1606306450.0562785 [subscriber-2] [INFO] [subscriber]: Latency; '1133407'
1606306450.0562992 [subscriber-2] [INFO] [subscriber]: Latency; '1137672'
1606306450.0563195 [subscriber-2] [INFO] [subscriber]: Latency; '1176891'
1606306450.0563395 [subscriber-2] [INFO] [subscriber]: Latency; '1136728'
1606306450.0563598 [subscriber-2] [INFO] [subscriber]: Latency; '1149392'
1606306450.0563798 [subscriber-2] [INFO] [subscriber]: Latency; '1185595'
1606306450.0564003 [subscriber-2] [INFO] [subscriber]: Latency; '1187847'
1606306450.0564206 [subscriber-2] [INFO] [subscriber]: Latency; '1185016'
1606306450.0564411 [subscriber-2] [INFO] [subscriber]: Latency; '1138916'
1606306450.0564613 [subscriber-2] [INFO] [subscriber]: Latency; '1176137'
1606306450.0564818 [subscriber-2] [INFO] [subscriber]: Latency; '1137249'
1606306450.0565021 [subscriber-2] [INFO] [subscriber]: Latency; '1128597'
1606306450.0565226 [subscriber-2] [INFO] [subscriber]: Latency; '1181863'
1606306450.0565493 [subscriber-2] [INFO] [subscriber]: Latency; '1160958'
1606306450.0565751 [subscriber-2] [INFO] [subscriber]: Latency; '1130701'
1606306450.0565951 [subscriber-2] [INFO] [subscriber]: Latency; '1215541'
1606306450.0566142 [subscriber-2] [INFO] [subscriber]: Latency; '1181091'
1606306450.0566328 [subscriber-2] [INFO] [subscriber]: Latency; '1132033'
1606306450.0566514 [subscriber-2] [INFO] [subscriber]: Latency; '1113472'
1606306450.0566700 [subscriber-2] [INFO] [subscriber]: Latency; '1166515'
1606306450.0566883 [subscriber-2] [INFO] [subscriber]: Latency; '1119144'
1606306450.0567071 [subscriber-2] [INFO] [subscriber]: Latency; '1151935'
1606306450.0567257 [subscriber-2] [INFO] [subscriber]: Latency; '1165421'
1606306450.0567441 [subscriber-2] [INFO] [subscriber]: Latency; '1136551'
1606306450.0567627 [subscriber-2] [INFO] [subscriber]: Latency; '1132370'
1606306450.0567813 [subscriber-2] [INFO] [subscriber]: Latency; '1199555'
1606306450.0567999 [subscriber-2] [INFO] [subscriber]: Latency; '1158050'
1606306450.0568185 [subscriber-2] [INFO] [subscriber]: Latency; '1129696'
1606306450.0568368 [subscriber-2] [INFO] [subscriber]: Latency; '1190289'
1606306450.0568552 [subscriber-2] [INFO] [subscriber]: Latency; '1158329'
1606306450.0568738 [subscriber-2] [INFO] [subscriber]: Latency; '1126848'
1606306450.0568919 [subscriber-2] [INFO] [subscriber]: Latency; '1136209'
1606306450.0569103 [subscriber-2] [INFO] [subscriber]: Latency; '1181376'
1606306450.0569284 [subscriber-2] [INFO] [subscriber]: Latency; '1137588'
1606306450.0569470 [subscriber-2] [INFO] [subscriber]: Latency; '1137522'
1606306450.0569654 [subscriber-2] [INFO] [subscriber]: Latency; '1225513'
1606306450.0569837 [subscriber-2] [INFO] [subscriber]: Latency; '1171822'
1606306450.0570021 [subscriber-2] [INFO] [subscriber]: Latency; '1136198'
1606306450.0570202 [subscriber-2] [INFO] [subscriber]: Latency; '1125023'
1606306450.0570419 [subscriber-2] [INFO] [subscriber]: Latency; '1178978'
1606306450.0570612 [subscriber-2] [INFO] [subscriber]: Latency; '1142747'
1606306450.0570798 [subscriber-2] [INFO] [subscriber]: Latency; '1128640'
1606306450.0570979 [subscriber-2] [INFO] [subscriber]: Latency; '1171607'
1606306450.0571163 [subscriber-2] [INFO] [subscriber]: Latency; '1150827'
1606306450.0571346 [subscriber-2] [INFO] [subscriber]: Latency; '1142282'
1606306450.0571530 [subscriber-2] [INFO] [subscriber]: Latency; '1184964'
1606306450.0571718 [subscriber-2] [INFO] [subscriber]: Latency; '1177310'
1606306450.0571902 [subscriber-2] [INFO] [subscriber]: Latency; '1127872'
1606306450.0572088 [subscriber-2] [INFO] [subscriber]: Latency; '1153286'
1606306450.0572274 [subscriber-2] [INFO] [subscriber]: Latency; '1152546'
1606306450.0572460 [subscriber-2] [INFO] [subscriber]: Latency; '1135888'
1606306450.0572643 [subscriber-2] [INFO] [subscriber]: Latency; '1124748'
1606306450.0572829 [subscriber-2] [INFO] [subscriber]: Latency; '1174265'
1606306450.0573013 [subscriber-2] [INFO] [subscriber]: Latency; '1132563'
1606306450.0573194 [subscriber-2] [INFO] [subscriber]: Latency; '1127126'
1606306450.0573375 [subscriber-2] [INFO] [subscriber]: Latency; '1182226'
1606306450.0573559 [subscriber-2] [INFO] [subscriber]: Latency; '1165772'
1606306450.0573740 [subscriber-2] [INFO] [subscriber]: Latency; '1135630'
1606306450.0573924 [subscriber-2] [INFO] [subscriber]: Latency; '1131598'
1606306450.0574105 [subscriber-2] [INFO] [subscriber]: Latency; '1244525'
1606306450.0574288 [subscriber-2] [INFO] [subscriber]: Latency; '1153951'
1606306450.0574470 [subscriber-2] [INFO] [subscriber]: Latency; '1134937'
1606306450.0574651 [subscriber-2] [INFO] [subscriber]: Latency; '1175144'
1606306450.0574832 [subscriber-2] [INFO] [subscriber]: Latency; '1137722'
1606306450.0575018 [subscriber-2] [INFO] [subscriber]: Latency; '1150537'
1606306450.0575199 [subscriber-2] [INFO] [subscriber]: Latency; '1178762'
1606306450.0575380 [subscriber-2] [INFO] [subscriber]: Latency; '1145690'
1606306450.0575562 [subscriber-2] [INFO] [subscriber]: Latency; '1128289'
1606306450.0575745 [subscriber-2] [INFO] [subscriber]: Latency; '1125442'
1606306450.0575929 [subscriber-2] [INFO] [subscriber]: Latency; '1159103'
1606306450.0576110 [subscriber-2] [INFO] [subscriber]: Latency; '1134455'
1606306450.0576293 [subscriber-2] [INFO] [subscriber]: Latency; '1124493'
1606306450.0576479 [subscriber-2] [INFO] [subscriber]: Latency; '1182321'
1606306450.0576661 [subscriber-2] [INFO] [subscriber]: Latency; '1159198'
1606306450.0576842 [subscriber-2] [INFO] [subscriber]: Latency; '1130880'
1606306450.0577025 [subscriber-2] [INFO] [subscriber]: Latency; '1190478'
1606306450.0577209 [subscriber-2] [INFO] [subscriber]: Latency; '1183015'
1606306450.0577393 [subscriber-2] [INFO] [subscriber]: Latency; '1132347'
1606306450.0577574 [subscriber-2] [INFO] [subscriber]: Latency; '1119296'
1606306450.0577755 [subscriber-2] [INFO] [subscriber]: Latency; '1177508'
1606306450.0577941 [subscriber-2] [INFO] [subscriber]: Latency; '1143062'
1606306450.0578120 [subscriber-2] [INFO] [subscriber]: Latency; '1123630'
1606306450.0578301 [subscriber-2] [INFO] [subscriber]: Latency; '1185819'
1606306450.0578482 [subscriber-2] [INFO] [subscriber]: Latency; '1138440'
1606306450.0578666 [subscriber-2] [INFO] [subscriber]: Latency; '1130328'
1606306450.0578849 [subscriber-2] [INFO] [subscriber]: Latency; '1180144'
1606306450.0579033 [subscriber-2] [INFO] [subscriber]: Latency; '1151098'
1606306450.0579219 [subscriber-2] [INFO] [subscriber]: Latency; '1122543'
1606306460.3639410 [subscriber-2] [INFO] [subscriber]: Latency; '1155281'
1606306460.3640106 [subscriber-2] [INFO] [subscriber]: Latency; '1179487'
1606306460.3640370 [subscriber-2] [INFO] [subscriber]: Latency; '1132584'
1606306460.3640594 [subscriber-2] [INFO] [subscriber]: Latency; '1132521'
1606306460.3640797 [subscriber-2] [INFO] [subscriber]: Latency; '1173999'
1606306460.3640995 [subscriber-2] [INFO] [subscriber]: Latency; '1128967'
1606306460.3641229 [subscriber-2] [INFO] [subscriber]: Latency; '1136829'
1606306460.3641427 [subscriber-2] [INFO] [subscriber]: Latency; '1243400'
1606306460.3641610 [subscriber-2] [INFO] [subscriber]: Latency; '1198965'
1606306460.3641798 [subscriber-2] [INFO] [subscriber]: Latency; '1145253'
1606306460.3641984 [subscriber-2] [INFO] [subscriber]: Latency; '1125584'
1606306460.3642166 [subscriber-2] [INFO] [subscriber]: Latency; '1160207'
1606306460.3642344 [subscriber-2] [INFO] [subscriber]: Latency; '1135867'
1606306460.3642523 [subscriber-2] [INFO] [subscriber]: Latency; '1153495'
1606306460.3642704 [subscriber-2] [INFO] [subscriber]: Latency; '1134852'
1606306460.3642881 [subscriber-2] [INFO] [subscriber]: Latency; '1175721'
1606306460.3643057 [subscriber-2] [INFO] [subscriber]: Latency; '1139645'
1606306460.3643234 [subscriber-2] [INFO] [subscriber]: Latency; '1166063'
1606306460.3643413 [subscriber-2] [INFO] [subscriber]: Latency; '1158488'
1606306460.3643589 [subscriber-2] [INFO] [subscriber]: Latency; '1137148'
1606306460.3643765 [subscriber-2] [INFO] [subscriber]: Latency; '1130411'
1606306460.3643944 [subscriber-2] [INFO] [subscriber]: Latency; '1158984'
1606306460.3644123 [subscriber-2] [INFO] [subscriber]: Latency; '1123074'
1606306460.3644304 [subscriber-2] [INFO] [subscriber]: Latency; '1119343'
1606306460.3644483 [subscriber-2] [INFO] [subscriber]: Latency; '1174186'
1606306460.3644662 [subscriber-2] [INFO] [subscriber]: Latency; '1133513'
1606306460.3644843 [subscriber-2] [INFO] [subscriber]: Latency; '1128034'
1606306460.3645020 [subscriber-2] [INFO] [subscriber]: Latency; '1199418'
1606306460.3645201 [subscriber-2] [INFO] [subscriber]: Latency; '1174391'
1606306460.3645380 [subscriber-2] [INFO] [subscriber]: Latency; '1125263'
1606306460.3645682 [subscriber-2] [INFO] [subscriber]: Latency; '1125210'
1606306460.3645875 [subscriber-2] [INFO] [subscriber]: Latency; '1164203'
1606306460.3646059 [subscriber-2] [INFO] [subscriber]: Latency; '1125171'
1606306460.3646245 [subscriber-2] [INFO] [subscriber]: Latency; '1137196'
1606306460.3646426 [subscriber-2] [INFO] [subscriber]: Latency; '1175733'
1606306460.3646607 [subscriber-2] [INFO] [subscriber]: Latency; '1139663'
1606306460.3646789 [subscriber-2] [INFO] [subscriber]: Latency; '1144959'
1606306460.3646975 [subscriber-2] [INFO] [subscriber]: Latency; '1145158'
1606306460.3647156 [subscriber-2] [INFO] [subscriber]: Latency; '1134060'
1606306460.3647339 [subscriber-2] [INFO] [subscriber]: Latency; '1130935'
1606306460.3647521 [subscriber-2] [INFO] [subscriber]: Latency; '1124700'
1606306460.3647707 [subscriber-2] [INFO] [subscriber]: Latency; '1206877'
1606306460.3647888 [subscriber-2] [INFO] [subscriber]: Latency; '1156340'
1606306460.3648071 [subscriber-2] [INFO] [subscriber]: Latency; '1143006'
1606306460.3648255 [subscriber-2] [INFO] [subscriber]: Latency; '1174704'
1606306460.3648441 [subscriber-2] [INFO] [subscriber]: Latency; '1153663'
1606306460.3648624 [subscriber-2] [INFO] [subscriber]: Latency; '1126190'
1606306460.3648806 [subscriber-2] [INFO] [subscriber]: Latency; '1223136'
1606306460.3648984 [subscriber-2] [INFO] [subscriber]: Latency; '1182004'
1606306460.3649168 [subscriber-2] [INFO] [subscriber]: Latency; '1138292'
1606306460.3649347 [subscriber-2] [INFO] [subscriber]: Latency; '1155483'
1606306460.3649526 [subscriber-2] [INFO] [subscriber]: Latency; '1172079'
1606306460.3649707 [subscriber-2] [INFO] [subscriber]: Latency; '1142444'
1606306460.3649886 [subscriber-2] [INFO] [subscriber]: Latency; '1127557'
1606306460.3650069 [subscriber-2] [INFO] [subscriber]: Latency; '1206676'
1606306460.3650248 [subscriber-2] [INFO] [subscriber]: Latency; '1156240'
1606306460.3650427 [subscriber-2] [INFO] [subscriber]: Latency; '1166306'
1606306460.3650603 [subscriber-2] [INFO] [subscriber]: Latency; '1243060'
1606306460.3650784 [subscriber-2] [INFO] [subscriber]: Latency; '1161837'
1606306460.3650963 [subscriber-2] [INFO] [subscriber]: Latency; '1126708'
1606306460.3651145 [subscriber-2] [INFO] [subscriber]: Latency; '1182598'
1606306460.3651350 [subscriber-2] [INFO] [subscriber]: Latency; '1172589'
1606306460.3651538 [subscriber-2] [INFO] [subscriber]: Latency; '1151027'
1606306460.3651721 [subscriber-2] [INFO] [subscriber]: Latency; '1138639'
1606306460.3651905 [subscriber-2] [INFO] [subscriber]: Latency; '1174698'
1606306460.3652084 [subscriber-2] [INFO] [subscriber]: Latency; '1136361'
1606306460.3652267 [subscriber-2] [INFO] [subscriber]: Latency; '1136725'
1606306460.3652449 [subscriber-2] [INFO] [subscriber]: Latency; '1170548'
1606306460.3652630 [subscriber-2] [INFO] [subscriber]: Latency; '1161456'
1606306460.3652816 [subscriber-2] [INFO] [subscriber]: Latency; '1144397'
1606306460.3652995 [subscriber-2] [INFO] [subscriber]: Latency; '1125098'
1606306460.3653176 [subscriber-2] [INFO] [subscriber]: Latency; '1326438'
1606306460.3653362 [subscriber-2] [INFO] [subscriber]: Latency; '1184265'
1606306460.3653543 [subscriber-2] [INFO] [subscriber]: Latency; '1135365'
1606306460.3653727 [subscriber-2] [INFO] [subscriber]: Latency; '1181261'
1606306460.3653910 [subscriber-2] [INFO] [subscriber]: Latency; '1160656'
1606306460.3654094 [subscriber-2] [INFO] [subscriber]: Latency; '1135136'
1606306460.3654275 [subscriber-2] [INFO] [subscriber]: Latency; '1211703'
1606306460.3654456 [subscriber-2] [INFO] [subscriber]: Latency; '1162199'
1606306460.3654637 [subscriber-2] [INFO] [subscriber]: Latency; '1131391'
1606306460.3654821 [subscriber-2] [INFO] [subscriber]: Latency; '1121034'
1606306460.3655005 [subscriber-2] [INFO] [subscriber]: Latency; '1167486'
1606306460.3655186 [subscriber-2] [INFO] [subscriber]: Latency; '1133694'
1606306460.3655369 [subscriber-2] [INFO] [subscriber]: Latency; '1121493'
1606306460.3655553 [subscriber-2] [INFO] [subscriber]: Latency; '1190370'
1606306460.3655736 [subscriber-2] [INFO] [subscriber]: Latency; '1139559'
1606306460.3655918 [subscriber-2] [INFO] [subscriber]: Latency; '1123763'
1606306460.3656101 [subscriber-2] [INFO] [subscriber]: Latency; '1201427'
1606306460.3656285 [subscriber-2] [INFO] [subscriber]: Latency; '1169815'
1606306460.3656468 [subscriber-2] [INFO] [subscriber]: Latency; '1146930'
1606306460.3656654 [subscriber-2] [INFO] [subscriber]: Latency; '1141059'
1606306460.3656840 [subscriber-2] [INFO] [subscriber]: Latency; '1164246'
1606306460.3657022 [subscriber-2] [INFO] [subscriber]: Latency; '1303863'
1606306460.3657203 [subscriber-2] [INFO] [subscriber]: Latency; '1179019'
1606306460.3657389 [subscriber-2] [INFO] [subscriber]: Latency; '1208851'
1606306460.3657572 [subscriber-2] [INFO] [subscriber]: Latency; '1151604'
1606306460.3657756 [subscriber-2] [INFO] [subscriber]: Latency; '1154525'
1606306460.3657937 [subscriber-2] [INFO] [subscriber]: Latency; '1180853'
1606306460.3658121 [subscriber-2] [INFO] [subscriber]: Latency; '1159260'
1606306460.3658302 [subscriber-2] [INFO] [subscriber]: Latency; '1158915'
1606306460.3658485 [subscriber-2] [INFO] [subscriber]: Latency; '1136373'
1606306460.3658667 [subscriber-2] [INFO] [subscriber]: Latency; '1408355'
1606306460.3658850 [subscriber-2] [INFO] [subscriber]: Latency; '1224005'
1606306470.5561860 [subscriber-2] [INFO] [subscriber]: Latency; '1179456'
1606306470.5562596 [subscriber-2] [INFO] [subscriber]: Latency; '1292460'
1606306470.5562885 [subscriber-2] [INFO] [subscriber]: Latency; '1179406'
1606306470.5563133 [subscriber-2] [INFO] [subscriber]: Latency; '1149579'
1606306470.5563371 [subscriber-2] [INFO] [subscriber]: Latency; '1263447'
1606306470.5563600 [subscriber-2] [INFO] [subscriber]: Latency; '1199498'
1606306470.5563822 [subscriber-2] [INFO] [subscriber]: Latency; '1145200'
1606306470.5564041 [subscriber-2] [INFO] [subscriber]: Latency; '1139775'
1606306470.5564258 [subscriber-2] [INFO] [subscriber]: Latency; '1138069'
1606306470.5564470 [subscriber-2] [INFO] [subscriber]: Latency; '1166703'
1606306470.5564678 [subscriber-2] [INFO] [subscriber]: Latency; '1208335'
1606306470.5564890 [subscriber-2] [INFO] [subscriber]: Latency; '1271390'
1606306470.5565095 [subscriber-2] [INFO] [subscriber]: Latency; '1211713'
1606306470.5565302 [subscriber-2] [INFO] [subscriber]: Latency; '1239874'
1606306470.5565698 [subscriber-2] [INFO] [subscriber]: Latency; '1239136'
1606306470.5565965 [subscriber-2] [INFO] [subscriber]: Latency; '1198148'
1606306470.5566168 [subscriber-2] [INFO] [subscriber]: Latency; '1157070'
1606306470.5566359 [subscriber-2] [INFO] [subscriber]: Latency; '1160698'
1606306470.5566547 [subscriber-2] [INFO] [subscriber]: Latency; '1244660'
1606306470.5566733 [subscriber-2] [INFO] [subscriber]: Latency; '1171116'
1606306470.5566919 [subscriber-2] [INFO] [subscriber]: Latency; '1155871'
1606306470.5567107 [subscriber-2] [INFO] [subscriber]: Latency; '1201638'
1606306470.5567291 [subscriber-2] [INFO] [subscriber]: Latency; '1174035'
1606306470.5567477 [subscriber-2] [INFO] [subscriber]: Latency; '1216801'
1606306470.5567665 [subscriber-2] [INFO] [subscriber]: Latency; '1260728'
1606306470.5567846 [subscriber-2] [INFO] [subscriber]: Latency; '1190366'
1606306470.5568030 [subscriber-2] [INFO] [subscriber]: Latency; '1265960'
1606306470.5568216 [subscriber-2] [INFO] [subscriber]: Latency; '1171569'
1606306470.5568402 [subscriber-2] [INFO] [subscriber]: Latency; '1183571'
1606306470.5568593 [subscriber-2] [INFO] [subscriber]: Latency; '1178411'
1606306470.5568776 [subscriber-2] [INFO] [subscriber]: Latency; '1157124'
1606306470.5568960 [subscriber-2] [INFO] [subscriber]: Latency; '1421628'
1606306470.5569148 [subscriber-2] [INFO] [subscriber]: Latency; '1344752'
1606306470.5569332 [subscriber-2] [INFO] [subscriber]: Latency; '1170487'
1606306470.5569515 [subscriber-2] [INFO] [subscriber]: Latency; '1163483'
1606306470.5569704 [subscriber-2] [INFO] [subscriber]: Latency; '1387468'
1606306470.5569887 [subscriber-2] [INFO] [subscriber]: Latency; '1226506'
1606306470.5570073 [subscriber-2] [INFO] [subscriber]: Latency; '1149971'
1606306470.5570259 [subscriber-2] [INFO] [subscriber]: Latency; '1178937'
1606306470.5570443 [subscriber-2] [INFO] [subscriber]: Latency; '1148464'
1606306470.5570626 [subscriber-2] [INFO] [subscriber]: Latency; '1131566'
1606306470.5570815 [subscriber-2] [INFO] [subscriber]: Latency; '1208470'
1606306470.5570998 [subscriber-2] [INFO] [subscriber]: Latency; '1186065'
1606306470.5571182 [subscriber-2] [INFO] [subscriber]: Latency; '1198696'
1606306470.5571365 [subscriber-2] [INFO] [subscriber]: Latency; '1345201'
1606306470.5571551 [subscriber-2] [INFO] [subscriber]: Latency; '1220984'
1606306470.5571735 [subscriber-2] [INFO] [subscriber]: Latency; '1170526'
1606306470.5571918 [subscriber-2] [INFO] [subscriber]: Latency; '1189103'
1606306470.5572104 [subscriber-2] [INFO] [subscriber]: Latency; '1244047'
1606306470.5572288 [subscriber-2] [INFO] [subscriber]: Latency; '1188128'
1606306470.5572472 [subscriber-2] [INFO] [subscriber]: Latency; '1235521'
1606306470.5572660 [subscriber-2] [INFO] [subscriber]: Latency; '1260983'
1606306470.5572846 [subscriber-2] [INFO] [subscriber]: Latency; '1205236'
1606306470.5573032 [subscriber-2] [INFO] [subscriber]: Latency; '1166030'
1606306470.5573218 [subscriber-2] [INFO] [subscriber]: Latency; '1184370'
1606306470.5573401 [subscriber-2] [INFO] [subscriber]: Latency; '1149137'
1606306470.5573587 [subscriber-2] [INFO] [subscriber]: Latency; '1144156'
1606306470.5573773 [subscriber-2] [INFO] [subscriber]: Latency; '1168990'
1606306470.5573957 [subscriber-2] [INFO] [subscriber]: Latency; '1193293'
1606306470.5574138 [subscriber-2] [INFO] [subscriber]: Latency; '1172199'
1606306470.5574327 [subscriber-2] [INFO] [subscriber]: Latency; '1139526'
1606306470.5574512 [subscriber-2] [INFO] [subscriber]: Latency; '1192252'
1606306470.5574696 [subscriber-2] [INFO] [subscriber]: Latency; '1184739'
1606306470.5574880 [subscriber-2] [INFO] [subscriber]: Latency; '1148645'
1606306470.5575063 [subscriber-2] [INFO] [subscriber]: Latency; '1250976'
1606306470.5575247 [subscriber-2] [INFO] [subscriber]: Latency; '1199686'
1606306470.5575433 [subscriber-2] [INFO] [subscriber]: Latency; '1152988'
1606306470.5575614 [subscriber-2] [INFO] [subscriber]: Latency; '1221861'
1606306470.5575795 [subscriber-2] [INFO] [subscriber]: Latency; '1401491'
1606306470.5576007 [subscriber-2] [INFO] [subscriber]: Latency; '1231024'
1606306470.5576198 [subscriber-2] [INFO] [subscriber]: Latency; '1192087'
1606306470.5576379 [subscriber-2] [INFO] [subscriber]: Latency; '1331266'
1606306470.5576565 [subscriber-2] [INFO] [subscriber]: Latency; '1193151'
1606306470.5576751 [subscriber-2] [INFO] [subscriber]: Latency; '1153374'
1606306470.5576932 [subscriber-2] [INFO] [subscriber]: Latency; '1255788'
1606306470.5577114 [subscriber-2] [INFO] [subscriber]: Latency; '1160587'
1606306470.5577297 [subscriber-2] [INFO] [subscriber]: Latency; '1129269'
1606306470.5577481 [subscriber-2] [INFO] [subscriber]: Latency; '1177171'
1606306470.5577664 [subscriber-2] [INFO] [subscriber]: Latency; '1198666'
1606306470.5577843 [subscriber-2] [INFO] [subscriber]: Latency; '1156811'
1606306470.5578027 [subscriber-2] [INFO] [subscriber]: Latency; '1146601'
1606306470.5578210 [subscriber-2] [INFO] [subscriber]: Latency; '1239095'
1606306470.5578394 [subscriber-2] [INFO] [subscriber]: Latency; '1192390'
1606306470.5578578 [subscriber-2] [INFO] [subscriber]: Latency; '1272618'
1606306470.5578759 [subscriber-2] [INFO] [subscriber]: Latency; '1189666'
1606306470.5578945 [subscriber-2] [INFO] [subscriber]: Latency; '1185583'
1606306470.5579128 [subscriber-2] [INFO] [subscriber]: Latency; '1162925'
1606306470.5579314 [subscriber-2] [INFO] [subscriber]: Latency; '1208754'
1606306470.5579500 [subscriber-2] [INFO] [subscriber]: Latency; '1143102'
1606306470.5579686 [subscriber-2] [INFO] [subscriber]: Latency; '1204652'
1606306470.5579870 [subscriber-2] [INFO] [subscriber]: Latency; '1152053'
1606306470.5580056 [subscriber-2] [INFO] [subscriber]: Latency; '1205729'
1606306470.5580239 [subscriber-2] [INFO] [subscriber]: Latency; '1153684'
1606306470.5580420 [subscriber-2] [INFO] [subscriber]: Latency; '1148381'
1606306470.5580609 [subscriber-2] [INFO] [subscriber]: Latency; '1194677'
1606306470.5580790 [subscriber-2] [INFO] [subscriber]: Latency; '1189503'
1606306470.5580974 [subscriber-2] [INFO] [subscriber]: Latency; '1141794'
1606306470.5581155 [subscriber-2] [INFO] [subscriber]: Latency; '1222985'
1606306470.5581341 [subscriber-2] [INFO] [subscriber]: Latency; '1177922'
1606306470.5581524 [subscriber-2] [INFO] [subscriber]: Latency; '1173878'
1606306470.5581703 [subscriber-2] [INFO] [subscriber]: Latency; '1143215'
1606306470.5581889 [subscriber-2] [INFO] [subscriber]: Latency; '1194140'
1606306480.8561585 [subscriber-2] [INFO] [subscriber]: Latency; '1180124'
1606306480.8562286 [subscriber-2] [INFO] [subscriber]: Latency; '1176074'
1606306480.8562570 [subscriber-2] [INFO] [subscriber]: Latency; '1331807'
1606306480.8562820 [subscriber-2] [INFO] [subscriber]: Latency; '1712149'
1606306480.8563056 [subscriber-2] [INFO] [subscriber]: Latency; '1231439'
1606306480.8563285 [subscriber-2] [INFO] [subscriber]: Latency; '1127421'
1606306480.8563502 [subscriber-2] [INFO] [subscriber]: Latency; '1172137'
1606306480.8563719 [subscriber-2] [INFO] [subscriber]: Latency; '1178532'
1606306480.8563929 [subscriber-2] [INFO] [subscriber]: Latency; '1140555'
1606306480.8564143 [subscriber-2] [INFO] [subscriber]: Latency; '1189765'
1606306480.8564353 [subscriber-2] [INFO] [subscriber]: Latency; '1155534'
1606306480.8564560 [subscriber-2] [INFO] [subscriber]: Latency; '1161047'
1606306480.8564768 [subscriber-2] [INFO] [subscriber]: Latency; '1177103'
1606306480.8564975 [subscriber-2] [INFO] [subscriber]: Latency; '1114115'
1606306480.8565180 [subscriber-2] [INFO] [subscriber]: Latency; '1171579'
1606306480.8565385 [subscriber-2] [INFO] [subscriber]: Latency; '1112505'
1606306480.8565705 [subscriber-2] [INFO] [subscriber]: Latency; '1178597'
1606306480.8565905 [subscriber-2] [INFO] [subscriber]: Latency; '1158390'
1606306480.8566096 [subscriber-2] [INFO] [subscriber]: Latency; '1130859'
1606306480.8566284 [subscriber-2] [INFO] [subscriber]: Latency; '1203326'
1606306480.8566470 [subscriber-2] [INFO] [subscriber]: Latency; '1171156'
1606306480.8566656 [subscriber-2] [INFO] [subscriber]: Latency; '1134538'
1606306480.8566840 [subscriber-2] [INFO] [subscriber]: Latency; '1215134'
1606306480.8567054 [subscriber-2] [INFO] [subscriber]: Latency; '1188012'
1606306480.8567247 [subscriber-2] [INFO] [subscriber]: Latency; '1143572'
1606306480.8567431 [subscriber-2] [INFO] [subscriber]: Latency; '1166401'
1606306480.8567615 [subscriber-2] [INFO] [subscriber]: Latency; '1162071'
1606306480.8567798 [subscriber-2] [INFO] [subscriber]: Latency; '1167356'
1606306480.8567982 [subscriber-2] [INFO] [subscriber]: Latency; '1158767'
1606306480.8568163 [subscriber-2] [INFO] [subscriber]: Latency; '1187404'
1606306480.8568349 [subscriber-2] [INFO] [subscriber]: Latency; '1149668'
1606306480.8568530 [subscriber-2] [INFO] [subscriber]: Latency; '1140221'
1606306480.8568711 [subscriber-2] [INFO] [subscriber]: Latency; '1214261'
1606306480.8568892 [subscriber-2] [INFO] [subscriber]: Latency; '1153791'
1606306480.8569074 [subscriber-2] [INFO] [subscriber]: Latency; '1135126'
1606306480.8569255 [subscriber-2] [INFO] [subscriber]: Latency; '1143598'
1606306480.8569438 [subscriber-2] [INFO] [subscriber]: Latency; '1176336'
1606306480.8569622 [subscriber-2] [INFO] [subscriber]: Latency; '1132047'
1606306480.8569806 [subscriber-2] [INFO] [subscriber]: Latency; '1141363'
1606306480.8569987 [subscriber-2] [INFO] [subscriber]: Latency; '1243613'
1606306480.8570170 [subscriber-2] [INFO] [subscriber]: Latency; '1147295'
1606306480.8570352 [subscriber-2] [INFO] [subscriber]: Latency; '1140618'
1606306480.8570535 [subscriber-2] [INFO] [subscriber]: Latency; '1236029'
1606306480.8570719 [subscriber-2] [INFO] [subscriber]: Latency; '1183896'
1606306480.8570902 [subscriber-2] [INFO] [subscriber]: Latency; '1149555'
1606306480.8571086 [subscriber-2] [INFO] [subscriber]: Latency; '1139112'
1606306480.8571267 [subscriber-2] [INFO] [subscriber]: Latency; '1184013'
1606306480.8571446 [subscriber-2] [INFO] [subscriber]: Latency; '1168644'
1606306480.8571627 [subscriber-2] [INFO] [subscriber]: Latency; '1136586'
1606306480.8571808 [subscriber-2] [INFO] [subscriber]: Latency; '1222990'
1606306480.8571994 [subscriber-2] [INFO] [subscriber]: Latency; '1186963'
1606306480.8572176 [subscriber-2] [INFO] [subscriber]: Latency; '1165221'
1606306480.8572359 [subscriber-2] [INFO] [subscriber]: Latency; '1171583'
1606306480.8572540 [subscriber-2] [INFO] [subscriber]: Latency; '1165636'
1606306480.8572724 [subscriber-2] [INFO] [subscriber]: Latency; '1130511'
1606306480.8572903 [subscriber-2] [INFO] [subscriber]: Latency; '1168994'
1606306480.8573081 [subscriber-2] [INFO] [subscriber]: Latency; '1150235'
1606306480.8573263 [subscriber-2] [INFO] [subscriber]: Latency; '1173886'
1606306480.8573446 [subscriber-2] [INFO] [subscriber]: Latency; '1153284'
1606306480.8573625 [subscriber-2] [INFO] [subscriber]: Latency; '1194363'
1606306480.8573806 [subscriber-2] [INFO] [subscriber]: Latency; '1144557'
1606306480.8573987 [subscriber-2] [INFO] [subscriber]: Latency; '1140132'
1606306480.8574169 [subscriber-2] [INFO] [subscriber]: Latency; '1210343'
1606306480.8574350 [subscriber-2] [INFO] [subscriber]: Latency; '1185746'
1606306480.8574529 [subscriber-2] [INFO] [subscriber]: Latency; '1152116'
1606306480.8574710 [subscriber-2] [INFO] [subscriber]: Latency; '1149533'
1606306480.8574889 [subscriber-2] [INFO] [subscriber]: Latency; '1303838'
1606306480.8575068 [subscriber-2] [INFO] [subscriber]: Latency; '1195934'
1606306480.8575246 [subscriber-2] [INFO] [subscriber]: Latency; '1159469'
1606306480.8575428 [subscriber-2] [INFO] [subscriber]: Latency; '1199687'
1606306480.8575604 [subscriber-2] [INFO] [subscriber]: Latency; '1151719'
1606306480.8575783 [subscriber-2] [INFO] [subscriber]: Latency; '1159776'
1606306480.8575959 [subscriber-2] [INFO] [subscriber]: Latency; '1219318'
1606306480.8576138 [subscriber-2] [INFO] [subscriber]: Latency; '1288414'
1606306480.8576314 [subscriber-2] [INFO] [subscriber]: Latency; '1174817'
1606306480.8576493 [subscriber-2] [INFO] [subscriber]: Latency; '1138985'
1606306480.8576674 [subscriber-2] [INFO] [subscriber]: Latency; '1192397'
1606306480.8576853 [subscriber-2] [INFO] [subscriber]: Latency; '1171621'
1606306480.8577051 [subscriber-2] [INFO] [subscriber]: Latency; '1152920'
1606306480.8577237 [subscriber-2] [INFO] [subscriber]: Latency; '1204679'
1606306480.8577418 [subscriber-2] [INFO] [subscriber]: Latency; '1167188'
1606306480.8577597 [subscriber-2] [INFO] [subscriber]: Latency; '1137513'
1606306480.8577774 [subscriber-2] [INFO] [subscriber]: Latency; '1177568'
1606306480.8577952 [subscriber-2] [INFO] [subscriber]: Latency; '1178861'
1606306480.8578134 [subscriber-2] [INFO] [subscriber]: Latency; '1136716'
1606306480.8578315 [subscriber-2] [INFO] [subscriber]: Latency; '1130554'
1606306480.8578496 [subscriber-2] [INFO] [subscriber]: Latency; '1143404'
1606306480.8578677 [subscriber-2] [INFO] [subscriber]: Latency; '1166791'
1606306480.8578856 [subscriber-2] [INFO] [subscriber]: Latency; '1141873'
1606306480.8579040 [subscriber-2] [INFO] [subscriber]: Latency; '1209067'
1606306480.8579221 [subscriber-2] [INFO] [subscriber]: Latency; '1189859'
1606306480.8579400 [subscriber-2] [INFO] [subscriber]: Latency; '1140042'
1606306480.8579581 [subscriber-2] [INFO] [subscriber]: Latency; '1219138'
1606306480.8579764 [subscriber-2] [INFO] [subscriber]: Latency; '1169517'
1606306480.8579946 [subscriber-2] [INFO] [subscriber]: Latency; '1130423'
1606306480.8580127 [subscriber-2] [INFO] [subscriber]: Latency; '1175204'
1606306480.8580308 [subscriber-2] [INFO] [subscriber]: Latency; '1172256'
1606306480.8580487 [subscriber-2] [INFO] [subscriber]: Latency; '1176733'
1606306480.8580670 [subscriber-2] [INFO] [subscriber]: Latency; '1186227'
1606306480.8580852 [subscriber-2] [INFO] [subscriber]: Latency; '1213813'
1606306480.8581030 [subscriber-2] [INFO] [subscriber]: Latency; '1158558'
1606306480.8581212 [subscriber-2] [INFO] [subscriber]: Latency; '1158927'
1606306480.8581393 [subscriber-2] [INFO] [subscriber]: Latency; '1268273'
1606306491.0561607 [subscriber-2] [INFO] [subscriber]: Latency; '1189656'
1606306491.0562334 [subscriber-2] [INFO] [subscriber]: Latency; '1164529'
1606306491.0562599 [subscriber-2] [INFO] [subscriber]: Latency; '1151565'
1606306491.0562820 [subscriber-2] [INFO] [subscriber]: Latency; '1193763'
1606306491.0563021 [subscriber-2] [INFO] [subscriber]: Latency; '1169121'
1606306491.0563216 [subscriber-2] [INFO] [subscriber]: Latency; '1138073'
1606306491.0563400 [subscriber-2] [INFO] [subscriber]: Latency; '1183047'
1606306491.0563583 [subscriber-2] [INFO] [subscriber]: Latency; '1170345'
1606306491.0563769 [subscriber-2] [INFO] [subscriber]: Latency; '1148087'
1606306491.0563951 [subscriber-2] [INFO] [subscriber]: Latency; '1151614'
1606306491.0564129 [subscriber-2] [INFO] [subscriber]: Latency; '1171326'
1606306491.0564311 [subscriber-2] [INFO] [subscriber]: Latency; '1137591'
1606306491.0564492 [subscriber-2] [INFO] [subscriber]: Latency; '1127223'
1606306491.0564675 [subscriber-2] [INFO] [subscriber]: Latency; '1183713'
1606306491.0564857 [subscriber-2] [INFO] [subscriber]: Latency; '1154269'
1606306491.0565035 [subscriber-2] [INFO] [subscriber]: Latency; '1141892'
1606306491.0565217 [subscriber-2] [INFO] [subscriber]: Latency; '1188776'
1606306491.0565395 [subscriber-2] [INFO] [subscriber]: Latency; '1151363'
1606306491.0565693 [subscriber-2] [INFO] [subscriber]: Latency; '1137679'
1606306491.0565882 [subscriber-2] [INFO] [subscriber]: Latency; '1291507'
1606306491.0566068 [subscriber-2] [INFO] [subscriber]: Latency; '1262901'
1606306491.0566249 [subscriber-2] [INFO] [subscriber]: Latency; '1133891'
1606306491.0566430 [subscriber-2] [INFO] [subscriber]: Latency; '1152879'
1606306491.0566618 [subscriber-2] [INFO] [subscriber]: Latency; '1122672'
1606306491.0566802 [subscriber-2] [INFO] [subscriber]: Latency; '1171727'
1606306491.0566988 [subscriber-2] [INFO] [subscriber]: Latency; '1136579'
1606306491.0567174 [subscriber-2] [INFO] [subscriber]: Latency; '1189205'
1606306491.0567358 [subscriber-2] [INFO] [subscriber]: Latency; '1131273'
1606306491.0567539 [subscriber-2] [INFO] [subscriber]: Latency; '1149523'
1606306491.0567725 [subscriber-2] [INFO] [subscriber]: Latency; '1204306'
1606306491.0567946 [subscriber-2] [INFO] [subscriber]: Latency; '1159647'
1606306491.0568137 [subscriber-2] [INFO] [subscriber]: Latency; '1142928'
1606306491.0568326 [subscriber-2] [INFO] [subscriber]: Latency; '1118945'
1606306491.0568509 [subscriber-2] [INFO] [subscriber]: Latency; '1206083'
1606306491.0568693 [subscriber-2] [INFO] [subscriber]: Latency; '1158799'
1606306491.0568876 [subscriber-2] [INFO] [subscriber]: Latency; '1128879'
1606306491.0569057 [subscriber-2] [INFO] [subscriber]: Latency; '1187018'
1606306491.0569239 [subscriber-2] [INFO] [subscriber]: Latency; '1156847'
1606306491.0569420 [subscriber-2] [INFO] [subscriber]: Latency; '1142194'
1606306491.0569603 [subscriber-2] [INFO] [subscriber]: Latency; '1247070'
1606306491.0569785 [subscriber-2] [INFO] [subscriber]: Latency; '1222208'
1606306491.0569966 [subscriber-2] [INFO] [subscriber]: Latency; '1131002'
1606306491.0570145 [subscriber-2] [INFO] [subscriber]: Latency; '1123449'
1606306491.0570323 [subscriber-2] [INFO] [subscriber]: Latency; '1195325'
1606306491.0570507 [subscriber-2] [INFO] [subscriber]: Latency; '1208100'
1606306491.0570688 [subscriber-2] [INFO] [subscriber]: Latency; '1134251'
1606306491.0570872 [subscriber-2] [INFO] [subscriber]: Latency; '1189946'
1606306491.0571053 [subscriber-2] [INFO] [subscriber]: Latency; '1163353'
1606306491.0571237 [subscriber-2] [INFO] [subscriber]: Latency; '1123841'
1606306491.0571418 [subscriber-2] [INFO] [subscriber]: Latency; '1184196'
1606306491.0571599 [subscriber-2] [INFO] [subscriber]: Latency; '1138111'
1606306491.0571780 [subscriber-2] [INFO] [subscriber]: Latency; '1144878'
1606306491.0571964 [subscriber-2] [INFO] [subscriber]: Latency; '1119527'
1606306491.0572147 [subscriber-2] [INFO] [subscriber]: Latency; '1148235'
1606306491.0572329 [subscriber-2] [INFO] [subscriber]: Latency; '1149614'
1606306491.0572512 [subscriber-2] [INFO] [subscriber]: Latency; '1151490'
1606306491.0572698 [subscriber-2] [INFO] [subscriber]: Latency; '1179589'
1606306491.0572882 [subscriber-2] [INFO] [subscriber]: Latency; '1133865'
1606306491.0573065 [subscriber-2] [INFO] [subscriber]: Latency; '1132565'
1606306491.0573251 [subscriber-2] [INFO] [subscriber]: Latency; '1211208'
1606306491.0573435 [subscriber-2] [INFO] [subscriber]: Latency; '1174942'
1606306491.0573614 [subscriber-2] [INFO] [subscriber]: Latency; '1141104'
1606306491.0573797 [subscriber-2] [INFO] [subscriber]: Latency; '1124908'
1606306491.0573981 [subscriber-2] [INFO] [subscriber]: Latency; '1189822'
1606306491.0574162 [subscriber-2] [INFO] [subscriber]: Latency; '1191550'
1606306491.0574343 [subscriber-2] [INFO] [subscriber]: Latency; '1139806'
1606306491.0574522 [subscriber-2] [INFO] [subscriber]: Latency; '1179704'
1606306491.0574706 [subscriber-2] [INFO] [subscriber]: Latency; '1161594'
1606306491.0574889 [subscriber-2] [INFO] [subscriber]: Latency; '1142093'
1606306491.0575068 [subscriber-2] [INFO] [subscriber]: Latency; '1172587'
1606306491.0575252 [subscriber-2] [INFO] [subscriber]: Latency; '1162869'
1606306491.0575433 [subscriber-2] [INFO] [subscriber]: Latency; '1126957'
1606306491.0575616 [subscriber-2] [INFO] [subscriber]: Latency; '1130128'
1606306491.0575795 [subscriber-2] [INFO] [subscriber]: Latency; '1192097'
1606306491.0575976 [subscriber-2] [INFO] [subscriber]: Latency; '1114990'
1606306491.0576158 [subscriber-2] [INFO] [subscriber]: Latency; '1130341'
1606306491.0576341 [subscriber-2] [INFO] [subscriber]: Latency; '1182960'
1606306491.0576522 [subscriber-2] [INFO] [subscriber]: Latency; '1141027'
1606306491.0576701 [subscriber-2] [INFO] [subscriber]: Latency; '1139219'
1606306491.0576880 [subscriber-2] [INFO] [subscriber]: Latency; '1172639'
1606306491.0577064 [subscriber-2] [INFO] [subscriber]: Latency; '1179396'
1606306491.0577245 [subscriber-2] [INFO] [subscriber]: Latency; '1142902'
1606306491.0577424 [subscriber-2] [INFO] [subscriber]: Latency; '1135856'
1606306491.0577605 [subscriber-2] [INFO] [subscriber]: Latency; '1127114'
1606306491.0577786 [subscriber-2] [INFO] [subscriber]: Latency; '1179576'
1606306491.0577970 [subscriber-2] [INFO] [subscriber]: Latency; '1148693'
1606306491.0578170 [subscriber-2] [INFO] [subscriber]: Latency; '1189616'
1606306491.0578358 [subscriber-2] [INFO] [subscriber]: Latency; '1136712'
1606306491.0578539 [subscriber-2] [INFO] [subscriber]: Latency; '1146537'
1606306491.0578723 [subscriber-2] [INFO] [subscriber]: Latency; '1222866'
1606306491.0578909 [subscriber-2] [INFO] [subscriber]: Latency; '1158693'
1606306491.0579090 [subscriber-2] [INFO] [subscriber]: Latency; '1143698'
1606306491.0579274 [subscriber-2] [INFO] [subscriber]: Latency; '1215731'
1606306491.0579460 [subscriber-2] [INFO] [subscriber]: Latency; '1347334'
1606306491.0579641 [subscriber-2] [INFO] [subscriber]: Latency; '1277813'
1606306491.0579824 [subscriber-2] [INFO] [subscriber]: Latency; '1159123'
1606306491.0580003 [subscriber-2] [INFO] [subscriber]: Latency; '1188891'
1606306491.0580184 [subscriber-2] [INFO] [subscriber]: Latency; '1154141'
1606306491.0580366 [subscriber-2] [INFO] [subscriber]: Latency; '1138539'
1606306491.0580547 [subscriber-2] [INFO] [subscriber]: Latency; '1280709'
1606306491.0580728 [subscriber-2] [INFO] [subscriber]: Latency; '1187505'
1606306491.0580907 [subscriber-2] [INFO] [subscriber]: Latency; '1134191'
1606306501.2562852 [subscriber-2] [INFO] [subscriber]: Latency; '1120514'
1606306501.2563560 [subscriber-2] [INFO] [subscriber]: Latency; '1159085'
1606306501.2563848 [subscriber-2] [INFO] [subscriber]: Latency; '1181958'
1606306501.2564094 [subscriber-2] [INFO] [subscriber]: Latency; '1175739'
1606306501.2564325 [subscriber-2] [INFO] [subscriber]: Latency; '1148408'
1606306501.2564552 [subscriber-2] [INFO] [subscriber]: Latency; '1163488'
1606306501.2564769 [subscriber-2] [INFO] [subscriber]: Latency; '1149480'
1606306501.2564983 [subscriber-2] [INFO] [subscriber]: Latency; '1168472'
1606306501.2565198 [subscriber-2] [INFO] [subscriber]: Latency; '1150355'
1606306501.2565460 [subscriber-2] [INFO] [subscriber]: Latency; '1130509'
1606306501.2565737 [subscriber-2] [INFO] [subscriber]: Latency; '1132786'
1606306501.2565939 [subscriber-2] [INFO] [subscriber]: Latency; '1133743'
1606306501.2566130 [subscriber-2] [INFO] [subscriber]: Latency; '1171409'
1606306501.2566321 [subscriber-2] [INFO] [subscriber]: Latency; '1142295'
1606306501.2566507 [subscriber-2] [INFO] [subscriber]: Latency; '1177820'
1606306501.2566693 [subscriber-2] [INFO] [subscriber]: Latency; '1141547'
1606306501.2566876 [subscriber-2] [INFO] [subscriber]: Latency; '1142513'
1606306501.2567062 [subscriber-2] [INFO] [subscriber]: Latency; '1235793'
1606306501.2567251 [subscriber-2] [INFO] [subscriber]: Latency; '1188321'
1606306501.2567434 [subscriber-2] [INFO] [subscriber]: Latency; '1134724'
1606306501.2567618 [subscriber-2] [INFO] [subscriber]: Latency; '1122186'
1606306501.2567806 [subscriber-2] [INFO] [subscriber]: Latency; '1132129'
1606306501.2567992 [subscriber-2] [INFO] [subscriber]: Latency; '1184833'
1606306501.2568176 [subscriber-2] [INFO] [subscriber]: Latency; '1131771'
1606306501.2568362 [subscriber-2] [INFO] [subscriber]: Latency; '1181012'
1606306501.2568545 [subscriber-2] [INFO] [subscriber]: Latency; '1152492'
1606306501.2568727 [subscriber-2] [INFO] [subscriber]: Latency; '1141282'
1606306501.2568913 [subscriber-2] [INFO] [subscriber]: Latency; '1151012'
1606306501.2569096 [subscriber-2] [INFO] [subscriber]: Latency; '1153418'
1606306501.2569275 [subscriber-2] [INFO] [subscriber]: Latency; '1133602'
1606306501.2569458 [subscriber-2] [INFO] [subscriber]: Latency; '1129444'
1606306501.2569644 [subscriber-2] [INFO] [subscriber]: Latency; '1134273'
1606306501.2569826 [subscriber-2] [INFO] [subscriber]: Latency; '1163233'
1606306501.2570007 [subscriber-2] [INFO] [subscriber]: Latency; '1130109'
1606306501.2570190 [subscriber-2] [INFO] [subscriber]: Latency; '1208666'
1606306501.2570374 [subscriber-2] [INFO] [subscriber]: Latency; '1140918'
1606306501.2570558 [subscriber-2] [INFO] [subscriber]: Latency; '1135100'
1606306501.2570739 [subscriber-2] [INFO] [subscriber]: Latency; '1236163'
1606306501.2570920 [subscriber-2] [INFO] [subscriber]: Latency; '1189991'
1606306501.2571139 [subscriber-2] [INFO] [subscriber]: Latency; '1168339'
1606306501.2571330 [subscriber-2] [INFO] [subscriber]: Latency; '1145020'
1606306501.2571518 [subscriber-2] [INFO] [subscriber]: Latency; '1127169'
1606306501.2571702 [subscriber-2] [INFO] [subscriber]: Latency; '1171053'
1606306501.2571883 [subscriber-2] [INFO] [subscriber]: Latency; '1146012'
1606306501.2572067 [subscriber-2] [INFO] [subscriber]: Latency; '1182266'
1606306501.2572255 [subscriber-2] [INFO] [subscriber]: Latency; '1139263'
1606306501.2572436 [subscriber-2] [INFO] [subscriber]: Latency; '1143958'
1606306501.2572618 [subscriber-2] [INFO] [subscriber]: Latency; '1198097'
1606306501.2572801 [subscriber-2] [INFO] [subscriber]: Latency; '1149842'
1606306501.2572982 [subscriber-2] [INFO] [subscriber]: Latency; '1135775'
1606306501.2573166 [subscriber-2] [INFO] [subscriber]: Latency; '1138504'
1606306501.2573345 [subscriber-2] [INFO] [subscriber]: Latency; '1127739'
1606306501.2573531 [subscriber-2] [INFO] [subscriber]: Latency; '1175799'
1606306501.2573712 [subscriber-2] [INFO] [subscriber]: Latency; '1147409'
1606306501.2573898 [subscriber-2] [INFO] [subscriber]: Latency; '1215394'
1606306501.2574079 [subscriber-2] [INFO] [subscriber]: Latency; '1126115'
1606306501.2574265 [subscriber-2] [INFO] [subscriber]: Latency; '1164444'
1606306501.2574449 [subscriber-2] [INFO] [subscriber]: Latency; '1152926'
1606306501.2574630 [subscriber-2] [INFO] [subscriber]: Latency; '1198843'
1606306501.2574816 [subscriber-2] [INFO] [subscriber]: Latency; '1124531'
1606306501.2574999 [subscriber-2] [INFO] [subscriber]: Latency; '1127571'
1606306501.2575183 [subscriber-2] [INFO] [subscriber]: Latency; '1254432'
1606306501.2575364 [subscriber-2] [INFO] [subscriber]: Latency; '1193051'
1606306501.2575550 [subscriber-2] [INFO] [subscriber]: Latency; '1137127'
1606306501.2575734 [subscriber-2] [INFO] [subscriber]: Latency; '1193215'
1606306501.2575917 [subscriber-2] [INFO] [subscriber]: Latency; '1149781'
1606306501.2576103 [subscriber-2] [INFO] [subscriber]: Latency; '1144832'
1606306501.2576287 [subscriber-2] [INFO] [subscriber]: Latency; '1197113'
1606306501.2576473 [subscriber-2] [INFO] [subscriber]: Latency; '1116295'
1606306501.2576661 [subscriber-2] [INFO] [subscriber]: Latency; '1125082'
1606306501.2576847 [subscriber-2] [INFO] [subscriber]: Latency; '1121779'
1606306501.2577031 [subscriber-2] [INFO] [subscriber]: Latency; '1127918'
1606306501.2577217 [subscriber-2] [INFO] [subscriber]: Latency; '1160688'
1606306501.2577398 [subscriber-2] [INFO] [subscriber]: Latency; '1140837'
1606306501.2577584 [subscriber-2] [INFO] [subscriber]: Latency; '1197783'
1606306501.2577767 [subscriber-2] [INFO] [subscriber]: Latency; '1108253'
1606306501.2577949 [subscriber-2] [INFO] [subscriber]: Latency; '1176697'
1606306501.2578132 [subscriber-2] [INFO] [subscriber]: Latency; '1141426'
1606306501.2578316 [subscriber-2] [INFO] [subscriber]: Latency; '1181487'
1606306501.2578499 [subscriber-2] [INFO] [subscriber]: Latency; '1150600'
1606306501.2578681 [subscriber-2] [INFO] [subscriber]: Latency; '1131420'
1606306501.2578864 [subscriber-2] [INFO] [subscriber]: Latency; '1116011'
1606306501.2579045 [subscriber-2] [INFO] [subscriber]: Latency; '1169573'
1606306501.2579229 [subscriber-2] [INFO] [subscriber]: Latency; '1133008'
1606306501.2579410 [subscriber-2] [INFO] [subscriber]: Latency; '1193146'
1606306501.2579594 [subscriber-2] [INFO] [subscriber]: Latency; '1303973'
1606306501.2579780 [subscriber-2] [INFO] [subscriber]: Latency; '1162142'
1606306501.2579963 [subscriber-2] [INFO] [subscriber]: Latency; '1204241'
1606306501.2580144 [subscriber-2] [INFO] [subscriber]: Latency; '1187691'
1606306501.2580326 [subscriber-2] [INFO] [subscriber]: Latency; '1135329'
1606306501.2580509 [subscriber-2] [INFO] [subscriber]: Latency; '1138048'
1606306501.2580690 [subscriber-2] [INFO] [subscriber]: Latency; '1130877'
1606306501.2580874 [subscriber-2] [INFO] [subscriber]: Latency; '1166382'
1606306501.2581058 [subscriber-2] [INFO] [subscriber]: Latency; '1131806'
1606306501.2581265 [subscriber-2] [INFO] [subscriber]: Latency; '1184686'
1606306501.2581458 [subscriber-2] [INFO] [subscriber]: Latency; '1136696'
1606306501.2581642 [subscriber-2] [INFO] [subscriber]: Latency; '1136412'
1606306501.2581828 [subscriber-2] [INFO] [subscriber]: Latency; '1212821'
1606306501.2582011 [subscriber-2] [INFO] [subscriber]: Latency; '1194939'
1606306501.2582195 [subscriber-2] [INFO] [subscriber]: Latency; '1139800'
1606306501.2582376 [subscriber-2] [INFO] [subscriber]: Latency; '1135421'
1606306501.2582560 [subscriber-2] [INFO] [subscriber]: Latency; '1119820'
1606306511.5457656 [subscriber-2] [INFO] [subscriber]: Latency; '1184966'
1606306511.5458419 [subscriber-2] [INFO] [subscriber]: Latency; '1168183'
1606306511.5458684 [subscriber-2] [INFO] [subscriber]: Latency; '1267557'
1606306511.5458901 [subscriber-2] [INFO] [subscriber]: Latency; '1155130'
1606306511.5459104 [subscriber-2] [INFO] [subscriber]: Latency; '1152369'
1606306511.5459294 [subscriber-2] [INFO] [subscriber]: Latency; '1172788'
1606306511.5459487 [subscriber-2] [INFO] [subscriber]: Latency; '1149453'
1606306511.5459678 [subscriber-2] [INFO] [subscriber]: Latency; '1143237'
1606306511.5459867 [subscriber-2] [INFO] [subscriber]: Latency; '1124736'
1606306511.5460052 [subscriber-2] [INFO] [subscriber]: Latency; '1122230'
1606306511.5460236 [subscriber-2] [INFO] [subscriber]: Latency; '1166453'
1606306511.5460422 [subscriber-2] [INFO] [subscriber]: Latency; '1128789'
1606306511.5460606 [subscriber-2] [INFO] [subscriber]: Latency; '1181489'
1606306511.5460792 [subscriber-2] [INFO] [subscriber]: Latency; '1186826'
1606306511.5460975 [subscriber-2] [INFO] [subscriber]: Latency; '1134907'
1606306511.5461159 [subscriber-2] [INFO] [subscriber]: Latency; '1196748'
1606306511.5461342 [subscriber-2] [INFO] [subscriber]: Latency; '1192352'
1606306511.5461526 [subscriber-2] [INFO] [subscriber]: Latency; '1135141'
1606306511.5461712 [subscriber-2] [INFO] [subscriber]: Latency; '1121884'
1606306511.5461893 [subscriber-2] [INFO] [subscriber]: Latency; '1131948'
1606306511.5462074 [subscriber-2] [INFO] [subscriber]: Latency; '1168020'
1606306511.5462260 [subscriber-2] [INFO] [subscriber]: Latency; '1132639'
1606306511.5462439 [subscriber-2] [INFO] [subscriber]: Latency; '1189552'
1606306511.5462620 [subscriber-2] [INFO] [subscriber]: Latency; '1134617'
1606306511.5462801 [subscriber-2] [INFO] [subscriber]: Latency; '1135029'
1606306511.5462983 [subscriber-2] [INFO] [subscriber]: Latency; '1165994'
1606306511.5463166 [subscriber-2] [INFO] [subscriber]: Latency; '1152128'
1606306511.5463345 [subscriber-2] [INFO] [subscriber]: Latency; '1132191'
1606306511.5463526 [subscriber-2] [INFO] [subscriber]: Latency; '1133803'
1606306511.5463707 [subscriber-2] [INFO] [subscriber]: Latency; '1120120'
1606306511.5463896 [subscriber-2] [INFO] [subscriber]: Latency; '1154510'
1606306511.5464077 [subscriber-2] [INFO] [subscriber]: Latency; '1138525'
1606306511.5464258 [subscriber-2] [INFO] [subscriber]: Latency; '1187535'
1606306511.5464439 [subscriber-2] [INFO] [subscriber]: Latency; '1141916'
1606306511.5464623 [subscriber-2] [INFO] [subscriber]: Latency; '1142159'
1606306511.5464804 [subscriber-2] [INFO] [subscriber]: Latency; '1300566'
1606306511.5464985 [subscriber-2] [INFO] [subscriber]: Latency; '1196203'
1606306511.5465167 [subscriber-2] [INFO] [subscriber]: Latency; '1148800'
1606306511.5465350 [subscriber-2] [INFO] [subscriber]: Latency; '1130637'
1606306511.5465531 [subscriber-2] [INFO] [subscriber]: Latency; '1122995'
1606306511.5465713 [subscriber-2] [INFO] [subscriber]: Latency; '1177032'
1606306511.5465896 [subscriber-2] [INFO] [subscriber]: Latency; '1205389'
1606306511.5466080 [subscriber-2] [INFO] [subscriber]: Latency; '1205541'
1606306511.5466261 [subscriber-2] [INFO] [subscriber]: Latency; '1129990'
1606306511.5466442 [subscriber-2] [INFO] [subscriber]: Latency; '1156737'
1606306511.5466621 [subscriber-2] [INFO] [subscriber]: Latency; '1207727'
1606306511.5466807 [subscriber-2] [INFO] [subscriber]: Latency; '1160900'
1606306511.5466988 [subscriber-2] [INFO] [subscriber]: Latency; '1124740'
1606306511.5467207 [subscriber-2] [INFO] [subscriber]: Latency; '1125714'
1606306511.5467401 [subscriber-2] [INFO] [subscriber]: Latency; '1141635'
1606306511.5467584 [subscriber-2] [INFO] [subscriber]: Latency; '1164029'
1606306511.5467765 [subscriber-2] [INFO] [subscriber]: Latency; '1135405'
1606306511.5467944 [subscriber-2] [INFO] [subscriber]: Latency; '1186699'
1606306511.5468125 [subscriber-2] [INFO] [subscriber]: Latency; '1145789'
1606306511.5468304 [subscriber-2] [INFO] [subscriber]: Latency; '1128952'
1606306511.5468483 [subscriber-2] [INFO] [subscriber]: Latency; '1164193'
1606306511.5468664 [subscriber-2] [INFO] [subscriber]: Latency; '1187707'
1606306511.5468843 [subscriber-2] [INFO] [subscriber]: Latency; '1139111'
1606306511.5469022 [subscriber-2] [INFO] [subscriber]: Latency; '1147869'
1606306511.5469205 [subscriber-2] [INFO] [subscriber]: Latency; '1280316'
1606306511.5469384 [subscriber-2] [INFO] [subscriber]: Latency; '1205872'
1606306511.5469563 [subscriber-2] [INFO] [subscriber]: Latency; '1148169'
1606306511.5469742 [subscriber-2] [INFO] [subscriber]: Latency; '1182452'
1606306511.5469923 [subscriber-2] [INFO] [subscriber]: Latency; '1138481'
1606306511.5470104 [subscriber-2] [INFO] [subscriber]: Latency; '1145042'
1606306511.5470283 [subscriber-2] [INFO] [subscriber]: Latency; '1177340'
1606306511.5470459 [subscriber-2] [INFO] [subscriber]: Latency; '1141735'
1606306511.5470636 [subscriber-2] [INFO] [subscriber]: Latency; '1125566'
1606306511.5470815 [subscriber-2] [INFO] [subscriber]: Latency; '1121688'
1606306511.5470994 [subscriber-2] [INFO] [subscriber]: Latency; '1120813'
1606306511.5471175 [subscriber-2] [INFO] [subscriber]: Latency; '1168133'
1606306511.5471351 [subscriber-2] [INFO] [subscriber]: Latency; '1131672'
1606306511.5471532 [subscriber-2] [INFO] [subscriber]: Latency; '1177235'
1606306511.5471709 [subscriber-2] [INFO] [subscriber]: Latency; '1167753'
1606306511.5471885 [subscriber-2] [INFO] [subscriber]: Latency; '1119853'
1606306511.5472062 [subscriber-2] [INFO] [subscriber]: Latency; '1169404'
1606306511.5472240 [subscriber-2] [INFO] [subscriber]: Latency; '1189892'
1606306511.5472419 [subscriber-2] [INFO] [subscriber]: Latency; '1133097'
1606306511.5472593 [subscriber-2] [INFO] [subscriber]: Latency; '1125198'
1606306511.5472770 [subscriber-2] [INFO] [subscriber]: Latency; '1130845'
1606306511.5472951 [subscriber-2] [INFO] [subscriber]: Latency; '1166508'
1606306511.5473130 [subscriber-2] [INFO] [subscriber]: Latency; '1133017'
1606306511.5473306 [subscriber-2] [INFO] [subscriber]: Latency; '1193102'
1606306511.5473483 [subscriber-2] [INFO] [subscriber]: Latency; '1138729'
1606306511.5473659 [subscriber-2] [INFO] [subscriber]: Latency; '1160303'
1606306511.5473835 [subscriber-2] [INFO] [subscriber]: Latency; '1177430'
1606306511.5474014 [subscriber-2] [INFO] [subscriber]: Latency; '1144488'
1606306511.5474193 [subscriber-2] [INFO] [subscriber]: Latency; '1308220'
1606306511.5474374 [subscriber-2] [INFO] [subscriber]: Latency; '1176192'
1606306511.5474553 [subscriber-2] [INFO] [subscriber]: Latency; '1136280'
1606306511.5474730 [subscriber-2] [INFO] [subscriber]: Latency; '1169058'
1606306511.5474908 [subscriber-2] [INFO] [subscriber]: Latency; '1150041'
1606306511.5475085 [subscriber-2] [INFO] [subscriber]: Latency; '1193996'
1606306511.5475264 [subscriber-2] [INFO] [subscriber]: Latency; '1150424'
1606306511.5475440 [subscriber-2] [INFO] [subscriber]: Latency; '1148216'
1606306511.5475619 [subscriber-2] [INFO] [subscriber]: Latency; '1220753'
1606306511.5475798 [subscriber-2] [INFO] [subscriber]: Latency; '1205122'
1606306511.5475974 [subscriber-2] [INFO] [subscriber]: Latency; '1149731'
1606306511.5476151 [subscriber-2] [INFO] [subscriber]: Latency; '1131659'
1606306511.5476327 [subscriber-2] [INFO] [subscriber]: Latency; '1128526'
1606306511.5476506 [subscriber-2] [INFO] [subscriber]: Latency; '1186863'
1606306511.5476680 [subscriber-2] [INFO] [subscriber]: Latency; '1147979'
1606306511.5476856 [subscriber-2] [INFO] [subscriber]: Latency; '1219228'
1606306521.7538288 [subscriber-2] [INFO] [subscriber]: Latency; '1144133'
1606306521.7539012 [subscriber-2] [INFO] [subscriber]: Latency; '1164356'
1606306521.7539296 [subscriber-2] [INFO] [subscriber]: Latency; '1198572'
1606306521.7539544 [subscriber-2] [INFO] [subscriber]: Latency; '1176040'
1606306521.7539775 [subscriber-2] [INFO] [subscriber]: Latency; '1152722'
1606306521.7540004 [subscriber-2] [INFO] [subscriber]: Latency; '1133060'
1606306521.7540224 [subscriber-2] [INFO] [subscriber]: Latency; '1140678'
1606306521.7540441 [subscriber-2] [INFO] [subscriber]: Latency; '1165472'
1606306521.7540655 [subscriber-2] [INFO] [subscriber]: Latency; '1148709'
1606306521.7540865 [subscriber-2] [INFO] [subscriber]: Latency; '1202406'
1606306521.7541075 [subscriber-2] [INFO] [subscriber]: Latency; '1149629'
1606306521.7541280 [subscriber-2] [INFO] [subscriber]: Latency; '1145009'
1606306521.7541487 [subscriber-2] [INFO] [subscriber]: Latency; '1226898'
1606306521.7541690 [subscriber-2] [INFO] [subscriber]: Latency; '1206996'
1606306521.7541895 [subscriber-2] [INFO] [subscriber]: Latency; '1141287'
1606306521.7542102 [subscriber-2] [INFO] [subscriber]: Latency; '1200634'
1606306521.7542310 [subscriber-2] [INFO] [subscriber]: Latency; '1160029'
1606306521.7542517 [subscriber-2] [INFO] [subscriber]: Latency; '1176764'
1606306521.7542722 [subscriber-2] [INFO] [subscriber]: Latency; '1154990'
1606306521.7542930 [subscriber-2] [INFO] [subscriber]: Latency; '1242372'
1606306521.7543135 [subscriber-2] [INFO] [subscriber]: Latency; '1145317'
1606306521.7543337 [subscriber-2] [INFO] [subscriber]: Latency; '1151747'
1606306521.7543542 [subscriber-2] [INFO] [subscriber]: Latency; '1186805'
1606306521.7543750 [subscriber-2] [INFO] [subscriber]: Latency; '1148404'
1606306521.7543955 [subscriber-2] [INFO] [subscriber]: Latency; '1141014'
1606306521.7544160 [subscriber-2] [INFO] [subscriber]: Latency; '1122676'
1606306521.7544363 [subscriber-2] [INFO] [subscriber]: Latency; '1121213'
1606306521.7544565 [subscriber-2] [INFO] [subscriber]: Latency; '1181049'
1606306521.7544765 [subscriber-2] [INFO] [subscriber]: Latency; '1142306'
1606306521.7544971 [subscriber-2] [INFO] [subscriber]: Latency; '1197875'
1606306521.7545176 [subscriber-2] [INFO] [subscriber]: Latency; '1191442'
1606306521.7545378 [subscriber-2] [INFO] [subscriber]: Latency; '1141335'
1606306521.7545578 [subscriber-2] [INFO] [subscriber]: Latency; '1237664'
1606306521.7545784 [subscriber-2] [INFO] [subscriber]: Latency; '1207719'
1606306521.7545989 [subscriber-2] [INFO] [subscriber]: Latency; '1170172'
1606306521.7546189 [subscriber-2] [INFO] [subscriber]: Latency; '1159995'
1606306521.7546391 [subscriber-2] [INFO] [subscriber]: Latency; '1138554'
1606306521.7546594 [subscriber-2] [INFO] [subscriber]: Latency; '1186643'
1606306521.7546794 [subscriber-2] [INFO] [subscriber]: Latency; '1142723'
1606306521.7546995 [subscriber-2] [INFO] [subscriber]: Latency; '1213005'
1606306521.7547195 [subscriber-2] [INFO] [subscriber]: Latency; '1149197'
1606306521.7547395 [subscriber-2] [INFO] [subscriber]: Latency; '1285664'
1606306521.7547598 [subscriber-2] [INFO] [subscriber]: Latency; '1196576'
1606306521.7547798 [subscriber-2] [INFO] [subscriber]: Latency; '1158842'
1606306521.7548003 [subscriber-2] [INFO] [subscriber]: Latency; '1125937'
1606306521.7548203 [subscriber-2] [INFO] [subscriber]: Latency; '1189432'
1606306521.7548404 [subscriber-2] [INFO] [subscriber]: Latency; '1155895'
1606306521.7548606 [subscriber-2] [INFO] [subscriber]: Latency; '1159341'
1606306521.7548804 [subscriber-2] [INFO] [subscriber]: Latency; '1145498'
1606306521.7549007 [subscriber-2] [INFO] [subscriber]: Latency; '1184038'
1606306521.7549207 [subscriber-2] [INFO] [subscriber]: Latency; '1146059'
1606306521.7549410 [subscriber-2] [INFO] [subscriber]: Latency; '1138495'
1606306521.7549613 [subscriber-2] [INFO] [subscriber]: Latency; '1172506'
1606306521.7549810 [subscriber-2] [INFO] [subscriber]: Latency; '1191791'
1606306521.7550011 [subscriber-2] [INFO] [subscriber]: Latency; '1151054'
1606306521.7550251 [subscriber-2] [INFO] [subscriber]: Latency; '1120323'
1606306521.7550461 [subscriber-2] [INFO] [subscriber]: Latency; '1264744'
1606306521.7550664 [subscriber-2] [INFO] [subscriber]: Latency; '1206393'
1606306521.7550867 [subscriber-2] [INFO] [subscriber]: Latency; '1143541'
1606306521.7551069 [subscriber-2] [INFO] [subscriber]: Latency; '1190750'
1606306521.7551270 [subscriber-2] [INFO] [subscriber]: Latency; '1165922'
1606306521.7551470 [subscriber-2] [INFO] [subscriber]: Latency; '1152311'
1606306521.7551670 [subscriber-2] [INFO] [subscriber]: Latency; '1222587'
1606306521.7551875 [subscriber-2] [INFO] [subscriber]: Latency; '1173293'
1606306521.7552080 [subscriber-2] [INFO] [subscriber]: Latency; '1133429'
1606306521.7552280 [subscriber-2] [INFO] [subscriber]: Latency; '1129369'
1606306521.7552481 [subscriber-2] [INFO] [subscriber]: Latency; '1141222'
1606306521.7552683 [subscriber-2] [INFO] [subscriber]: Latency; '1159748'
1606306521.7552886 [subscriber-2] [INFO] [subscriber]: Latency; '1136938'
1606306521.7553089 [subscriber-2] [INFO] [subscriber]: Latency; '1234028'
1606306521.7553287 [subscriber-2] [INFO] [subscriber]: Latency; '1166440'
1606306521.7553489 [subscriber-2] [INFO] [subscriber]: Latency; '1127511'
1606306521.7553689 [subscriber-2] [INFO] [subscriber]: Latency; '1170494'
1606306521.7553890 [subscriber-2] [INFO] [subscriber]: Latency; '1186016'
1606306521.7554090 [subscriber-2] [INFO] [subscriber]: Latency; '1143360'
1606306521.7554290 [subscriber-2] [INFO] [subscriber]: Latency; '1136605'
1606306521.7554491 [subscriber-2] [INFO] [subscriber]: Latency; '1122059'
1606306521.7554691 [subscriber-2] [INFO] [subscriber]: Latency; '1172617'
1606306521.7554891 [subscriber-2] [INFO] [subscriber]: Latency; '1174761'
1606306521.7555089 [subscriber-2] [INFO] [subscriber]: Latency; '1199975'
1606306521.7555289 [subscriber-2] [INFO] [subscriber]: Latency; '1162465'
1606306521.7555487 [subscriber-2] [INFO] [subscriber]: Latency; '1158469'
1606306521.7555687 [subscriber-2] [INFO] [subscriber]: Latency; '1181045'
1606306521.7555881 [subscriber-2] [INFO] [subscriber]: Latency; '1155268'
1606306521.7556076 [subscriber-2] [INFO] [subscriber]: Latency; '1135835'
1606306521.7556272 [subscriber-2] [INFO] [subscriber]: Latency; '1131363'
1606306521.7556474 [subscriber-2] [INFO] [subscriber]: Latency; '1126241'
1606306521.7556672 [subscriber-2] [INFO] [subscriber]: Latency; '1294459'
1606306521.7556875 [subscriber-2] [INFO] [subscriber]: Latency; '1187582'
1606306521.7557077 [subscriber-2] [INFO] [subscriber]: Latency; '1189276'
1606306521.7557275 [subscriber-2] [INFO] [subscriber]: Latency; '1173108'
1606306521.7557476 [subscriber-2] [INFO] [subscriber]: Latency; '1161364'
1606306521.7557676 [subscriber-2] [INFO] [subscriber]: Latency; '1261348'
1606306521.7557876 [subscriber-2] [INFO] [subscriber]: Latency; '1211190'
1606306521.7558076 [subscriber-2] [INFO] [subscriber]: Latency; '1136892'
1606306521.7558277 [subscriber-2] [INFO] [subscriber]: Latency; '1142061'
1606306521.7558477 [subscriber-2] [INFO] [subscriber]: Latency; '1140910'
1606306521.7558677 [subscriber-2] [INFO] [subscriber]: Latency; '1176632'
1606306521.7558875 [subscriber-2] [INFO] [subscriber]: Latency; '1138463'
1606306521.7559075 [subscriber-2] [INFO] [subscriber]: Latency; '1202400'
1606306521.7559276 [subscriber-2] [INFO] [subscriber]: Latency; '1140564'
1606306521.7559474 [subscriber-2] [INFO] [subscriber]: Latency; '1137152'
1606306536.1079011 [WARNING] [launch]: user interrupted with ctrl-c (SIGINT)
1606306536.6236460 [subscriber-2] [INFO] [subscriber]: Latency; '1198953'
1606306536.6239069 [subscriber-2] [INFO] [subscriber]: Latency; '1175417'
1606306536.6240659 [subscriber-2] [INFO] [subscriber]: Latency; '1131022'
1606306536.6241989 [subscriber-2] [INFO] [subscriber]: Latency; '1136087'
1606306536.6243176 [subscriber-2] [INFO] [subscriber]: Latency; '1131777'
1606306536.6244292 [subscriber-2] [INFO] [subscriber]: Latency; '1166397'
1606306536.6245379 [subscriber-2] [INFO] [subscriber]: Latency; '1147973'
1606306536.6246760 [subscriber-2] [INFO] [subscriber]: Latency; '1210101'
1606306536.6248071 [subscriber-2] [INFO] [subscriber]: Latency; '1172776'
1606306536.6249189 [subscriber-2] [INFO] [subscriber]: Latency; '1152465'
1606306536.6250272 [subscriber-2] [INFO] [subscriber]: Latency; '1183322'
1606306536.6251340 [subscriber-2] [INFO] [subscriber]: Latency; '1184625'
1606306536.6252403 [subscriber-2] [INFO] [subscriber]: Latency; '1146591'
1606306536.6253469 [subscriber-2] [INFO] [subscriber]: Latency; '1136399'
1606306536.6254535 [subscriber-2] [INFO] [subscriber]: Latency; '1126288'
1606306536.6255598 [subscriber-2] [INFO] [subscriber]: Latency; '1180193'
1606306536.6256664 [subscriber-2] [INFO] [subscriber]: Latency; '1148592'
1606306536.6257737 [subscriber-2] [INFO] [subscriber]: Latency; '1163963'
1606306536.6258802 [subscriber-2] [INFO] [subscriber]: Latency; '1182527'
1606306536.6259871 [subscriber-2] [INFO] [subscriber]: Latency; '1123414'
1606306536.6260240 [subscriber-2] [INFO] [subscriber]: Latency; '1155488'
1606306536.6260419 [subscriber-2] [INFO] [subscriber]: Latency; '1146922'
1606306536.6260595 [subscriber-2] [INFO] [subscriber]: Latency; '1133547'
1606306536.6260772 [subscriber-2] [INFO] [subscriber]: Latency; '1123508'
1606306536.6260948 [subscriber-2] [INFO] [subscriber]: Latency; '1214737'
1606306536.6261125 [subscriber-2] [INFO] [subscriber]: Latency; '1254019'
1606306536.6261301 [subscriber-2] [INFO] [subscriber]: Latency; '1174045'
1606306536.6261477 [subscriber-2] [INFO] [subscriber]: Latency; '1237321'
1606306536.6261659 [subscriber-2] [INFO] [subscriber]: Latency; '1183086'
1606306536.6261833 [subscriber-2] [INFO] [subscriber]: Latency; '1165493'
1606306536.6262009 [subscriber-2] [INFO] [subscriber]: Latency; '1258940'
1606306536.6262188 [subscriber-2] [INFO] [subscriber]: Latency; '1242937'
1606306536.6262367 [subscriber-2] [INFO] [subscriber]: Latency; '1143562'
1606306536.6262546 [subscriber-2] [INFO] [subscriber]: Latency; '1134923'
1606306536.6262722 [subscriber-2] [INFO] [subscriber]: Latency; '1123159'
1606306536.6262898 [subscriber-2] [INFO] [subscriber]: Latency; '1176778'
1606306536.6263075 [subscriber-2] [INFO] [subscriber]: Latency; '1144465'
1606306536.6263256 [subscriber-2] [INFO] [subscriber]: Latency; '1310419'
1606306536.6263433 [subscriber-2] [INFO] [subscriber]: Latency; '1119693'
1606306536.6263611 [subscriber-2] [INFO] [subscriber]: Latency; '1159764'
1606306536.6263788 [subscriber-2] [INFO] [subscriber]: Latency; '1264894'
1606306536.6263964 [subscriber-2] [INFO] [subscriber]: Latency; '1170932'
1606306536.6264141 [subscriber-2] [INFO] [subscriber]: Latency; '1123887'
1606306536.6264319 [subscriber-2] [INFO] [subscriber]: Latency; '1168138'
1606306536.6264498 [subscriber-2] [INFO] [subscriber]: Latency; '1110545'
1606306536.6264679 [subscriber-2] [INFO] [subscriber]: Latency; '1236929'
1606306536.6264858 [subscriber-2] [INFO] [subscriber]: Latency; '1116413'
1606306536.6265039 [subscriber-2] [INFO] [subscriber]: Latency; '1155746'
1606306536.6265218 [subscriber-2] [INFO] [subscriber]: Latency; '1171046'
1606306536.6265395 [subscriber-2] [INFO] [subscriber]: Latency; '1130207'
1606306536.6265571 [subscriber-2] [INFO] [subscriber]: Latency; '1218533'
1606306536.6265748 [subscriber-2] [INFO] [subscriber]: Latency; '1205463'
1606306536.6265929 [subscriber-2] [INFO] [subscriber]: Latency; '1139738'
1606306536.6266108 [subscriber-2] [INFO] [subscriber]: Latency; '1154697'
1606306536.6266286 [subscriber-2] [INFO] [subscriber]: Latency; '1104049'
1606306536.6266465 [subscriber-2] [INFO] [subscriber]: Latency; '1249742'
1606306536.6266644 [subscriber-2] [INFO] [subscriber]: Latency; '1134502'
1606306536.6266820 [subscriber-2] [INFO] [subscriber]: Latency; '1170032'
1606306536.6266999 [subscriber-2] [INFO] [subscriber]: Latency; '1165594'
1606306536.6267178 [subscriber-2] [INFO] [subscriber]: Latency; '1148614'
1606306536.6267354 [subscriber-2] [INFO] [subscriber]: Latency; '1212714'
1606306536.6267533 [subscriber-2] [INFO] [subscriber]: Latency; '1157241'
1606306536.6267710 [subscriber-2] [INFO] [subscriber]: Latency; '1120310'
1606306536.6267910 [subscriber-2] [INFO] [subscriber]: Latency; '1124746'
1606306536.6268094 [subscriber-2] [INFO] [subscriber]: Latency; '1116961'
1606306536.6268272 [subscriber-2] [INFO] [subscriber]: Latency; '1158842'
1606306536.6268449 [subscriber-2] [INFO] [subscriber]: Latency; '1131983'
1606306536.6268625 [subscriber-2] [INFO] [subscriber]: Latency; '1172040'
1606306536.6268802 [subscriber-2] [INFO] [subscriber]: Latency; '1170588'
1606306536.6268978 [subscriber-2] [INFO] [subscriber]: Latency; '1145220'
1606306536.6269159 [subscriber-2] [INFO] [subscriber]: Latency; '1152728'
1606306536.6269338 [subscriber-2] [INFO] [subscriber]: Latency; '1175315'
1606306536.6269517 [subscriber-2] [INFO] [subscriber]: Latency; '1143114'
1606306536.6269698 [subscriber-2] [INFO] [subscriber]: Latency; '1122437'
1606306536.6269875 [subscriber-2] [INFO] [subscriber]: Latency; '1146953'
1606306536.6270051 [subscriber-2] [INFO] [subscriber]: Latency; '1183433'
1606306536.6270232 [subscriber-2] [INFO] [subscriber]: Latency; '1136783'
1606306536.6270409 [subscriber-2] [INFO] [subscriber]: Latency; '1230912'
1606306536.6270587 [subscriber-2] [INFO] [subscriber]: Latency; '1199492'
1606306536.6270766 [subscriber-2] [INFO] [rclcpp]: signal_handler(signal_value=2)
1606306536.6272755 [INFO] [publisher-1]: process has finished cleanly [pid 23295]
1606306536.6273625 [INFO] [subscriber-2]: process has finished cleanly [pid 23296]
