1606215748.5573747 [INFO] [launch]: All log files can be found below /home/daichi/.ros/log/2020-11-24-20-02-28-552212-zeus-2403
1606215748.5575025 [INFO] [launch]: Default logging verbosity is set to INFO
1606215748.5732405 [INFO] [publisher-1]: process started with pid [2415]
1606215748.5734689 [INFO] [subscriber-2]: process started with pid [2416]
1606215758.8862226 [subscriber-2] [INFO] [subscriber]: Latency; '30671564'
1606215758.8864958 [subscriber-2] [INFO] [subscriber]: Latency; '3638300'
1606215758.8866496 [subscriber-2] [INFO] [subscriber]: Latency; '3692387'
1606215758.8867769 [subscriber-2] [INFO] [subscriber]: Latency; '3668604'
1606215758.8868933 [subscriber-2] [INFO] [subscriber]: Latency; '3783200'
1606215758.8870053 [subscriber-2] [INFO] [subscriber]: Latency; '3722907'
1606215758.8871164 [subscriber-2] [INFO] [subscriber]: Latency; '3943488'
1606215758.8872275 [subscriber-2] [INFO] [subscriber]: Latency; '3813135'
1606215758.8873372 [subscriber-2] [INFO] [subscriber]: Latency; '3676265'
1606215758.8874474 [subscriber-2] [INFO] [subscriber]: Latency; '3774808'
1606215758.8875556 [subscriber-2] [INFO] [subscriber]: Latency; '3683230'
1606215758.8876646 [subscriber-2] [INFO] [subscriber]: Latency; '3646240'
1606215758.8877714 [subscriber-2] [INFO] [subscriber]: Latency; '3697071'
1606215758.8878779 [subscriber-2] [INFO] [subscriber]: Latency; '3681424'
1606215758.8879857 [subscriber-2] [INFO] [subscriber]: Latency; '3712585'
1606215758.8881257 [subscriber-2] [INFO] [subscriber]: Latency; '3744426'
1606215758.8882370 [subscriber-2] [INFO] [subscriber]: Latency; '3839047'
1606215758.8883476 [subscriber-2] [INFO] [subscriber]: Latency; '3742949'
1606215758.8884575 [subscriber-2] [INFO] [subscriber]: Latency; '3636754'
1606215758.8885689 [subscriber-2] [INFO] [subscriber]: Latency; '3664573'
1606215758.8886781 [subscriber-2] [INFO] [subscriber]: Latency; '3609855'
1606215758.8887861 [subscriber-2] [INFO] [subscriber]: Latency; '3608542'
1606215758.8888950 [subscriber-2] [INFO] [subscriber]: Latency; '3693300'
1606215758.8890040 [subscriber-2] [INFO] [subscriber]: Latency; '3639246'
1606215758.8891129 [subscriber-2] [INFO] [subscriber]: Latency; '3681074'
1606215758.8892219 [subscriber-2] [INFO] [subscriber]: Latency; '3721126'
1606215758.8893297 [subscriber-2] [INFO] [subscriber]: Latency; '3928394'
1606215758.8894372 [subscriber-2] [INFO] [subscriber]: Latency; '3832110'
1606215758.8895438 [subscriber-2] [INFO] [subscriber]: Latency; '3730615'
1606215758.8896501 [subscriber-2] [INFO] [subscriber]: Latency; '3743776'
1606215758.8897567 [subscriber-2] [INFO] [subscriber]: Latency; '3639736'
1606215758.8898633 [subscriber-2] [INFO] [subscriber]: Latency; '3588980'
1606215758.8899708 [subscriber-2] [INFO] [subscriber]: Latency; '1434453'
1606215758.8900769 [subscriber-2] [INFO] [subscriber]: Latency; '3658251'
1606215758.8901837 [subscriber-2] [INFO] [subscriber]: Latency; '3906316'
1606215758.8902903 [subscriber-2] [INFO] [subscriber]: Latency; '3689857'
1606215758.8903971 [subscriber-2] [INFO] [subscriber]: Latency; '3819982'
1606215758.8905046 [subscriber-2] [INFO] [subscriber]: Latency; '3736542'
1606215758.8906121 [subscriber-2] [INFO] [subscriber]: Latency; '3698365'
1606215758.8907204 [subscriber-2] [INFO] [subscriber]: Latency; '3639397'
1606215758.8908269 [subscriber-2] [INFO] [subscriber]: Latency; '3590976'
1606215758.8909342 [subscriber-2] [INFO] [subscriber]: Latency; '3628049'
1606215758.8910427 [subscriber-2] [INFO] [subscriber]: Latency; '3679668'
1606215758.8911505 [subscriber-2] [INFO] [subscriber]: Latency; '3604895'
1606215758.8912590 [subscriber-2] [INFO] [subscriber]: Latency; '3748571'
1606215758.8913672 [subscriber-2] [INFO] [subscriber]: Latency; '3634958'
1606215758.8914752 [subscriber-2] [INFO] [subscriber]: Latency; '3907749'
1606215758.8915832 [subscriber-2] [INFO] [subscriber]: Latency; '3739579'
1606215758.8916912 [subscriber-2] [INFO] [subscriber]: Latency; '3641517'
1606215758.8918002 [subscriber-2] [INFO] [subscriber]: Latency; '3646491'
1606215758.8919082 [subscriber-2] [INFO] [subscriber]: Latency; '3688617'
1606215758.8920493 [subscriber-2] [INFO] [subscriber]: Latency; '3621928'
1606215758.8921704 [subscriber-2] [INFO] [subscriber]: Latency; '3607217'
1606215758.8922815 [subscriber-2] [INFO] [subscriber]: Latency; '3618941'
1606215758.8923891 [subscriber-2] [INFO] [subscriber]: Latency; '3597820'
1606215758.8924973 [subscriber-2] [INFO] [subscriber]: Latency; '11752420'
1606215758.8926065 [subscriber-2] [INFO] [subscriber]: Latency; '3872518'
1606215758.8927157 [subscriber-2] [INFO] [subscriber]: Latency; '3790558'
1606215758.8928246 [subscriber-2] [INFO] [subscriber]: Latency; '3627030'
1606215758.8929329 [subscriber-2] [INFO] [subscriber]: Latency; '3712384'
1606215758.8930414 [subscriber-2] [INFO] [subscriber]: Latency; '3659990'
1606215758.8931508 [subscriber-2] [INFO] [subscriber]: Latency; '3636089'
1606215758.8932605 [subscriber-2] [INFO] [subscriber]: Latency; '3768820'
1606215758.8933694 [subscriber-2] [INFO] [subscriber]: Latency; '3687106'
1606215758.8934774 [subscriber-2] [INFO] [subscriber]: Latency; '4078827'
1606215758.8935854 [subscriber-2] [INFO] [subscriber]: Latency; '3797793'
1606215758.8936932 [subscriber-2] [INFO] [subscriber]: Latency; '3945376'
1606215758.8937998 [subscriber-2] [INFO] [subscriber]: Latency; '3828746'
1606215758.8939073 [subscriber-2] [INFO] [subscriber]: Latency; '3844584'
1606215758.8940139 [subscriber-2] [INFO] [subscriber]: Latency; '3897514'
1606215758.8941216 [subscriber-2] [INFO] [subscriber]: Latency; '3743265'
1606215758.8942289 [subscriber-2] [INFO] [subscriber]: Latency; '3718108'
1606215758.8943369 [subscriber-2] [INFO] [subscriber]: Latency; '3889962'
1606215758.8944440 [subscriber-2] [INFO] [subscriber]: Latency; '3684286'
1606215758.8945513 [subscriber-2] [INFO] [subscriber]: Latency; '3897443'
1606215758.8946581 [subscriber-2] [INFO] [subscriber]: Latency; '3807992'
1606215758.8947651 [subscriber-2] [INFO] [subscriber]: Latency; '3879994'
1606215758.8948710 [subscriber-2] [INFO] [subscriber]: Latency; '3827814'
1606215758.8949785 [subscriber-2] [INFO] [subscriber]: Latency; '3709651'
1606215758.8950837 [subscriber-2] [INFO] [subscriber]: Latency; '3757865'
1606215758.8951910 [subscriber-2] [INFO] [subscriber]: Latency; '3772635'
1606215758.8952975 [subscriber-2] [INFO] [subscriber]: Latency; '3701588'
1606215758.8954039 [subscriber-2] [INFO] [subscriber]: Latency; '3768161'
1606215758.8955107 [subscriber-2] [INFO] [subscriber]: Latency; '3809694'
1606215758.8956161 [subscriber-2] [INFO] [subscriber]: Latency; '3829795'
1606215758.8957224 [subscriber-2] [INFO] [subscriber]: Latency; '3797270'
1606215758.8958292 [subscriber-2] [INFO] [subscriber]: Latency; '3901103'
1606215758.8959365 [subscriber-2] [INFO] [subscriber]: Latency; '3788504'
1606215758.8960569 [subscriber-2] [INFO] [subscriber]: Latency; '3693068'
1606215758.8961701 [subscriber-2] [INFO] [subscriber]: Latency; '3838327'
1606215758.8962786 [subscriber-2] [INFO] [subscriber]: Latency; '3681676'
1606215758.8963850 [subscriber-2] [INFO] [subscriber]: Latency; '3711972'
1606215758.8964925 [subscriber-2] [INFO] [subscriber]: Latency; '3778283'
1606215758.8965993 [subscriber-2] [INFO] [subscriber]: Latency; '3707121'
1606215758.8967049 [subscriber-2] [INFO] [subscriber]: Latency; '3820266'
1606215758.8968115 [subscriber-2] [INFO] [subscriber]: Latency; '3749854'
1606215758.8969181 [subscriber-2] [INFO] [subscriber]: Latency; '3854830'
1606215758.8970251 [subscriber-2] [INFO] [subscriber]: Latency; '3813333'
1606215758.8971312 [subscriber-2] [INFO] [subscriber]: Latency; '3764866'
1606215758.8972385 [subscriber-2] [INFO] [subscriber]: Latency; '3756803'
1606215758.8973446 [subscriber-2] [INFO] [subscriber]: Latency; '3735288'
1606215758.8974509 [subscriber-2] [INFO] [subscriber]: Latency; '3729203'
1606215769.0860007 [subscriber-2] [INFO] [subscriber]: Latency; '3867088'
1606215769.0862708 [subscriber-2] [INFO] [subscriber]: Latency; '3765893'
1606215769.0864220 [subscriber-2] [INFO] [subscriber]: Latency; '3777898'
1606215769.0865498 [subscriber-2] [INFO] [subscriber]: Latency; '3795610'
1606215769.0866845 [subscriber-2] [INFO] [subscriber]: Latency; '3911746'
1606215769.0868027 [subscriber-2] [INFO] [subscriber]: Latency; '3814320'
1606215769.0869145 [subscriber-2] [INFO] [subscriber]: Latency; '3779817'
1606215769.0870240 [subscriber-2] [INFO] [subscriber]: Latency; '3784732'
1606215769.0871334 [subscriber-2] [INFO] [subscriber]: Latency; '3812450'
1606215769.0872419 [subscriber-2] [INFO] [subscriber]: Latency; '3816778'
1606215769.0873508 [subscriber-2] [INFO] [subscriber]: Latency; '3821393'
1606215769.0874603 [subscriber-2] [INFO] [subscriber]: Latency; '3763141'
1606215769.0875680 [subscriber-2] [INFO] [subscriber]: Latency; '3677408'
1606215769.0877256 [subscriber-2] [INFO] [subscriber]: Latency; '3720449'
1606215769.0879383 [subscriber-2] [INFO] [subscriber]: Latency; '3897206'
1606215769.0880966 [subscriber-2] [INFO] [subscriber]: Latency; '3853810'
1606215769.0882189 [subscriber-2] [INFO] [subscriber]: Latency; '3760727'
1606215769.0884171 [subscriber-2] [INFO] [subscriber]: Latency; '2165982'
1606215769.0885484 [subscriber-2] [INFO] [subscriber]: Latency; '3793081'
1606215769.0887518 [subscriber-2] [INFO] [subscriber]: Latency; '3743437'
1606215769.0888975 [subscriber-2] [INFO] [subscriber]: Latency; '3813179'
1606215769.0890167 [subscriber-2] [INFO] [subscriber]: Latency; '3775076'
1606215769.0891311 [subscriber-2] [INFO] [subscriber]: Latency; '3806137'
1606215769.0892422 [subscriber-2] [INFO] [subscriber]: Latency; '3837877'
1606215769.0893509 [subscriber-2] [INFO] [subscriber]: Latency; '3943919'
1606215769.0894611 [subscriber-2] [INFO] [subscriber]: Latency; '3850101'
1606215769.0895724 [subscriber-2] [INFO] [subscriber]: Latency; '3730015'
1606215769.0896823 [subscriber-2] [INFO] [subscriber]: Latency; '3811499'
1606215769.0897915 [subscriber-2] [INFO] [subscriber]: Latency; '3740440'
1606215769.0899019 [subscriber-2] [INFO] [subscriber]: Latency; '3714681'
1606215769.0900116 [subscriber-2] [INFO] [subscriber]: Latency; '3766641'
1606215769.0901220 [subscriber-2] [INFO] [subscriber]: Latency; '3656482'
1606215769.0902317 [subscriber-2] [INFO] [subscriber]: Latency; '3656609'
1606215769.0903411 [subscriber-2] [INFO] [subscriber]: Latency; '4005107'
1606215769.0904510 [subscriber-2] [INFO] [subscriber]: Latency; '1226381'
1606215769.0905561 [subscriber-2] [INFO] [subscriber]: Latency; '3756290'
1606215769.0905745 [subscriber-2] [INFO] [subscriber]: Latency; '3727606'
1606215769.0905929 [subscriber-2] [INFO] [subscriber]: Latency; '3719486'
1606215769.0906112 [subscriber-2] [INFO] [subscriber]: Latency; '3628429'
1606215769.0906293 [subscriber-2] [INFO] [subscriber]: Latency; '3669763'
1606215769.0906477 [subscriber-2] [INFO] [subscriber]: Latency; '4789955'
1606215769.0906663 [subscriber-2] [INFO] [subscriber]: Latency; '4762555'
1606215769.0906844 [subscriber-2] [INFO] [subscriber]: Latency; '4779886'
1606215769.0907028 [subscriber-2] [INFO] [subscriber]: Latency; '4741039'
1606215769.0907207 [subscriber-2] [INFO] [subscriber]: Latency; '4856701'
1606215769.0907395 [subscriber-2] [INFO] [subscriber]: Latency; '4779444'
1606215769.0907576 [subscriber-2] [INFO] [subscriber]: Latency; '4776601'
1606215769.0907757 [subscriber-2] [INFO] [subscriber]: Latency; '4750771'
1606215769.0907936 [subscriber-2] [INFO] [subscriber]: Latency; '4726188'
1606215769.0908120 [subscriber-2] [INFO] [subscriber]: Latency; '4659676'
1606215769.0908303 [subscriber-2] [INFO] [subscriber]: Latency; '1869038'
1606215769.0908484 [subscriber-2] [INFO] [subscriber]: Latency; '4764688'
1606215769.0908668 [subscriber-2] [INFO] [subscriber]: Latency; '2266850'
1606215769.0908852 [subscriber-2] [INFO] [subscriber]: Latency; '4241868'
1606215769.0909033 [subscriber-2] [INFO] [subscriber]: Latency; '3905990'
1606215769.0909214 [subscriber-2] [INFO] [subscriber]: Latency; '3781057'
1606215769.0909393 [subscriber-2] [INFO] [subscriber]: Latency; '3585980'
1606215769.0909576 [subscriber-2] [INFO] [subscriber]: Latency; '3502968'
1606215769.0909758 [subscriber-2] [INFO] [subscriber]: Latency; '11367952'
1606215769.0909941 [subscriber-2] [INFO] [subscriber]: Latency; '4056043'
1606215769.0910156 [subscriber-2] [INFO] [subscriber]: Latency; '4029172'
1606215769.0910349 [subscriber-2] [INFO] [subscriber]: Latency; '3817436'
1606215769.0910535 [subscriber-2] [INFO] [subscriber]: Latency; '3994146'
1606215769.0910721 [subscriber-2] [INFO] [subscriber]: Latency; '11388114'
1606215769.0910902 [subscriber-2] [INFO] [subscriber]: Latency; '4025020'
1606215769.0911088 [subscriber-2] [INFO] [subscriber]: Latency; '3854180'
1606215769.0911272 [subscriber-2] [INFO] [subscriber]: Latency; '3747433'
1606215769.0911455 [subscriber-2] [INFO] [subscriber]: Latency; '4077861'
1606215769.0911639 [subscriber-2] [INFO] [subscriber]: Latency; '4001629'
1606215769.0911820 [subscriber-2] [INFO] [subscriber]: Latency; '3959854'
1606215769.0912004 [subscriber-2] [INFO] [subscriber]: Latency; '3843267'
1606215769.0912187 [subscriber-2] [INFO] [subscriber]: Latency; '3952044'
1606215769.0912368 [subscriber-2] [INFO] [subscriber]: Latency; '3964277'
1606215769.0912552 [subscriber-2] [INFO] [subscriber]: Latency; '3873889'
1606215769.0912738 [subscriber-2] [INFO] [subscriber]: Latency; '3960125'
1606215769.0912921 [subscriber-2] [INFO] [subscriber]: Latency; '3894094'
1606215769.0913105 [subscriber-2] [INFO] [subscriber]: Latency; '3818463'
1606215769.0913291 [subscriber-2] [INFO] [subscriber]: Latency; '3745090'
1606215769.0913477 [subscriber-2] [INFO] [subscriber]: Latency; '3725718'
1606215769.0913661 [subscriber-2] [INFO] [subscriber]: Latency; '3725799'
1606215769.0913844 [subscriber-2] [INFO] [subscriber]: Latency; '3797121'
1606215769.0914025 [subscriber-2] [INFO] [subscriber]: Latency; '3755004'
1606215769.0914209 [subscriber-2] [INFO] [subscriber]: Latency; '3807237'
1606215769.0914388 [subscriber-2] [INFO] [subscriber]: Latency; '3766558'
1606215769.0914571 [subscriber-2] [INFO] [subscriber]: Latency; '3948530'
1606215769.0914752 [subscriber-2] [INFO] [subscriber]: Latency; '3873365'
1606215769.0914936 [subscriber-2] [INFO] [subscriber]: Latency; '3874452'
1606215769.0915117 [subscriber-2] [INFO] [subscriber]: Latency; '3931164'
1606215769.0915306 [subscriber-2] [INFO] [subscriber]: Latency; '3818845'
1606215769.0915487 [subscriber-2] [INFO] [subscriber]: Latency; '3840468'
1606215769.0915670 [subscriber-2] [INFO] [subscriber]: Latency; '1514598'
1606215769.0915856 [subscriber-2] [INFO] [subscriber]: Latency; '3851139'
1606215769.0916040 [subscriber-2] [INFO] [subscriber]: Latency; '3854470'
1606215769.0916221 [subscriber-2] [INFO] [subscriber]: Latency; '3913306'
1606215769.0916402 [subscriber-2] [INFO] [subscriber]: Latency; '4076023'
1606215769.0916591 [subscriber-2] [INFO] [subscriber]: Latency; '3950012'
1606215769.0916772 [subscriber-2] [INFO] [subscriber]: Latency; '3934681'
1606215769.0916958 [subscriber-2] [INFO] [subscriber]: Latency; '3930864'
1606215769.0917144 [subscriber-2] [INFO] [subscriber]: Latency; '3775258'
1606215769.0917330 [subscriber-2] [INFO] [subscriber]: Latency; '3828345'
1606215769.0917511 [subscriber-2] [INFO] [subscriber]: Latency; '3891532'
1606215769.0917833 [subscriber-2] [INFO] [subscriber]: Latency; '3863790'
1606215779.3859515 [subscriber-2] [INFO] [subscriber]: Latency; '3909680'
1606215779.3862298 [subscriber-2] [INFO] [subscriber]: Latency; '3910707'
1606215779.3863878 [subscriber-2] [INFO] [subscriber]: Latency; '4028825'
1606215779.3865190 [subscriber-2] [INFO] [subscriber]: Latency; '3843839'
1606215779.3866413 [subscriber-2] [INFO] [subscriber]: Latency; '3820582'
1606215779.3867576 [subscriber-2] [INFO] [subscriber]: Latency; '3858026'
1606215779.3868713 [subscriber-2] [INFO] [subscriber]: Latency; '3801757'
1606215779.3869827 [subscriber-2] [INFO] [subscriber]: Latency; '3798574'
1606215779.3870940 [subscriber-2] [INFO] [subscriber]: Latency; '3815690'
1606215779.3872044 [subscriber-2] [INFO] [subscriber]: Latency; '3728336'
1606215779.3873143 [subscriber-2] [INFO] [subscriber]: Latency; '3833266'
1606215779.3874242 [subscriber-2] [INFO] [subscriber]: Latency; '3827600'
1606215779.3875327 [subscriber-2] [INFO] [subscriber]: Latency; '3910940'
1606215779.3876588 [subscriber-2] [INFO] [subscriber]: Latency; '3811820'
1606215779.3877711 [subscriber-2] [INFO] [subscriber]: Latency; '3744253'
1606215779.3878348 [subscriber-2] [INFO] [subscriber]: Latency; '3889055'
1606215779.3878534 [subscriber-2] [INFO] [subscriber]: Latency; '3745263'
1606215779.3878725 [subscriber-2] [INFO] [subscriber]: Latency; '3815796'
1606215779.3878915 [subscriber-2] [INFO] [subscriber]: Latency; '3816720'
1606215779.3879104 [subscriber-2] [INFO] [subscriber]: Latency; '3824364'
1606215779.3879294 [subscriber-2] [INFO] [subscriber]: Latency; '3876727'
1606215779.3879485 [subscriber-2] [INFO] [subscriber]: Latency; '3889683'
1606215779.3879864 [subscriber-2] [INFO] [subscriber]: Latency; '3940431'
1606215779.3880110 [subscriber-2] [INFO] [subscriber]: Latency; '1737860'
1606215779.3880541 [subscriber-2] [INFO] [subscriber]: Latency; '3816414'
1606215779.3880885 [subscriber-2] [INFO] [subscriber]: Latency; '3923681'
1606215779.3881087 [subscriber-2] [INFO] [subscriber]: Latency; '3832681'
1606215779.3881288 [subscriber-2] [INFO] [subscriber]: Latency; '3709960'
1606215779.3881485 [subscriber-2] [INFO] [subscriber]: Latency; '1485464'
1606215779.3881674 [subscriber-2] [INFO] [subscriber]: Latency; '3728079'
1606215779.3881867 [subscriber-2] [INFO] [subscriber]: Latency; '3796206'
1606215779.3882055 [subscriber-2] [INFO] [subscriber]: Latency; '3829380'
1606215779.3882248 [subscriber-2] [INFO] [subscriber]: Latency; '3901649'
1606215779.3882437 [subscriber-2] [INFO] [subscriber]: Latency; '1651994'
1606215779.3882627 [subscriber-2] [INFO] [subscriber]: Latency; '3790658'
1606215779.3882816 [subscriber-2] [INFO] [subscriber]: Latency; '3763388'
1606215779.3883007 [subscriber-2] [INFO] [subscriber]: Latency; '3748368'
1606215779.3883195 [subscriber-2] [INFO] [subscriber]: Latency; '3710631'
1606215779.3883388 [subscriber-2] [INFO] [subscriber]: Latency; '3847406'
1606215779.3883576 [subscriber-2] [INFO] [subscriber]: Latency; '3967329'
1606215779.3883765 [subscriber-2] [INFO] [subscriber]: Latency; '3859646'
1606215779.3883955 [subscriber-2] [INFO] [subscriber]: Latency; '3790074'
1606215779.3884144 [subscriber-2] [INFO] [subscriber]: Latency; '3903602'
1606215779.3884335 [subscriber-2] [INFO] [subscriber]: Latency; '3866353'
1606215779.3884521 [subscriber-2] [INFO] [subscriber]: Latency; '3733015'
1606215779.3884709 [subscriber-2] [INFO] [subscriber]: Latency; '3751720'
1606215779.3884897 [subscriber-2] [INFO] [subscriber]: Latency; '3714225'
1606215779.3885081 [subscriber-2] [INFO] [subscriber]: Latency; '3740314'
1606215779.3885272 [subscriber-2] [INFO] [subscriber]: Latency; '3723079'
1606215779.3885458 [subscriber-2] [INFO] [subscriber]: Latency; '3716240'
1606215779.3885646 [subscriber-2] [INFO] [subscriber]: Latency; '3751621'
1606215779.3885834 [subscriber-2] [INFO] [subscriber]: Latency; '3710347'
1606215779.3886020 [subscriber-2] [INFO] [subscriber]: Latency; '3953234'
1606215779.3886211 [subscriber-2] [INFO] [subscriber]: Latency; '3855962'
1606215779.3886397 [subscriber-2] [INFO] [subscriber]: Latency; '3728768'
1606215779.3886588 [subscriber-2] [INFO] [subscriber]: Latency; '3736610'
1606215779.3886774 [subscriber-2] [INFO] [subscriber]: Latency; '3737586'
1606215779.3886964 [subscriber-2] [INFO] [subscriber]: Latency; '3723197'
1606215779.3887150 [subscriber-2] [INFO] [subscriber]: Latency; '3898387'
1606215779.3887336 [subscriber-2] [INFO] [subscriber]: Latency; '3923034'
1606215779.3887527 [subscriber-2] [INFO] [subscriber]: Latency; '11596403'
1606215779.3887713 [subscriber-2] [INFO] [subscriber]: Latency; '11627645'
1606215779.3887906 [subscriber-2] [INFO] [subscriber]: Latency; '11426221'
1606215779.3888092 [subscriber-2] [INFO] [subscriber]: Latency; '3872148'
1606215779.3888283 [subscriber-2] [INFO] [subscriber]: Latency; '4710287'
1606215779.3888471 [subscriber-2] [INFO] [subscriber]: Latency; '3963175'
1606215779.3888659 [subscriber-2] [INFO] [subscriber]: Latency; '3818636'
1606215779.3888850 [subscriber-2] [INFO] [subscriber]: Latency; '3815646'
1606215779.3889067 [subscriber-2] [INFO] [subscriber]: Latency; '3848817'
1606215779.3889265 [subscriber-2] [INFO] [subscriber]: Latency; '3727931'
1606215779.3889453 [subscriber-2] [INFO] [subscriber]: Latency; '3745728'
1606215779.3889644 [subscriber-2] [INFO] [subscriber]: Latency; '3740503'
1606215779.3889830 [subscriber-2] [INFO] [subscriber]: Latency; '3885287'
1606215779.3890018 [subscriber-2] [INFO] [subscriber]: Latency; '3905364'
1606215779.3890207 [subscriber-2] [INFO] [subscriber]: Latency; '3795672'
1606215779.3890393 [subscriber-2] [INFO] [subscriber]: Latency; '3778502'
1606215779.3890581 [subscriber-2] [INFO] [subscriber]: Latency; '3702740'
1606215779.3890769 [subscriber-2] [INFO] [subscriber]: Latency; '3723656'
1606215779.3890963 [subscriber-2] [INFO] [subscriber]: Latency; '3763954'
1606215779.3891149 [subscriber-2] [INFO] [subscriber]: Latency; '3764486'
1606215779.3891335 [subscriber-2] [INFO] [subscriber]: Latency; '3726579'
1606215779.3891523 [subscriber-2] [INFO] [subscriber]: Latency; '3809421'
1606215779.3891709 [subscriber-2] [INFO] [subscriber]: Latency; '3921146'
1606215779.3891895 [subscriber-2] [INFO] [subscriber]: Latency; '3903502'
1606215779.3892081 [subscriber-2] [INFO] [subscriber]: Latency; '3708749'
1606215779.3892267 [subscriber-2] [INFO] [subscriber]: Latency; '3730052'
1606215779.3892455 [subscriber-2] [INFO] [subscriber]: Latency; '3715946'
1606215779.3892641 [subscriber-2] [INFO] [subscriber]: Latency; '3652721'
1606215779.3892827 [subscriber-2] [INFO] [subscriber]: Latency; '3738550'
1606215779.3893013 [subscriber-2] [INFO] [subscriber]: Latency; '3705515'
1606215779.3893199 [subscriber-2] [INFO] [subscriber]: Latency; '3716403'
1606215779.3893383 [subscriber-2] [INFO] [subscriber]: Latency; '3785366'
1606215779.3893571 [subscriber-2] [INFO] [subscriber]: Latency; '3795676'
1606215779.3893757 [subscriber-2] [INFO] [subscriber]: Latency; '3833923'
1606215779.3893948 [subscriber-2] [INFO] [subscriber]: Latency; '3749028'
1606215779.3894134 [subscriber-2] [INFO] [subscriber]: Latency; '3744224'
1606215779.3894320 [subscriber-2] [INFO] [subscriber]: Latency; '3773474'
1606215779.3894506 [subscriber-2] [INFO] [subscriber]: Latency; '3731233'
1606215779.3894694 [subscriber-2] [INFO] [subscriber]: Latency; '3783450'
1606215779.3894882 [subscriber-2] [INFO] [subscriber]: Latency; '3862772'
1606215779.3895068 [subscriber-2] [INFO] [subscriber]: Latency; '3718872'
1606215779.3895254 [subscriber-2] [INFO] [subscriber]: Latency; '3760657'
1606215779.3895440 [subscriber-2] [INFO] [subscriber]: Latency; '3928570'
1606215789.5858786 [subscriber-2] [INFO] [subscriber]: Latency; '3792404'
1606215789.5861695 [subscriber-2] [INFO] [subscriber]: Latency; '3751129'
1606215789.5869970 [subscriber-2] [INFO] [subscriber]: Latency; '3740197'
1606215789.5872407 [subscriber-2] [INFO] [subscriber]: Latency; '3755712'
1606215789.5874960 [subscriber-2] [INFO] [subscriber]: Latency; '3755886'
1606215789.5876575 [subscriber-2] [INFO] [subscriber]: Latency; '1508446'
1606215789.5877891 [subscriber-2] [INFO] [subscriber]: Latency; '3768349'
1606215789.5879085 [subscriber-2] [INFO] [subscriber]: Latency; '3670192'
1606215789.5880482 [subscriber-2] [INFO] [subscriber]: Latency; '3780744'
1606215789.5881722 [subscriber-2] [INFO] [subscriber]: Latency; '3858288'
1606215789.5882859 [subscriber-2] [INFO] [subscriber]: Latency; '3863623'
1606215789.5883977 [subscriber-2] [INFO] [subscriber]: Latency; '3789764'
1606215789.5885088 [subscriber-2] [INFO] [subscriber]: Latency; '3785234'
1606215789.5886192 [subscriber-2] [INFO] [subscriber]: Latency; '3720107'
1606215789.5887296 [subscriber-2] [INFO] [subscriber]: Latency; '3718651'
1606215789.5888412 [subscriber-2] [INFO] [subscriber]: Latency; '3775735'
1606215789.5889509 [subscriber-2] [INFO] [subscriber]: Latency; '3700028'
1606215789.5890598 [subscriber-2] [INFO] [subscriber]: Latency; '3725164'
1606215789.5891707 [subscriber-2] [INFO] [subscriber]: Latency; '3734178'
1606215789.5892782 [subscriber-2] [INFO] [subscriber]: Latency; '3978089'
1606215789.5893869 [subscriber-2] [INFO] [subscriber]: Latency; '3733003'
1606215789.5895138 [subscriber-2] [INFO] [subscriber]: Latency; '3674504'
1606215789.5896258 [subscriber-2] [INFO] [subscriber]: Latency; '3699335'
1606215789.5897324 [subscriber-2] [INFO] [subscriber]: Latency; '3772539'
1606215789.5898407 [subscriber-2] [INFO] [subscriber]: Latency; '3738807'
1606215789.5899482 [subscriber-2] [INFO] [subscriber]: Latency; '3703916'
1606215789.5900557 [subscriber-2] [INFO] [subscriber]: Latency; '3722503'
1606215789.5901628 [subscriber-2] [INFO] [subscriber]: Latency; '3604730'
1606215789.5902700 [subscriber-2] [INFO] [subscriber]: Latency; '3751182'
1606215789.5903776 [subscriber-2] [INFO] [subscriber]: Latency; '3891756'
1606215789.5904853 [subscriber-2] [INFO] [subscriber]: Latency; '3859731'
1606215789.5905917 [subscriber-2] [INFO] [subscriber]: Latency; '3661373'
1606215789.5906980 [subscriber-2] [INFO] [subscriber]: Latency; '3680427'
1606215789.5908043 [subscriber-2] [INFO] [subscriber]: Latency; '3762819'
1606215789.5909116 [subscriber-2] [INFO] [subscriber]: Latency; '11513481'
1606215789.5910196 [subscriber-2] [INFO] [subscriber]: Latency; '3736981'
1606215789.5911262 [subscriber-2] [INFO] [subscriber]: Latency; '2410183'
1606215789.5912333 [subscriber-2] [INFO] [subscriber]: Latency; '3789668'
1606215789.5913429 [subscriber-2] [INFO] [subscriber]: Latency; '3801626'
1606215789.5914495 [subscriber-2] [INFO] [subscriber]: Latency; '3932735'
1606215789.5915568 [subscriber-2] [INFO] [subscriber]: Latency; '3829915'
1606215789.5916641 [subscriber-2] [INFO] [subscriber]: Latency; '3734845'
1606215789.5917702 [subscriber-2] [INFO] [subscriber]: Latency; '3815250'
1606215789.5918756 [subscriber-2] [INFO] [subscriber]: Latency; '3654658'
1606215789.5919816 [subscriber-2] [INFO] [subscriber]: Latency; '3714027'
1606215789.5920367 [subscriber-2] [INFO] [subscriber]: Latency; '1318702'
1606215789.5920553 [subscriber-2] [INFO] [subscriber]: Latency; '3752408'
1606215789.5920737 [subscriber-2] [INFO] [subscriber]: Latency; '3619031'
1606215789.5920923 [subscriber-2] [INFO] [subscriber]: Latency; '3658173'
1606215789.5921106 [subscriber-2] [INFO] [subscriber]: Latency; '3911077'
1606215789.5921290 [subscriber-2] [INFO] [subscriber]: Latency; '3874142'
1606215789.5921474 [subscriber-2] [INFO] [subscriber]: Latency; '3691460'
1606215789.5921664 [subscriber-2] [INFO] [subscriber]: Latency; '3742843'
1606215789.5921850 [subscriber-2] [INFO] [subscriber]: Latency; '3695118'
1606215789.5922039 [subscriber-2] [INFO] [subscriber]: Latency; '3736358'
1606215789.5922225 [subscriber-2] [INFO] [subscriber]: Latency; '3753650'
1606215789.5922415 [subscriber-2] [INFO] [subscriber]: Latency; '3743891'
1606215789.5922601 [subscriber-2] [INFO] [subscriber]: Latency; '11705198'
1606215789.5922787 [subscriber-2] [INFO] [subscriber]: Latency; '11612068'
1606215789.5922978 [subscriber-2] [INFO] [subscriber]: Latency; '4021698'
1606215789.5923164 [subscriber-2] [INFO] [subscriber]: Latency; '3736320'
1606215789.5923350 [subscriber-2] [INFO] [subscriber]: Latency; '3727574'
1606215789.5923538 [subscriber-2] [INFO] [subscriber]: Latency; '3746272'
1606215789.5923727 [subscriber-2] [INFO] [subscriber]: Latency; '3805939'
1606215789.5923917 [subscriber-2] [INFO] [subscriber]: Latency; '3711289'
1606215789.5924106 [subscriber-2] [INFO] [subscriber]: Latency; '3728390'
1606215789.5924292 [subscriber-2] [INFO] [subscriber]: Latency; '3729353'
1606215789.5924480 [subscriber-2] [INFO] [subscriber]: Latency; '3661639'
1606215789.5924666 [subscriber-2] [INFO] [subscriber]: Latency; '3729421'
1606215789.5924857 [subscriber-2] [INFO] [subscriber]: Latency; '3864429'
1606215789.5925043 [subscriber-2] [INFO] [subscriber]: Latency; '3784293'
1606215789.5925231 [subscriber-2] [INFO] [subscriber]: Latency; '3682450'
1606215789.5925415 [subscriber-2] [INFO] [subscriber]: Latency; '3692773'
1606215789.5925603 [subscriber-2] [INFO] [subscriber]: Latency; '3722674'
1606215789.5925791 [subscriber-2] [INFO] [subscriber]: Latency; '3726464'
1606215789.5925982 [subscriber-2] [INFO] [subscriber]: Latency; '3714969'
1606215789.5926192 [subscriber-2] [INFO] [subscriber]: Latency; '3746319'
1606215789.5926385 [subscriber-2] [INFO] [subscriber]: Latency; '3702991'
1606215789.5926573 [subscriber-2] [INFO] [subscriber]: Latency; '3723293'
1606215789.5926762 [subscriber-2] [INFO] [subscriber]: Latency; '3881793'
1606215789.5926948 [subscriber-2] [INFO] [subscriber]: Latency; '3964310'
1606215789.5927134 [subscriber-2] [INFO] [subscriber]: Latency; '3758224'
1606215789.5927324 [subscriber-2] [INFO] [subscriber]: Latency; '3735336'
1606215789.5927510 [subscriber-2] [INFO] [subscriber]: Latency; '3723940'
1606215789.5927699 [subscriber-2] [INFO] [subscriber]: Latency; '3704895'
1606215789.5927885 [subscriber-2] [INFO] [subscriber]: Latency; '1501307'
1606215789.5928071 [subscriber-2] [INFO] [subscriber]: Latency; '3670710'
1606215789.5928261 [subscriber-2] [INFO] [subscriber]: Latency; '3714332'
1606215789.5928447 [subscriber-2] [INFO] [subscriber]: Latency; '3789575'
1606215789.5928633 [subscriber-2] [INFO] [subscriber]: Latency; '3932568'
1606215789.5928822 [subscriber-2] [INFO] [subscriber]: Latency; '3874214'
1606215789.5929005 [subscriber-2] [INFO] [subscriber]: Latency; '3707043'
1606215789.5929196 [subscriber-2] [INFO] [subscriber]: Latency; '3733385'
1606215789.5929387 [subscriber-2] [INFO] [subscriber]: Latency; '3755169'
1606215789.5929573 [subscriber-2] [INFO] [subscriber]: Latency; '3710209'
1606215789.5929763 [subscriber-2] [INFO] [subscriber]: Latency; '3799244'
1606215789.5929952 [subscriber-2] [INFO] [subscriber]: Latency; '3805508'
1606215789.5930138 [subscriber-2] [INFO] [subscriber]: Latency; '3690121'
1606215789.5930326 [subscriber-2] [INFO] [subscriber]: Latency; '3759360'
1606215789.5930519 [subscriber-2] [INFO] [subscriber]: Latency; '3983301'
1606215789.5930705 [subscriber-2] [INFO] [subscriber]: Latency; '3880868'
1606215789.5930893 [subscriber-2] [INFO] [subscriber]: Latency; '3788391'
1606215799.7859128 [subscriber-2] [INFO] [subscriber]: Latency; '3726472'
1606215799.7861805 [subscriber-2] [INFO] [subscriber]: Latency; '3805766'
1606215799.7863333 [subscriber-2] [INFO] [subscriber]: Latency; '3839326'
1606215799.7864628 [subscriber-2] [INFO] [subscriber]: Latency; '3799010'
1606215799.7865813 [subscriber-2] [INFO] [subscriber]: Latency; '3698677'
1606215799.7866964 [subscriber-2] [INFO] [subscriber]: Latency; '3674883'
1606215799.7868092 [subscriber-2] [INFO] [subscriber]: Latency; '3733657'
1606215799.7869198 [subscriber-2] [INFO] [subscriber]: Latency; '4042648'
1606215799.7870295 [subscriber-2] [INFO] [subscriber]: Latency; '3894220'
1606215799.7871394 [subscriber-2] [INFO] [subscriber]: Latency; '3829131'
1606215799.7872486 [subscriber-2] [INFO] [subscriber]: Latency; '3791146'
1606215799.7873592 [subscriber-2] [INFO] [subscriber]: Latency; '3738792'
1606215799.7874703 [subscriber-2] [INFO] [subscriber]: Latency; '3665887'
1606215799.7875810 [subscriber-2] [INFO] [subscriber]: Latency; '3717807'
1606215799.7876897 [subscriber-2] [INFO] [subscriber]: Latency; '3819856'
1606215799.7877982 [subscriber-2] [INFO] [subscriber]: Latency; '3823513'
1606215799.7879071 [subscriber-2] [INFO] [subscriber]: Latency; '3781767'
1606215799.7880156 [subscriber-2] [INFO] [subscriber]: Latency; '3966761'
1606215799.7881613 [subscriber-2] [INFO] [subscriber]: Latency; '3826653'
1606215799.7882705 [subscriber-2] [INFO] [subscriber]: Latency; '3676692'
1606215799.7883785 [subscriber-2] [INFO] [subscriber]: Latency; '3797427'
1606215799.7884870 [subscriber-2] [INFO] [subscriber]: Latency; '3773029'
1606215799.7885966 [subscriber-2] [INFO] [subscriber]: Latency; '3759145'
1606215799.7887042 [subscriber-2] [INFO] [subscriber]: Latency; '1333928'
1606215799.7888114 [subscriber-2] [INFO] [subscriber]: Latency; '3835147'
1606215799.7889185 [subscriber-2] [INFO] [subscriber]: Latency; '3814661'
1606215799.7890265 [subscriber-2] [INFO] [subscriber]: Latency; '3763304'
1606215799.7891338 [subscriber-2] [INFO] [subscriber]: Latency; '3948561'
1606215799.7892404 [subscriber-2] [INFO] [subscriber]: Latency; '3866321'
1606215799.7893634 [subscriber-2] [INFO] [subscriber]: Latency; '3716586'
1606215799.7894740 [subscriber-2] [INFO] [subscriber]: Latency; '3716178'
1606215799.7895808 [subscriber-2] [INFO] [subscriber]: Latency; '3772004'
1606215799.7896864 [subscriber-2] [INFO] [subscriber]: Latency; '3737894'
1606215799.7897925 [subscriber-2] [INFO] [subscriber]: Latency; '3767069'
1606215799.7898982 [subscriber-2] [INFO] [subscriber]: Latency; '3958978'
1606215799.7900057 [subscriber-2] [INFO] [subscriber]: Latency; '3735742'
1606215799.7901123 [subscriber-2] [INFO] [subscriber]: Latency; '3787234'
1606215799.7902195 [subscriber-2] [INFO] [subscriber]: Latency; '11917637'
1606215799.7903266 [subscriber-2] [INFO] [subscriber]: Latency; '3848813'
1606215799.7904344 [subscriber-2] [INFO] [subscriber]: Latency; '3742962'
1606215799.7905405 [subscriber-2] [INFO] [subscriber]: Latency; '3702110'
1606215799.7906477 [subscriber-2] [INFO] [subscriber]: Latency; '3845260'
1606215799.7907565 [subscriber-2] [INFO] [subscriber]: Latency; '3804239'
1606215799.7908633 [subscriber-2] [INFO] [subscriber]: Latency; '3864626'
1606215799.7909694 [subscriber-2] [INFO] [subscriber]: Latency; '3865064'
1606215799.7910745 [subscriber-2] [INFO] [subscriber]: Latency; '3856944'
1606215799.7911804 [subscriber-2] [INFO] [subscriber]: Latency; '3859060'
1606215799.7912872 [subscriber-2] [INFO] [subscriber]: Latency; '4024924'
1606215799.7913218 [subscriber-2] [INFO] [subscriber]: Latency; '3904916'
1606215799.7913396 [subscriber-2] [INFO] [subscriber]: Latency; '3815100'
1606215799.7913573 [subscriber-2] [INFO] [subscriber]: Latency; '4022056'
1606215799.7913747 [subscriber-2] [INFO] [subscriber]: Latency; '3852114'
1606215799.7913923 [subscriber-2] [INFO] [subscriber]: Latency; '3915269'
1606215799.7914097 [subscriber-2] [INFO] [subscriber]: Latency; '3858564'
1606215799.7914274 [subscriber-2] [INFO] [subscriber]: Latency; '4036360'
1606215799.7914448 [subscriber-2] [INFO] [subscriber]: Latency; '3953917'
1606215799.7914627 [subscriber-2] [INFO] [subscriber]: Latency; '946096'
1606215799.7914803 [subscriber-2] [INFO] [subscriber]: Latency; '3978663'
1606215799.7914979 [subscriber-2] [INFO] [subscriber]: Latency; '3825775'
1606215799.7915154 [subscriber-2] [INFO] [subscriber]: Latency; '3720024'
1606215799.7915330 [subscriber-2] [INFO] [subscriber]: Latency; '3860636'
1606215799.7915506 [subscriber-2] [INFO] [subscriber]: Latency; '3833875'
1606215799.7915683 [subscriber-2] [INFO] [subscriber]: Latency; '3762674'
1606215799.7915862 [subscriber-2] [INFO] [subscriber]: Latency; '12074075'
1606215799.7916036 [subscriber-2] [INFO] [subscriber]: Latency; '3794125'
1606215799.7916214 [subscriber-2] [INFO] [subscriber]: Latency; '3702211'
1606215799.7916391 [subscriber-2] [INFO] [subscriber]: Latency; '3667261'
1606215799.7916567 [subscriber-2] [INFO] [subscriber]: Latency; '3862515'
1606215799.7916746 [subscriber-2] [INFO] [subscriber]: Latency; '3790289'
1606215799.7916925 [subscriber-2] [INFO] [subscriber]: Latency; '3690048'
1606215799.7917101 [subscriber-2] [INFO] [subscriber]: Latency; '3695350'
1606215799.7917278 [subscriber-2] [INFO] [subscriber]: Latency; '3777730'
1606215799.7917452 [subscriber-2] [INFO] [subscriber]: Latency; '3708340'
1606215799.7917633 [subscriber-2] [INFO] [subscriber]: Latency; '3766791'
1606215799.7917812 [subscriber-2] [INFO] [subscriber]: Latency; '3777885'
1606215799.7917988 [subscriber-2] [INFO] [subscriber]: Latency; '3759069'
1606215799.7918165 [subscriber-2] [INFO] [subscriber]: Latency; '3703467'
1606215799.7918341 [subscriber-2] [INFO] [subscriber]: Latency; '3908227'
1606215799.7918518 [subscriber-2] [INFO] [subscriber]: Latency; '3836081'
1606215799.7918694 [subscriber-2] [INFO] [subscriber]: Latency; '3742662'
1606215799.7918868 [subscriber-2] [INFO] [subscriber]: Latency; '3757805'
1606215799.7919047 [subscriber-2] [INFO] [subscriber]: Latency; '3851894'
1606215799.7919223 [subscriber-2] [INFO] [subscriber]: Latency; '3715335'
1606215799.7919402 [subscriber-2] [INFO] [subscriber]: Latency; '3757032'
1606215799.7919579 [subscriber-2] [INFO] [subscriber]: Latency; '3744126'
1606215799.7919781 [subscriber-2] [INFO] [subscriber]: Latency; '3678645'
1606215799.7919967 [subscriber-2] [INFO] [subscriber]: Latency; '3861938'
1606215799.7920146 [subscriber-2] [INFO] [subscriber]: Latency; '3917521'
1606215799.7920361 [subscriber-2] [INFO] [subscriber]: Latency; '3894916'
1606215799.7920542 [subscriber-2] [INFO] [subscriber]: Latency; '3739430'
1606215799.7920718 [subscriber-2] [INFO] [subscriber]: Latency; '3743034'
1606215799.7920897 [subscriber-2] [INFO] [subscriber]: Latency; '3770609'
1606215799.7921071 [subscriber-2] [INFO] [subscriber]: Latency; '3705791'
1606215799.7921245 [subscriber-2] [INFO] [subscriber]: Latency; '3736191'
1606215799.7921419 [subscriber-2] [INFO] [subscriber]: Latency; '3776398'
1606215799.7921596 [subscriber-2] [INFO] [subscriber]: Latency; '3796266'
1606215799.7921772 [subscriber-2] [INFO] [subscriber]: Latency; '3715179'
1606215799.7921948 [subscriber-2] [INFO] [subscriber]: Latency; '3908133'
1606215799.7922122 [subscriber-2] [INFO] [subscriber]: Latency; '1086029'
1606215799.7922297 [subscriber-2] [INFO] [subscriber]: Latency; '3782587'
1606215799.7922473 [subscriber-2] [INFO] [subscriber]: Latency; '3836070'
1606215799.7922649 [subscriber-2] [INFO] [subscriber]: Latency; '3826431'
1606215810.0857942 [subscriber-2] [INFO] [subscriber]: Latency; '3770434'
1606215810.0860691 [subscriber-2] [INFO] [subscriber]: Latency; '3884285'
1606215810.0862243 [subscriber-2] [INFO] [subscriber]: Latency; '3704481'
1606215810.0863552 [subscriber-2] [INFO] [subscriber]: Latency; '3736704'
1606215810.0864742 [subscriber-2] [INFO] [subscriber]: Latency; '1648544'
1606215810.0865884 [subscriber-2] [INFO] [subscriber]: Latency; '3879071'
1606215810.0866990 [subscriber-2] [INFO] [subscriber]: Latency; '3852390'
1606215810.0868073 [subscriber-2] [INFO] [subscriber]: Latency; '3793591'
1606215810.0869133 [subscriber-2] [INFO] [subscriber]: Latency; '3846893'
1606215810.0870197 [subscriber-2] [INFO] [subscriber]: Latency; '3759587'
1606215810.0871255 [subscriber-2] [INFO] [subscriber]: Latency; '3764846'
1606215810.0872312 [subscriber-2] [INFO] [subscriber]: Latency; '13720130'
1606215810.0873382 [subscriber-2] [INFO] [subscriber]: Latency; '3740586'
1606215810.0874445 [subscriber-2] [INFO] [subscriber]: Latency; '3798735'
1606215810.0875497 [subscriber-2] [INFO] [subscriber]: Latency; '3749128'
1606215810.0876553 [subscriber-2] [INFO] [subscriber]: Latency; '3879535'
1606215810.0877612 [subscriber-2] [INFO] [subscriber]: Latency; '3851369'
1606215810.0878668 [subscriber-2] [INFO] [subscriber]: Latency; '3787111'
1606215810.0879726 [subscriber-2] [INFO] [subscriber]: Latency; '3771105'
1606215810.0881393 [subscriber-2] [INFO] [subscriber]: Latency; '3748230'
1606215810.0882516 [subscriber-2] [INFO] [subscriber]: Latency; '3788294'
1606215810.0883608 [subscriber-2] [INFO] [subscriber]: Latency; '3820514'
1606215810.0884681 [subscriber-2] [INFO] [subscriber]: Latency; '3780074'
1606215810.0885737 [subscriber-2] [INFO] [subscriber]: Latency; '3712861'
1606215810.0886791 [subscriber-2] [INFO] [subscriber]: Latency; '3739395'
1606215810.0887847 [subscriber-2] [INFO] [subscriber]: Latency; '3812250'
1606215810.0888898 [subscriber-2] [INFO] [subscriber]: Latency; '3822924'
1606215810.0889952 [subscriber-2] [INFO] [subscriber]: Latency; '3722732'
1606215810.0891008 [subscriber-2] [INFO] [subscriber]: Latency; '3713269'
1606215810.0892069 [subscriber-2] [INFO] [subscriber]: Latency; '3773597'
1606215810.0893121 [subscriber-2] [INFO] [subscriber]: Latency; '3718141'
1606215810.0894179 [subscriber-2] [INFO] [subscriber]: Latency; '3948289'
1606215810.0895236 [subscriber-2] [INFO] [subscriber]: Latency; '3776175'
1606215810.0896294 [subscriber-2] [INFO] [subscriber]: Latency; '3714171'
1606215810.0897336 [subscriber-2] [INFO] [subscriber]: Latency; '3717282'
1606215810.0898380 [subscriber-2] [INFO] [subscriber]: Latency; '3882923'
1606215810.0899427 [subscriber-2] [INFO] [subscriber]: Latency; '3788331'
1606215810.0900481 [subscriber-2] [INFO] [subscriber]: Latency; '3718151'
1606215810.0901718 [subscriber-2] [INFO] [subscriber]: Latency; '3692680'
1606215810.0902827 [subscriber-2] [INFO] [subscriber]: Latency; '3739760'
1606215810.0903890 [subscriber-2] [INFO] [subscriber]: Latency; '3711113'
1606215810.0905061 [subscriber-2] [INFO] [subscriber]: Latency; '1304367'
1606215810.0905235 [subscriber-2] [INFO] [subscriber]: Latency; '3770805'
1606215810.0905409 [subscriber-2] [INFO] [subscriber]: Latency; '3794650'
1606215810.0905583 [subscriber-2] [INFO] [subscriber]: Latency; '939066'
1606215810.0905757 [subscriber-2] [INFO] [subscriber]: Latency; '11439671'
1606215810.0905931 [subscriber-2] [INFO] [subscriber]: Latency; '914037'
1606215810.0906103 [subscriber-2] [INFO] [subscriber]: Latency; '3767802'
1606215810.0906277 [subscriber-2] [INFO] [subscriber]: Latency; '3712463'
1606215810.0906453 [subscriber-2] [INFO] [subscriber]: Latency; '3803969'
1606215810.0906625 [subscriber-2] [INFO] [subscriber]: Latency; '3633891'
1606215810.0906801 [subscriber-2] [INFO] [subscriber]: Latency; '4046323'
1606215810.0906975 [subscriber-2] [INFO] [subscriber]: Latency; '3788166'
1606215810.0907152 [subscriber-2] [INFO] [subscriber]: Latency; '4117423'
1606215810.0907326 [subscriber-2] [INFO] [subscriber]: Latency; '23294878'
1606215810.0907497 [subscriber-2] [INFO] [subscriber]: Latency; '3881893'
1606215810.0907669 [subscriber-2] [INFO] [subscriber]: Latency; '1127039'
1606215810.0907843 [subscriber-2] [INFO] [subscriber]: Latency; '3699938'
1606215810.0908015 [subscriber-2] [INFO] [subscriber]: Latency; '3693931'
1606215810.0908189 [subscriber-2] [INFO] [subscriber]: Latency; '3797218'
1606215810.0908363 [subscriber-2] [INFO] [subscriber]: Latency; '3708614'
1606215810.0908537 [subscriber-2] [INFO] [subscriber]: Latency; '4225109'
1606215810.0908706 [subscriber-2] [INFO] [subscriber]: Latency; '3769776'
1606215810.0908880 [subscriber-2] [INFO] [subscriber]: Latency; '3656834'
1606215810.0909052 [subscriber-2] [INFO] [subscriber]: Latency; '3729052'
1606215810.0909224 [subscriber-2] [INFO] [subscriber]: Latency; '3874339'
1606215810.0909398 [subscriber-2] [INFO] [subscriber]: Latency; '3802355'
1606215810.0909567 [subscriber-2] [INFO] [subscriber]: Latency; '3674532'
1606215810.0909741 [subscriber-2] [INFO] [subscriber]: Latency; '3634197'
1606215810.0909915 [subscriber-2] [INFO] [subscriber]: Latency; '3657179'
1606215810.0910091 [subscriber-2] [INFO] [subscriber]: Latency; '3597689'
1606215810.0910265 [subscriber-2] [INFO] [subscriber]: Latency; '3708701'
1606215810.0910439 [subscriber-2] [INFO] [subscriber]: Latency; '3661114'
1606215810.0910614 [subscriber-2] [INFO] [subscriber]: Latency; '3656192'
1606215810.0910783 [subscriber-2] [INFO] [subscriber]: Latency; '3671752'
1606215810.0910959 [subscriber-2] [INFO] [subscriber]: Latency; '3870616'
1606215810.0911129 [subscriber-2] [INFO] [subscriber]: Latency; '3829271'
1606215810.0911303 [subscriber-2] [INFO] [subscriber]: Latency; '3681620'
1606215810.0911477 [subscriber-2] [INFO] [subscriber]: Latency; '3667089'
1606215810.0911651 [subscriber-2] [INFO] [subscriber]: Latency; '3710854'
1606215810.0911827 [subscriber-2] [INFO] [subscriber]: Latency; '3749412'
1606215810.0912001 [subscriber-2] [INFO] [subscriber]: Latency; '3868144'
1606215810.0912175 [subscriber-2] [INFO] [subscriber]: Latency; '3762954'
1606215810.0912349 [subscriber-2] [INFO] [subscriber]: Latency; '3682429'
1606215810.0912523 [subscriber-2] [INFO] [subscriber]: Latency; '3782767'
1606215810.0912697 [subscriber-2] [INFO] [subscriber]: Latency; '3884275'
1606215810.0912869 [subscriber-2] [INFO] [subscriber]: Latency; '3809901'
1606215810.0913043 [subscriber-2] [INFO] [subscriber]: Latency; '3734047'
1606215810.0913212 [subscriber-2] [INFO] [subscriber]: Latency; '3729835'
1606215810.0913386 [subscriber-2] [INFO] [subscriber]: Latency; '3794904'
1606215810.0913563 [subscriber-2] [INFO] [subscriber]: Latency; '3705627'
1606215810.0913732 [subscriber-2] [INFO] [subscriber]: Latency; '3970273'
1606215810.0913904 [subscriber-2] [INFO] [subscriber]: Latency; '3795415'
1606215810.0914099 [subscriber-2] [INFO] [subscriber]: Latency; '3881387'
1606215810.0914278 [subscriber-2] [INFO] [subscriber]: Latency; '3759270'
1606215810.0914452 [subscriber-2] [INFO] [subscriber]: Latency; '3959598'
1606215810.0914626 [subscriber-2] [INFO] [subscriber]: Latency; '3848782'
1606215810.0914800 [subscriber-2] [INFO] [subscriber]: Latency; '3765621'
1606215810.0914974 [subscriber-2] [INFO] [subscriber]: Latency; '3758729'
1606215810.0915148 [subscriber-2] [INFO] [subscriber]: Latency; '3770303'
1606215810.0915322 [subscriber-2] [INFO] [subscriber]: Latency; '3661214'
1606215810.0915496 [subscriber-2] [INFO] [subscriber]: Latency; '3730730'
1606215810.0915670 [subscriber-2] [INFO] [subscriber]: Latency; '3816075'
1606215820.2860410 [subscriber-2] [INFO] [subscriber]: Latency; '3676122'
1606215820.2863481 [subscriber-2] [INFO] [subscriber]: Latency; '3781884'
1606215820.2865713 [subscriber-2] [INFO] [subscriber]: Latency; '4003736'
1606215820.2867637 [subscriber-2] [INFO] [subscriber]: Latency; '3959045'
1606215820.2868977 [subscriber-2] [INFO] [subscriber]: Latency; '3741182'
1606215820.2870164 [subscriber-2] [INFO] [subscriber]: Latency; '3798305'
1606215820.2871325 [subscriber-2] [INFO] [subscriber]: Latency; '3728083'
1606215820.2872448 [subscriber-2] [INFO] [subscriber]: Latency; '3702663'
1606215820.2873573 [subscriber-2] [INFO] [subscriber]: Latency; '3692137'
1606215820.2874711 [subscriber-2] [INFO] [subscriber]: Latency; '3697901'
1606215820.2875829 [subscriber-2] [INFO] [subscriber]: Latency; '3720263'
1606215820.2876945 [subscriber-2] [INFO] [subscriber]: Latency; '3736765'
1606215820.2878063 [subscriber-2] [INFO] [subscriber]: Latency; '3868047'
1606215820.2879183 [subscriber-2] [INFO] [subscriber]: Latency; '3842114'
1606215820.2880559 [subscriber-2] [INFO] [subscriber]: Latency; '3713461'
1606215820.2881753 [subscriber-2] [INFO] [subscriber]: Latency; '3700342'
1606215820.2882884 [subscriber-2] [INFO] [subscriber]: Latency; '3735788'
1606215820.2884011 [subscriber-2] [INFO] [subscriber]: Latency; '3708378'
1606215820.2885122 [subscriber-2] [INFO] [subscriber]: Latency; '1329502'
1606215820.2886245 [subscriber-2] [INFO] [subscriber]: Latency; '3799546'
1606215820.2887368 [subscriber-2] [INFO] [subscriber]: Latency; '3684651'
1606215820.2888477 [subscriber-2] [INFO] [subscriber]: Latency; '3716782'
1606215820.2889600 [subscriber-2] [INFO] [subscriber]: Latency; '3939441'
1606215820.2890720 [subscriber-2] [INFO] [subscriber]: Latency; '3916281'
1606215820.2891850 [subscriber-2] [INFO] [subscriber]: Latency; '3801367'
1606215820.2892962 [subscriber-2] [INFO] [subscriber]: Latency; '3740540'
1606215820.2894061 [subscriber-2] [INFO] [subscriber]: Latency; '3707079'
1606215820.2895150 [subscriber-2] [INFO] [subscriber]: Latency; '3667159'
1606215820.2896237 [subscriber-2] [INFO] [subscriber]: Latency; '3836339'
1606215820.2897327 [subscriber-2] [INFO] [subscriber]: Latency; '3758287'
1606215820.2898424 [subscriber-2] [INFO] [subscriber]: Latency; '3831277'
1606215820.2899525 [subscriber-2] [INFO] [subscriber]: Latency; '3744593'
1606215820.2900617 [subscriber-2] [INFO] [subscriber]: Latency; '3914065'
1606215820.2901707 [subscriber-2] [INFO] [subscriber]: Latency; '3855327'
1606215820.2902808 [subscriber-2] [INFO] [subscriber]: Latency; '3800022'
1606215820.2903900 [subscriber-2] [INFO] [subscriber]: Latency; '3697017'
1606215820.2904980 [subscriber-2] [INFO] [subscriber]: Latency; '3742851'
1606215820.2906091 [subscriber-2] [INFO] [subscriber]: Latency; '3721622'
1606215820.2907188 [subscriber-2] [INFO] [subscriber]: Latency; '3793053'
1606215820.2907546 [subscriber-2] [INFO] [subscriber]: Latency; '3810230'
1606215820.2907724 [subscriber-2] [INFO] [subscriber]: Latency; '3780553'
1606215820.2907903 [subscriber-2] [INFO] [subscriber]: Latency; '3718075'
1606215820.2908082 [subscriber-2] [INFO] [subscriber]: Latency; '3901393'
1606215820.2908263 [subscriber-2] [INFO] [subscriber]: Latency; '3891031'
1606215820.2908444 [subscriber-2] [INFO] [subscriber]: Latency; '3789383'
1606215820.2908623 [subscriber-2] [INFO] [subscriber]: Latency; '3771234'
1606215820.2908843 [subscriber-2] [INFO] [subscriber]: Latency; '3800043'
1606215820.2909033 [subscriber-2] [INFO] [subscriber]: Latency; '3678091'
1606215820.2909214 [subscriber-2] [INFO] [subscriber]: Latency; '3747283'
1606215820.2909398 [subscriber-2] [INFO] [subscriber]: Latency; '3798773'
1606215820.2909582 [subscriber-2] [INFO] [subscriber]: Latency; '3797248'
1606215820.2909765 [subscriber-2] [INFO] [subscriber]: Latency; '3886508'
1606215820.2909946 [subscriber-2] [INFO] [subscriber]: Latency; '3932103'
1606215820.2910125 [subscriber-2] [INFO] [subscriber]: Latency; '3870006'
1606215820.2910309 [subscriber-2] [INFO] [subscriber]: Latency; '3711637'
1606215820.2910490 [subscriber-2] [INFO] [subscriber]: Latency; '3709063'
1606215820.2910674 [subscriber-2] [INFO] [subscriber]: Latency; '3736912'
1606215820.2910855 [subscriber-2] [INFO] [subscriber]: Latency; '3693835'
1606215820.2911038 [subscriber-2] [INFO] [subscriber]: Latency; '1342604'
1606215820.2911222 [subscriber-2] [INFO] [subscriber]: Latency; '3796722'
1606215820.2911403 [subscriber-2] [INFO] [subscriber]: Latency; '3713610'
1606215820.2911584 [subscriber-2] [INFO] [subscriber]: Latency; '3805220'
1606215820.2911770 [subscriber-2] [INFO] [subscriber]: Latency; '3881235'
1606215820.2911952 [subscriber-2] [INFO] [subscriber]: Latency; '3845251'
1606215820.2912130 [subscriber-2] [INFO] [subscriber]: Latency; '3707797'
1606215820.2912312 [subscriber-2] [INFO] [subscriber]: Latency; '3652175'
1606215820.2912498 [subscriber-2] [INFO] [subscriber]: Latency; '3700206'
1606215820.2912679 [subscriber-2] [INFO] [subscriber]: Latency; '3683828'
1606215820.2912858 [subscriber-2] [INFO] [subscriber]: Latency; '3719173'
1606215820.2913036 [subscriber-2] [INFO] [subscriber]: Latency; '3733857'
1606215820.2913220 [subscriber-2] [INFO] [subscriber]: Latency; '3715647'
1606215820.2913404 [subscriber-2] [INFO] [subscriber]: Latency; '3708598'
1606215820.2913582 [subscriber-2] [INFO] [subscriber]: Latency; '2574371'
1606215820.2913761 [subscriber-2] [INFO] [subscriber]: Latency; '3792368'
1606215820.2913945 [subscriber-2] [INFO] [subscriber]: Latency; '3687018'
1606215820.2914128 [subscriber-2] [INFO] [subscriber]: Latency; '3805676'
1606215820.2914310 [subscriber-2] [INFO] [subscriber]: Latency; '3834211'
1606215820.2914491 [subscriber-2] [INFO] [subscriber]: Latency; '3826261'
1606215820.2914672 [subscriber-2] [INFO] [subscriber]: Latency; '4011255'
1606215820.2914858 [subscriber-2] [INFO] [subscriber]: Latency; '3817749'
1606215820.2915039 [subscriber-2] [INFO] [subscriber]: Latency; '3744121'
1606215820.2915223 [subscriber-2] [INFO] [subscriber]: Latency; '3837420'
1606215820.2915404 [subscriber-2] [INFO] [subscriber]: Latency; '3893378'
1606215820.2915587 [subscriber-2] [INFO] [subscriber]: Latency; '3754489'
1606215820.2915766 [subscriber-2] [INFO] [subscriber]: Latency; '3659928'
1606215820.2915947 [subscriber-2] [INFO] [subscriber]: Latency; '3625024'
1606215820.2916126 [subscriber-2] [INFO] [subscriber]: Latency; '3636844'
1606215820.2916305 [subscriber-2] [INFO] [subscriber]: Latency; '3600600'
1606215820.2916489 [subscriber-2] [INFO] [subscriber]: Latency; '3653067'
1606215820.2916667 [subscriber-2] [INFO] [subscriber]: Latency; '3645169'
1606215820.2916849 [subscriber-2] [INFO] [subscriber]: Latency; '3643708'
1606215820.2917030 [subscriber-2] [INFO] [subscriber]: Latency; '3717984'
1606215820.2917211 [subscriber-2] [INFO] [subscriber]: Latency; '3869268'
1606215820.2917392 [subscriber-2] [INFO] [subscriber]: Latency; '3856226'
1606215820.2917571 [subscriber-2] [INFO] [subscriber]: Latency; '3631373'
1606215820.2917750 [subscriber-2] [INFO] [subscriber]: Latency; '3645190'
1606215820.2917929 [subscriber-2] [INFO] [subscriber]: Latency; '3857972'
1606215820.2918108 [subscriber-2] [INFO] [subscriber]: Latency; '3753832'
1606215820.2918286 [subscriber-2] [INFO] [subscriber]: Latency; '1327737'
1606215820.2918472 [subscriber-2] [INFO] [subscriber]: Latency; '3695609'
1606215820.2918653 [subscriber-2] [INFO] [subscriber]: Latency; '3684722'
1606215820.2918856 [subscriber-2] [INFO] [subscriber]: Latency; '3698280'
1606215830.4858787 [subscriber-2] [INFO] [subscriber]: Latency; '3801831'
1606215830.4861515 [subscriber-2] [INFO] [subscriber]: Latency; '3796935'
1606215830.4863062 [subscriber-2] [INFO] [subscriber]: Latency; '3681022'
1606215830.4864376 [subscriber-2] [INFO] [subscriber]: Latency; '3640530'
1606215830.4865565 [subscriber-2] [INFO] [subscriber]: Latency; '3688126'
1606215830.4866712 [subscriber-2] [INFO] [subscriber]: Latency; '3628425'
1606215830.4867849 [subscriber-2] [INFO] [subscriber]: Latency; '3677249'
1606215830.4868958 [subscriber-2] [INFO] [subscriber]: Latency; '3648281'
1606215830.4870055 [subscriber-2] [INFO] [subscriber]: Latency; '3650102'
1606215830.4871168 [subscriber-2] [INFO] [subscriber]: Latency; '3648103'
1606215830.4872260 [subscriber-2] [INFO] [subscriber]: Latency; '3895627'
1606215830.4873371 [subscriber-2] [INFO] [subscriber]: Latency; '3751957'
1606215830.4874454 [subscriber-2] [INFO] [subscriber]: Latency; '3621796'
1606215830.4875538 [subscriber-2] [INFO] [subscriber]: Latency; '3723855'
1606215830.4876630 [subscriber-2] [INFO] [subscriber]: Latency; '3613190'
1606215830.4877725 [subscriber-2] [INFO] [subscriber]: Latency; '3557398'
1606215830.4878845 [subscriber-2] [INFO] [subscriber]: Latency; '3636254'
1606215830.4879956 [subscriber-2] [INFO] [subscriber]: Latency; '3651427'
1606215830.4881418 [subscriber-2] [INFO] [subscriber]: Latency; '3663687'
1606215830.4882536 [subscriber-2] [INFO] [subscriber]: Latency; '11459901'
1606215830.4883635 [subscriber-2] [INFO] [subscriber]: Latency; '3768385'
1606215830.4884732 [subscriber-2] [INFO] [subscriber]: Latency; '3740736'
1606215830.4885821 [subscriber-2] [INFO] [subscriber]: Latency; '3784897'
1606215830.4886901 [subscriber-2] [INFO] [subscriber]: Latency; '3684989'
1606215830.4887986 [subscriber-2] [INFO] [subscriber]: Latency; '3746389'
1606215830.4889069 [subscriber-2] [INFO] [subscriber]: Latency; '3660601'
1606215830.4890158 [subscriber-2] [INFO] [subscriber]: Latency; '3864511'
1606215830.4891245 [subscriber-2] [INFO] [subscriber]: Latency; '3735218'
1606215830.4892318 [subscriber-2] [INFO] [subscriber]: Latency; '3672639'
1606215830.4893398 [subscriber-2] [INFO] [subscriber]: Latency; '3653844'
1606215830.4894485 [subscriber-2] [INFO] [subscriber]: Latency; '3902911'
1606215830.4895573 [subscriber-2] [INFO] [subscriber]: Latency; '3778875'
1606215830.4896660 [subscriber-2] [INFO] [subscriber]: Latency; '3698498'
1606215830.4897738 [subscriber-2] [INFO] [subscriber]: Latency; '3658788'
1606215830.4898808 [subscriber-2] [INFO] [subscriber]: Latency; '3787424'
1606215830.4899888 [subscriber-2] [INFO] [subscriber]: Latency; '3743961'
1606215830.4900990 [subscriber-2] [INFO] [subscriber]: Latency; '11827108'
1606215830.4902091 [subscriber-2] [INFO] [subscriber]: Latency; '3747411'
1606215830.4903176 [subscriber-2] [INFO] [subscriber]: Latency; '3673700'
1606215830.4904261 [subscriber-2] [INFO] [subscriber]: Latency; '3731637'
1606215830.4905357 [subscriber-2] [INFO] [subscriber]: Latency; '11736759'
1606215830.4906442 [subscriber-2] [INFO] [subscriber]: Latency; '3791313'
1606215830.4907515 [subscriber-2] [INFO] [subscriber]: Latency; '3726698'
1606215830.4908590 [subscriber-2] [INFO] [subscriber]: Latency; '3673866'
1606215830.4909596 [subscriber-2] [INFO] [subscriber]: Latency; '3781110'
1606215830.4909778 [subscriber-2] [INFO] [subscriber]: Latency; '3689443'
1606215830.4909959 [subscriber-2] [INFO] [subscriber]: Latency; '3788347'
1606215830.4910142 [subscriber-2] [INFO] [subscriber]: Latency; '3855680'
1606215830.4910321 [subscriber-2] [INFO] [subscriber]: Latency; '3769422'
1606215830.4910502 [subscriber-2] [INFO] [subscriber]: Latency; '22720506'
1606215830.4910681 [subscriber-2] [INFO] [subscriber]: Latency; '2231453'
1606215830.4910862 [subscriber-2] [INFO] [subscriber]: Latency; '3794146'
1606215830.4911046 [subscriber-2] [INFO] [subscriber]: Latency; '3676233'
1606215830.4911227 [subscriber-2] [INFO] [subscriber]: Latency; '3667852'
1606215830.4911489 [subscriber-2] [INFO] [subscriber]: Latency; '3854685'
1606215830.4911678 [subscriber-2] [INFO] [subscriber]: Latency; '3742706'
1606215830.4911859 [subscriber-2] [INFO] [subscriber]: Latency; '3764272'
1606215830.4912040 [subscriber-2] [INFO] [subscriber]: Latency; '3668673'
1606215830.4912224 [subscriber-2] [INFO] [subscriber]: Latency; '3703949'
1606215830.4912405 [subscriber-2] [INFO] [subscriber]: Latency; '3761379'
1606215830.4912586 [subscriber-2] [INFO] [subscriber]: Latency; '3913762'
1606215830.4912767 [subscriber-2] [INFO] [subscriber]: Latency; '3799409'
1606215830.4912946 [subscriber-2] [INFO] [subscriber]: Latency; '3691607'
1606215830.4913127 [subscriber-2] [INFO] [subscriber]: Latency; '3768551'
1606215830.4913309 [subscriber-2] [INFO] [subscriber]: Latency; '3723840'
1606215830.4913490 [subscriber-2] [INFO] [subscriber]: Latency; '3695215'
1606215830.4913671 [subscriber-2] [INFO] [subscriber]: Latency; '3747717'
1606215830.4913850 [subscriber-2] [INFO] [subscriber]: Latency; '3801503'
1606215830.4914031 [subscriber-2] [INFO] [subscriber]: Latency; '3720613'
1606215830.4914210 [subscriber-2] [INFO] [subscriber]: Latency; '3793629'
1606215830.4914391 [subscriber-2] [INFO] [subscriber]: Latency; '3884225'
1606215830.4914570 [subscriber-2] [INFO] [subscriber]: Latency; '3833820'
1606215830.4914751 [subscriber-2] [INFO] [subscriber]: Latency; '3822355'
1606215830.4914932 [subscriber-2] [INFO] [subscriber]: Latency; '3875621'
1606215830.4915111 [subscriber-2] [INFO] [subscriber]: Latency; '3789379'
1606215830.4915290 [subscriber-2] [INFO] [subscriber]: Latency; '3825934'
1606215830.4915469 [subscriber-2] [INFO] [subscriber]: Latency; '3944287'
1606215830.4915648 [subscriber-2] [INFO] [subscriber]: Latency; '3769350'
1606215830.4915829 [subscriber-2] [INFO] [subscriber]: Latency; '3713590'
1606215830.4916012 [subscriber-2] [INFO] [subscriber]: Latency; '3905295'
1606215830.4916193 [subscriber-2] [INFO] [subscriber]: Latency; '11788623'
1606215830.4916372 [subscriber-2] [INFO] [subscriber]: Latency; '3468378'
1606215830.4916551 [subscriber-2] [INFO] [subscriber]: Latency; '3794996'
1606215830.4916730 [subscriber-2] [INFO] [subscriber]: Latency; '3749540'
1606215830.4916911 [subscriber-2] [INFO] [subscriber]: Latency; '3837738'
1606215830.4917088 [subscriber-2] [INFO] [subscriber]: Latency; '3702181'
1606215830.4917269 [subscriber-2] [INFO] [subscriber]: Latency; '3760414'
1606215830.4917450 [subscriber-2] [INFO] [subscriber]: Latency; '3721073'
1606215830.4917629 [subscriber-2] [INFO] [subscriber]: Latency; '3745976'
1606215830.4917808 [subscriber-2] [INFO] [subscriber]: Latency; '3727008'
1606215830.4917989 [subscriber-2] [INFO] [subscriber]: Latency; '4052518'
1606215830.4918168 [subscriber-2] [INFO] [subscriber]: Latency; '3979080'
1606215830.4918346 [subscriber-2] [INFO] [subscriber]: Latency; '3715172'
1606215830.4918525 [subscriber-2] [INFO] [subscriber]: Latency; '3800700'
1606215830.4918704 [subscriber-2] [INFO] [subscriber]: Latency; '3766974'
1606215830.4918883 [subscriber-2] [INFO] [subscriber]: Latency; '3760821'
1606215830.4919064 [subscriber-2] [INFO] [subscriber]: Latency; '3843313'
1606215830.4919240 [subscriber-2] [INFO] [subscriber]: Latency; '3819997'
1606215830.4919422 [subscriber-2] [INFO] [subscriber]: Latency; '3635228'
1606215830.4919600 [subscriber-2] [INFO] [subscriber]: Latency; '3810225'
1606215830.4919779 [subscriber-2] [INFO] [subscriber]: Latency; '3915264'
1606215830.4919958 [subscriber-2] [INFO] [subscriber]: Latency; '3863035'
1606215840.7930183 [subscriber-2] [INFO] [subscriber]: Latency; '3761667'
1606215840.7931044 [subscriber-2] [INFO] [subscriber]: Latency; '3826216'
1606215840.7931409 [subscriber-2] [INFO] [subscriber]: Latency; '3766877'
1606215840.7931712 [subscriber-2] [INFO] [subscriber]: Latency; '3764079'
1606215840.7931991 [subscriber-2] [INFO] [subscriber]: Latency; '3839233'
1606215840.7932262 [subscriber-2] [INFO] [subscriber]: Latency; '3710193'
1606215840.7932527 [subscriber-2] [INFO] [subscriber]: Latency; '3751908'
1606215840.7932787 [subscriber-2] [INFO] [subscriber]: Latency; '3744647'
1606215840.7933090 [subscriber-2] [INFO] [subscriber]: Latency; '3852858'
1606215840.7933350 [subscriber-2] [INFO] [subscriber]: Latency; '3791305'
1606215840.7933605 [subscriber-2] [INFO] [subscriber]: Latency; '3696799'
1606215840.7933853 [subscriber-2] [INFO] [subscriber]: Latency; '3703786'
1606215840.7934103 [subscriber-2] [INFO] [subscriber]: Latency; '3639633'
1606215840.7934349 [subscriber-2] [INFO] [subscriber]: Latency; '3616833'
1606215840.7934597 [subscriber-2] [INFO] [subscriber]: Latency; '11951346'
1606215840.7934844 [subscriber-2] [INFO] [subscriber]: Latency; '3658694'
1606215840.7935095 [subscriber-2] [INFO] [subscriber]: Latency; '3677341'
1606215840.7935340 [subscriber-2] [INFO] [subscriber]: Latency; '3604360'
1606215840.7935593 [subscriber-2] [INFO] [subscriber]: Latency; '3825275'
1606215840.7935843 [subscriber-2] [INFO] [subscriber]: Latency; '3900505'
1606215840.7936089 [subscriber-2] [INFO] [subscriber]: Latency; '3654888'
1606215840.7936337 [subscriber-2] [INFO] [subscriber]: Latency; '4959398'
1606215840.7936583 [subscriber-2] [INFO] [subscriber]: Latency; '3117966'
1606215840.7936833 [subscriber-2] [INFO] [subscriber]: Latency; '3854094'
1606215840.7937078 [subscriber-2] [INFO] [subscriber]: Latency; '4028194'
1606215840.7937326 [subscriber-2] [INFO] [subscriber]: Latency; '3913997'
1606215840.7937577 [subscriber-2] [INFO] [subscriber]: Latency; '3774511'
1606215840.7937825 [subscriber-2] [INFO] [subscriber]: Latency; '3818508'
1606215840.7938068 [subscriber-2] [INFO] [subscriber]: Latency; '3986640'
1606215840.7938313 [subscriber-2] [INFO] [subscriber]: Latency; '11304725'
1606215840.7938561 [subscriber-2] [INFO] [subscriber]: Latency; '3784337'
1606215840.7938809 [subscriber-2] [INFO] [subscriber]: Latency; '3786170'
1606215840.7939055 [subscriber-2] [INFO] [subscriber]: Latency; '3860750'
1606215840.7939301 [subscriber-2] [INFO] [subscriber]: Latency; '3785926'
1606215840.7939546 [subscriber-2] [INFO] [subscriber]: Latency; '3865144'
1606215840.7939792 [subscriber-2] [INFO] [subscriber]: Latency; '3821363'
1606215840.7940035 [subscriber-2] [INFO] [subscriber]: Latency; '3779986'
1606215840.7940280 [subscriber-2] [INFO] [subscriber]: Latency; '3835475'
1606215840.7940524 [subscriber-2] [INFO] [subscriber]: Latency; '3996070'
1606215840.7940769 [subscriber-2] [INFO] [subscriber]: Latency; '11591699'
1606215840.7941010 [subscriber-2] [INFO] [subscriber]: Latency; '3785998'
1606215840.7941253 [subscriber-2] [INFO] [subscriber]: Latency; '3836474'
1606215840.7941496 [subscriber-2] [INFO] [subscriber]: Latency; '3766545'
1606215840.7941737 [subscriber-2] [INFO] [subscriber]: Latency; '3684764'
1606215840.7941980 [subscriber-2] [INFO] [subscriber]: Latency; '3799761'
1606215840.7942221 [subscriber-2] [INFO] [subscriber]: Latency; '3778645'
1606215840.7942467 [subscriber-2] [INFO] [subscriber]: Latency; '3768192'
1606215840.7942710 [subscriber-2] [INFO] [subscriber]: Latency; '3803350'
1606215840.7942953 [subscriber-2] [INFO] [subscriber]: Latency; '3889344'
1606215840.7943194 [subscriber-2] [INFO] [subscriber]: Latency; '3846809'
1606215840.7943437 [subscriber-2] [INFO] [subscriber]: Latency; '3748459'
1606215840.7943680 [subscriber-2] [INFO] [subscriber]: Latency; '3706620'
1606215840.7943923 [subscriber-2] [INFO] [subscriber]: Latency; '3763710'
1606215840.7944167 [subscriber-2] [INFO] [subscriber]: Latency; '3678894'
1606215840.7944410 [subscriber-2] [INFO] [subscriber]: Latency; '1165827'
1606215840.7944655 [subscriber-2] [INFO] [subscriber]: Latency; '3750953'
1606215840.7944901 [subscriber-2] [INFO] [subscriber]: Latency; '3746574'
1606215840.7945142 [subscriber-2] [INFO] [subscriber]: Latency; '3719325'
1606215840.7945385 [subscriber-2] [INFO] [subscriber]: Latency; '3836086'
1606215840.7945631 [subscriber-2] [INFO] [subscriber]: Latency; '3917786'
1606215840.7945874 [subscriber-2] [INFO] [subscriber]: Latency; '3743903'
1606215840.7946119 [subscriber-2] [INFO] [subscriber]: Latency; '3666155'
1606215840.7946360 [subscriber-2] [INFO] [subscriber]: Latency; '1260339'
1606215840.7946637 [subscriber-2] [INFO] [subscriber]: Latency; '3675310'
1606215840.7946889 [subscriber-2] [INFO] [subscriber]: Latency; '3764814'
1606215840.7947133 [subscriber-2] [INFO] [subscriber]: Latency; '3732486'
1606215840.7947373 [subscriber-2] [INFO] [subscriber]: Latency; '3642805'
1606215840.7947614 [subscriber-2] [INFO] [subscriber]: Latency; '3721267'
1606215840.7947855 [subscriber-2] [INFO] [subscriber]: Latency; '3886808'
1606215840.7948096 [subscriber-2] [INFO] [subscriber]: Latency; '3758519'
1606215840.7948339 [subscriber-2] [INFO] [subscriber]: Latency; '3905156'
1606215840.7948582 [subscriber-2] [INFO] [subscriber]: Latency; '3766066'
1606215840.7948823 [subscriber-2] [INFO] [subscriber]: Latency; '3827922'
1606215840.7949061 [subscriber-2] [INFO] [subscriber]: Latency; '3778807'
1606215840.7949305 [subscriber-2] [INFO] [subscriber]: Latency; '3828216'
1606215840.7949548 [subscriber-2] [INFO] [subscriber]: Latency; '3798421'
1606215840.7949789 [subscriber-2] [INFO] [subscriber]: Latency; '3698298'
1606215840.7950029 [subscriber-2] [INFO] [subscriber]: Latency; '3784547'
1606215840.7950270 [subscriber-2] [INFO] [subscriber]: Latency; '4033420'
1606215840.7950511 [subscriber-2] [INFO] [subscriber]: Latency; '3921409'
1606215840.7950747 [subscriber-2] [INFO] [subscriber]: Latency; '3823361'
1606215840.7951133 [subscriber-2] [INFO] [subscriber]: Latency; '3832940'
1606215840.7951393 [subscriber-2] [INFO] [subscriber]: Latency; '3864828'
1606215840.7951658 [subscriber-2] [INFO] [subscriber]: Latency; '3818728'
1606215840.7951918 [subscriber-2] [INFO] [subscriber]: Latency; '3786187'
1606215840.7952185 [subscriber-2] [INFO] [subscriber]: Latency; '3772337'
1606215840.7952452 [subscriber-2] [INFO] [subscriber]: Latency; '3935658'
1606215840.7952716 [subscriber-2] [INFO] [subscriber]: Latency; '3885199'
1606215840.7952986 [subscriber-2] [INFO] [subscriber]: Latency; '4085732'
1606215840.7953250 [subscriber-2] [INFO] [subscriber]: Latency; '3935333'
1606215840.7953513 [subscriber-2] [INFO] [subscriber]: Latency; '3899161'
1606215840.7953782 [subscriber-2] [INFO] [subscriber]: Latency; '3883912'
1606215840.7954049 [subscriber-2] [INFO] [subscriber]: Latency; '3878452'
1606215840.7954314 [subscriber-2] [INFO] [subscriber]: Latency; '3804191'
1606215840.7954586 [subscriber-2] [INFO] [subscriber]: Latency; '1205016'
1606215840.7954853 [subscriber-2] [INFO] [subscriber]: Latency; '3853024'
1606215840.7955117 [subscriber-2] [INFO] [subscriber]: Latency; '3786968'
1606215840.7955382 [subscriber-2] [INFO] [subscriber]: Latency; '3813870'
1606215840.7955649 [subscriber-2] [INFO] [subscriber]: Latency; '3890179'
1606215840.7955911 [subscriber-2] [INFO] [subscriber]: Latency; '3918976'
1606215840.7956181 [subscriber-2] [INFO] [subscriber]: Latency; '3823425'
1606215840.7956450 [subscriber-2] [INFO] [subscriber]: Latency; '3811599'
1606215840.7956722 [subscriber-2] [INFO] [subscriber]: Latency; '3882371'
1606215873.7606711 [WARNING] [launch]: user interrupted with ctrl-c (SIGINT)
1606215874.6320105 [subscriber-2] [INFO] [subscriber]: Latency; '11604047'
1606215874.6323054 [subscriber-2] [INFO] [subscriber]: Latency; '3882433'
1606215874.6324658 [subscriber-2] [INFO] [subscriber]: Latency; '3808950'
1606215874.6325998 [subscriber-2] [INFO] [subscriber]: Latency; '3796581'
1606215874.6327238 [subscriber-2] [INFO] [subscriber]: Latency; '3756608'
1606215874.6328428 [subscriber-2] [INFO] [subscriber]: Latency; '11747356'
1606215874.6329582 [subscriber-2] [INFO] [subscriber]: Latency; '11602518'
1606215874.6330726 [subscriber-2] [INFO] [subscriber]: Latency; '3726543'
1606215874.6331844 [subscriber-2] [INFO] [subscriber]: Latency; '3688655'
1606215874.6332960 [subscriber-2] [INFO] [subscriber]: Latency; '3747248'
1606215874.6334081 [subscriber-2] [INFO] [subscriber]: Latency; '3691213'
1606215874.6335196 [subscriber-2] [INFO] [subscriber]: Latency; '3749897'
1606215874.6336291 [subscriber-2] [INFO] [subscriber]: Latency; '3758669'
1606215874.6337395 [subscriber-2] [INFO] [subscriber]: Latency; '11707918'
1606215874.6338708 [subscriber-2] [INFO] [subscriber]: Latency; '3736013'
1606215874.6339881 [subscriber-2] [INFO] [subscriber]: Latency; '4031350'
1606215874.6340997 [subscriber-2] [INFO] [subscriber]: Latency; '4036444'
1606215874.6342099 [subscriber-2] [INFO] [subscriber]: Latency; '3691975'
1606215874.6343207 [subscriber-2] [INFO] [subscriber]: Latency; '11681939'
1606215874.6344311 [subscriber-2] [INFO] [subscriber]: Latency; '3814492'
1606215874.6345410 [subscriber-2] [INFO] [subscriber]: Latency; '3745146'
1606215874.6346517 [subscriber-2] [INFO] [subscriber]: Latency; '3957860'
1606215874.6347604 [subscriber-2] [INFO] [subscriber]: Latency; '1665992'
1606215874.6348691 [subscriber-2] [INFO] [subscriber]: Latency; '3751795'
1606215874.6349766 [subscriber-2] [INFO] [subscriber]: Latency; '3782072'
1606215874.6350200 [subscriber-2] [INFO] [subscriber]: Latency; '3905560'
1606215874.6350386 [subscriber-2] [INFO] [subscriber]: Latency; '3786406'
1606215874.6350574 [subscriber-2] [INFO] [subscriber]: Latency; '3897984'
1606215874.6350758 [subscriber-2] [INFO] [subscriber]: Latency; '3674272'
1606215874.6350946 [subscriber-2] [INFO] [subscriber]: Latency; '3789975'
1606215874.6351130 [subscriber-2] [INFO] [subscriber]: Latency; '3804393'
1606215874.6351314 [subscriber-2] [INFO] [subscriber]: Latency; '11836780'
1606215874.6351497 [subscriber-2] [INFO] [subscriber]: Latency; '3693832'
1606215874.6351683 [subscriber-2] [INFO] [subscriber]: Latency; '3624085'
1606215874.6351867 [subscriber-2] [INFO] [subscriber]: Latency; '3833430'
1606215874.6352050 [subscriber-2] [INFO] [subscriber]: Latency; '3938132'
1606215874.6352236 [subscriber-2] [INFO] [subscriber]: Latency; '3877462'
1606215874.6352422 [subscriber-2] [INFO] [subscriber]: Latency; '3814226'
1606215874.6352608 [subscriber-2] [INFO] [subscriber]: Latency; '3702872'
1606215874.6352794 [subscriber-2] [INFO] [subscriber]: Latency; '3651692'
1606215874.6352983 [subscriber-2] [INFO] [subscriber]: Latency; '3642397'
1606215874.6353164 [subscriber-2] [INFO] [subscriber]: Latency; '3750272'
1606215874.6353352 [subscriber-2] [INFO] [subscriber]: Latency; '3742609'
1606215874.6353533 [subscriber-2] [INFO] [subscriber]: Latency; '3800175'
1606215874.6353714 [subscriber-2] [INFO] [subscriber]: Latency; '11480069'
1606215874.6353900 [subscriber-2] [INFO] [subscriber]: Latency; '915151'
1606215874.6354086 [subscriber-2] [INFO] [subscriber]: Latency; '3888511'
1606215874.6354272 [subscriber-2] [INFO] [subscriber]: Latency; '4000522'
1606215874.6354456 [subscriber-2] [INFO] [subscriber]: Latency; '3753253'
1606215874.6354642 [subscriber-2] [INFO] [subscriber]: Latency; '3817610'
1606215874.6354825 [subscriber-2] [INFO] [subscriber]: Latency; '3773006'
1606215874.6355011 [subscriber-2] [INFO] [subscriber]: Latency; '3805422'
1606215874.6355195 [subscriber-2] [INFO] [subscriber]: Latency; '3759091'
1606215874.6355376 [subscriber-2] [INFO] [subscriber]: Latency; '3626461'
1606215874.6355557 [subscriber-2] [INFO] [subscriber]: Latency; '3748685'
1606215874.6355743 [subscriber-2] [INFO] [subscriber]: Latency; '3900774'
1606215874.6355925 [subscriber-2] [INFO] [subscriber]: Latency; '4005277'
1606215874.6356108 [subscriber-2] [INFO] [subscriber]: Latency; '3773510'
1606215874.6356289 [subscriber-2] [INFO] [subscriber]: Latency; '3682792'
1606215874.6356478 [subscriber-2] [INFO] [subscriber]: Latency; '3685281'
1606215874.6356659 [subscriber-2] [INFO] [subscriber]: Latency; '3669460'
1606215874.6356845 [subscriber-2] [INFO] [subscriber]: Latency; '3918120'
1606215874.6357031 [subscriber-2] [INFO] [subscriber]: Latency; '3781264'
1606215874.6357214 [subscriber-2] [INFO] [subscriber]: Latency; '3741591'
1606215874.6357398 [subscriber-2] [INFO] [subscriber]: Latency; '3850210'
1606215874.6357586 [subscriber-2] [INFO] [subscriber]: Latency; '3939295'
1606215874.6357772 [subscriber-2] [INFO] [subscriber]: Latency; '5155974'
1606215874.6357961 [subscriber-2] [INFO] [subscriber]: Latency; '3773303'
1606215874.6358144 [subscriber-2] [INFO] [subscriber]: Latency; '3832177'
1606215874.6358330 [subscriber-2] [INFO] [subscriber]: Latency; '3755996'
1606215874.6358540 [subscriber-2] [INFO] [subscriber]: Latency; '3812784'
1606215874.6358736 [subscriber-2] [INFO] [subscriber]: Latency; '3983251'
1606215874.6358924 [subscriber-2] [INFO] [subscriber]: Latency; '3819148'
1606215874.6359110 [subscriber-2] [INFO] [subscriber]: Latency; '3995703'
1606215874.6359298 [subscriber-2] [INFO] [subscriber]: Latency; '3793629'
1606215874.6359489 [subscriber-2] [INFO] [subscriber]: Latency; '3926430'
1606215874.6359675 [subscriber-2] [INFO] [subscriber]: Latency; '3845534'
1606215874.6359863 [subscriber-2] [INFO] [subscriber]: Latency; '3797004'
1606215874.6360054 [subscriber-2] [INFO] [rclcpp]: signal_handler(signal_value=2)
1606215874.6361260 [INFO] [publisher-1]: process has finished cleanly [pid 2415]
1606215874.6362107 [INFO] [subscriber-2]: process has finished cleanly [pid 2416]
