1606305862.1155410 [INFO] [launch]: All log files can be found below /home/daichi/.ros/log/2020-11-25-21-04-22-110471-zeus-18597
1606305862.1157007 [INFO] [launch]: Default logging verbosity is set to INFO
1606305862.1296673 [INFO] [pubsub-1]: process started with pid [18608]
1606305872.5423119 [pubsub-1] [INFO] [publisher]: LOOP START 1000
1606305872.5425804 [pubsub-1] [INFO] [subscriber]: Latency; '14029'
1606305872.5427399 [pubsub-1] [INFO] [subscriber]: Latency; '114605'
1606305872.5428724 [pubsub-1] [INFO] [subscriber]: Latency; '113319'
1606305872.5429921 [pubsub-1] [INFO] [subscriber]: Latency; '111191'
1606305872.5431058 [pubsub-1] [INFO] [subscriber]: Latency; '129091'
1606305872.5432198 [pubsub-1] [INFO] [subscriber]: Latency; '131170'
1606305872.5433316 [pubsub-1] [INFO] [subscriber]: Latency; '45898'
1606305872.5434420 [pubsub-1] [INFO] [subscriber]: Latency; '136248'
1606305872.5435524 [pubsub-1] [INFO] [subscriber]: Latency; '132152'
1606305872.5436623 [pubsub-1] [INFO] [subscriber]: Latency; '128338'
1606305872.5437770 [pubsub-1] [INFO] [subscriber]: Latency; '122292'
1606305872.5439515 [pubsub-1] [INFO] [subscriber]: Latency; '94757'
1606305872.5440693 [pubsub-1] [INFO] [subscriber]: Latency; '87367'
1606305872.5441804 [pubsub-1] [INFO] [subscriber]: Latency; '122227'
1606305872.5442922 [pubsub-1] [INFO] [subscriber]: Latency; '115966'
1606305872.5444005 [pubsub-1] [INFO] [subscriber]: Latency; '131711'
1606305872.5445082 [pubsub-1] [INFO] [subscriber]: Latency; '107628'
1606305872.5446458 [pubsub-1] [INFO] [subscriber]: Latency; '122891'
1606305872.5447545 [pubsub-1] [INFO] [subscriber]: Latency; '123309'
1606305872.5448620 [pubsub-1] [INFO] [subscriber]: Latency; '124383'
1606305872.5449684 [pubsub-1] [INFO] [subscriber]: Latency; '127346'
1606305872.5450768 [pubsub-1] [INFO] [subscriber]: Latency; '109759'
1606305872.5451837 [pubsub-1] [INFO] [subscriber]: Latency; '130070'
1606305872.5452909 [pubsub-1] [INFO] [subscriber]: Latency; '135358'
1606305872.5453992 [pubsub-1] [INFO] [subscriber]: Latency; '81348'
1606305872.5455070 [pubsub-1] [INFO] [subscriber]: Latency; '76651'
1606305872.5456133 [pubsub-1] [INFO] [subscriber]: Latency; '54143'
1606305872.5457199 [pubsub-1] [INFO] [subscriber]: Latency; '119970'
1606305872.5458257 [pubsub-1] [INFO] [subscriber]: Latency; '121724'
1606305872.5459321 [pubsub-1] [INFO] [subscriber]: Latency; '121462'
1606305872.5460372 [pubsub-1] [INFO] [subscriber]: Latency; '106985'
1606305872.5461440 [pubsub-1] [INFO] [subscriber]: Latency; '120777'
1606305872.5462496 [pubsub-1] [INFO] [subscriber]: Latency; '120167'
1606305872.5463569 [pubsub-1] [INFO] [subscriber]: Latency; '128893'
1606305872.5464633 [pubsub-1] [INFO] [subscriber]: Latency; '133815'
1606305872.5465715 [pubsub-1] [INFO] [subscriber]: Latency; '85245'
1606305872.5466762 [pubsub-1] [INFO] [subscriber]: Latency; '113407'
1606305872.5467820 [pubsub-1] [INFO] [subscriber]: Latency; '125735'
1606305872.5468867 [pubsub-1] [INFO] [subscriber]: Latency; '128935'
1606305872.5469921 [pubsub-1] [INFO] [subscriber]: Latency; '131261'
1606305872.5470974 [pubsub-1] [INFO] [subscriber]: Latency; '144845'
1606305872.5471520 [pubsub-1] [INFO] [subscriber]: Latency; '130450'
1606305872.5471702 [pubsub-1] [INFO] [subscriber]: Latency; '114892'
1606305872.5471880 [pubsub-1] [INFO] [subscriber]: Latency; '114293'
1606305872.5472059 [pubsub-1] [INFO] [subscriber]: Latency; '130706'
1606305872.5472236 [pubsub-1] [INFO] [subscriber]: Latency; '130498'
1606305872.5472412 [pubsub-1] [INFO] [subscriber]: Latency; '75172'
1606305872.5472591 [pubsub-1] [INFO] [subscriber]: Latency; '132930'
1606305872.5472770 [pubsub-1] [INFO] [subscriber]: Latency; '130552'
1606305872.5472946 [pubsub-1] [INFO] [subscriber]: Latency; '131942'
1606305872.5473127 [pubsub-1] [INFO] [subscriber]: Latency; '115532'
1606305872.5473306 [pubsub-1] [INFO] [subscriber]: Latency; '129408'
1606305872.5473485 [pubsub-1] [INFO] [subscriber]: Latency; '117161'
1606305872.5473664 [pubsub-1] [INFO] [subscriber]: Latency; '132238'
1606305872.5473840 [pubsub-1] [INFO] [subscriber]: Latency; '113640'
1606305872.5474057 [pubsub-1] [INFO] [subscriber]: Latency; '113580'
1606305872.5474246 [pubsub-1] [INFO] [subscriber]: Latency; '114323'
1606305872.5474422 [pubsub-1] [INFO] [subscriber]: Latency; '134140'
1606305872.5474601 [pubsub-1] [INFO] [subscriber]: Latency; '136286'
1606305872.5474780 [pubsub-1] [INFO] [subscriber]: Latency; '114652'
1606305872.5474961 [pubsub-1] [INFO] [subscriber]: Latency; '136987'
1606305872.5475140 [pubsub-1] [INFO] [subscriber]: Latency; '132266'
1606305872.5475318 [pubsub-1] [INFO] [subscriber]: Latency; '140532'
1606305872.5475495 [pubsub-1] [INFO] [subscriber]: Latency; '129602'
1606305872.5475674 [pubsub-1] [INFO] [subscriber]: Latency; '106051'
1606305872.5475852 [pubsub-1] [INFO] [subscriber]: Latency; '123152'
1606305872.5476029 [pubsub-1] [INFO] [subscriber]: Latency; '114017'
1606305872.5476451 [pubsub-1] [INFO] [subscriber]: Latency; '130807'
1606305872.5476763 [pubsub-1] [INFO] [subscriber]: Latency; '111659'
1606305872.5476940 [pubsub-1] [INFO] [subscriber]: Latency; '128851'
1606305872.5477121 [pubsub-1] [INFO] [subscriber]: Latency; '111457'
1606305872.5477297 [pubsub-1] [INFO] [subscriber]: Latency; '112573'
1606305872.5477476 [pubsub-1] [INFO] [subscriber]: Latency; '124350'
1606305872.5477653 [pubsub-1] [INFO] [subscriber]: Latency; '130047'
1606305872.5477831 [pubsub-1] [INFO] [subscriber]: Latency; '126298'
1606305872.5478010 [pubsub-1] [INFO] [subscriber]: Latency; '110556'
1606305872.5478187 [pubsub-1] [INFO] [subscriber]: Latency; '118701'
1606305872.5478370 [pubsub-1] [INFO] [subscriber]: Latency; '133079'
1606305872.5478549 [pubsub-1] [INFO] [subscriber]: Latency; '48084'
1606305872.5478725 [pubsub-1] [INFO] [subscriber]: Latency; '123864'
1606305872.5478904 [pubsub-1] [INFO] [subscriber]: Latency; '140954'
1606305872.5479081 [pubsub-1] [INFO] [subscriber]: Latency; '123268'
1606305872.5479257 [pubsub-1] [INFO] [subscriber]: Latency; '137182'
1606305872.5479434 [pubsub-1] [INFO] [subscriber]: Latency; '110207'
1606305872.5479610 [pubsub-1] [INFO] [subscriber]: Latency; '108336'
1606305872.5479791 [pubsub-1] [INFO] [subscriber]: Latency; '109604'
1606305872.5479968 [pubsub-1] [INFO] [subscriber]: Latency; '103470'
1606305872.5480144 [pubsub-1] [INFO] [subscriber]: Latency; '120512'
1606305872.5480323 [pubsub-1] [INFO] [subscriber]: Latency; '108189'
1606305872.5480499 [pubsub-1] [INFO] [subscriber]: Latency; '113985'
1606305872.5480678 [pubsub-1] [INFO] [subscriber]: Latency; '121436'
1606305872.5480855 [pubsub-1] [INFO] [subscriber]: Latency; '123090'
1606305872.5481031 [pubsub-1] [INFO] [subscriber]: Latency; '130534'
1606305872.5481207 [pubsub-1] [INFO] [subscriber]: Latency; '125461'
1606305872.5481384 [pubsub-1] [INFO] [subscriber]: Latency; '119544'
1606305872.5481565 [pubsub-1] [INFO] [subscriber]: Latency; '110456'
1606305872.5481744 [pubsub-1] [INFO] [subscriber]: Latency; '120216'
1606305872.5481923 [pubsub-1] [INFO] [subscriber]: Latency; '134045'
1606305872.5482099 [pubsub-1] [INFO] [subscriber]: Latency; '116258'
1606305872.5482275 [pubsub-1] [INFO] [subscriber]: Latency; '132185'
1606305872.5482454 [pubsub-1] [INFO] [subscriber]: Latency; '124450'
1606305872.5482633 [pubsub-1] [INFO] [subscriber]: Latency; '107507'
1606305872.5482814 [pubsub-1] [INFO] [subscriber]: Latency; '130691'
1606305872.5482991 [pubsub-1] [INFO] [subscriber]: Latency; '133800'
1606305883.0421748 [pubsub-1] [INFO] [subscriber]: Latency; '109273'
1606305883.0424368 [pubsub-1] [INFO] [subscriber]: Latency; '115851'
1606305883.0426185 [pubsub-1] [INFO] [subscriber]: Latency; '34163'
1606305883.0427532 [pubsub-1] [INFO] [subscriber]: Latency; '110081'
1606305883.0428760 [pubsub-1] [INFO] [subscriber]: Latency; '131396'
1606305883.0429924 [pubsub-1] [INFO] [subscriber]: Latency; '110532'
1606305883.0431063 [pubsub-1] [INFO] [subscriber]: Latency; '114886'
1606305883.0432181 [pubsub-1] [INFO] [subscriber]: Latency; '126047'
1606305883.0433288 [pubsub-1] [INFO] [subscriber]: Latency; '133354'
1606305883.0434394 [pubsub-1] [INFO] [subscriber]: Latency; '88418'
1606305883.0435672 [pubsub-1] [INFO] [subscriber]: Latency; '106373'
1606305883.0437117 [pubsub-1] [INFO] [subscriber]: Latency; '108873'
1606305883.0439317 [pubsub-1] [INFO] [subscriber]: Latency; '109069'
1606305883.0440648 [pubsub-1] [INFO] [subscriber]: Latency; '146006'
1606305883.0441830 [pubsub-1] [INFO] [subscriber]: Latency; '126306'
1606305883.0442970 [pubsub-1] [INFO] [subscriber]: Latency; '131976'
1606305883.0444083 [pubsub-1] [INFO] [subscriber]: Latency; '130600'
1606305883.0445209 [pubsub-1] [INFO] [subscriber]: Latency; '123184'
1606305883.0446618 [pubsub-1] [INFO] [subscriber]: Latency; '132187'
1606305883.0448494 [pubsub-1] [INFO] [subscriber]: Latency; '125047'
1606305883.0449841 [pubsub-1] [INFO] [subscriber]: Latency; '90810'
1606305883.0451033 [pubsub-1] [INFO] [subscriber]: Latency; '127740'
1606305883.0452182 [pubsub-1] [INFO] [subscriber]: Latency; '118724'
1606305883.0453298 [pubsub-1] [INFO] [subscriber]: Latency; '127178'
1606305883.0454404 [pubsub-1] [INFO] [subscriber]: Latency; '110480'
1606305883.0455508 [pubsub-1] [INFO] [subscriber]: Latency; '126510'
1606305883.0456591 [pubsub-1] [INFO] [subscriber]: Latency; '83830'
1606305883.0457678 [pubsub-1] [INFO] [subscriber]: Latency; '126361'
1606305883.0459070 [pubsub-1] [INFO] [subscriber]: Latency; '121112'
1606305883.0460196 [pubsub-1] [INFO] [subscriber]: Latency; '97045'
1606305883.0461297 [pubsub-1] [INFO] [subscriber]: Latency; '109412'
1606305883.0462384 [pubsub-1] [INFO] [subscriber]: Latency; '109874'
1606305883.0463462 [pubsub-1] [INFO] [subscriber]: Latency; '130063'
1606305883.0464551 [pubsub-1] [INFO] [subscriber]: Latency; '136755'
1606305883.0465617 [pubsub-1] [INFO] [subscriber]: Latency; '130868'
1606305883.0466685 [pubsub-1] [INFO] [subscriber]: Latency; '129198'
1606305883.0467756 [pubsub-1] [INFO] [subscriber]: Latency; '129719'
1606305883.0468962 [pubsub-1] [INFO] [subscriber]: Latency; '130521'
1606305883.0470190 [pubsub-1] [INFO] [subscriber]: Latency; '129949'
1606305883.0471294 [pubsub-1] [INFO] [subscriber]: Latency; '125503'
1606305883.0472372 [pubsub-1] [INFO] [subscriber]: Latency; '106134'
1606305883.0473444 [pubsub-1] [INFO] [subscriber]: Latency; '112314'
1606305883.0474520 [pubsub-1] [INFO] [subscriber]: Latency; '77618'
1606305883.0475597 [pubsub-1] [INFO] [subscriber]: Latency; '125670'
1606305883.0476670 [pubsub-1] [INFO] [subscriber]: Latency; '131057'
1606305883.0477743 [pubsub-1] [INFO] [subscriber]: Latency; '112790'
1606305883.0478814 [pubsub-1] [INFO] [subscriber]: Latency; '111445'
1606305883.0480080 [pubsub-1] [INFO] [subscriber]: Latency; '126834'
1606305883.0481224 [pubsub-1] [INFO] [subscriber]: Latency; '128617'
1606305883.0482302 [pubsub-1] [INFO] [subscriber]: Latency; '73820'
1606305883.0483372 [pubsub-1] [INFO] [subscriber]: Latency; '109828'
1606305883.0484431 [pubsub-1] [INFO] [subscriber]: Latency; '123640'
1606305883.0485675 [pubsub-1] [INFO] [subscriber]: Latency; '123849'
1606305883.0486817 [pubsub-1] [INFO] [subscriber]: Latency; '128442'
1606305883.0487902 [pubsub-1] [INFO] [subscriber]: Latency; '125083'
1606305883.0488973 [pubsub-1] [INFO] [subscriber]: Latency; '124657'
1606305883.0490031 [pubsub-1] [INFO] [subscriber]: Latency; '126550'
1606305883.0491362 [pubsub-1] [INFO] [subscriber]: Latency; '124998'
1606305883.0492456 [pubsub-1] [INFO] [subscriber]: Latency; '121973'
1606305883.0493531 [pubsub-1] [INFO] [subscriber]: Latency; '108985'
1606305883.0494592 [pubsub-1] [INFO] [subscriber]: Latency; '111728'
1606305883.0495651 [pubsub-1] [INFO] [subscriber]: Latency; '126367'
1606305883.0496716 [pubsub-1] [INFO] [subscriber]: Latency; '125084'
1606305883.0497775 [pubsub-1] [INFO] [subscriber]: Latency; '131951'
1606305883.0498836 [pubsub-1] [INFO] [subscriber]: Latency; '123003'
1606305883.0499897 [pubsub-1] [INFO] [subscriber]: Latency; '117936'
1606305883.0500956 [pubsub-1] [INFO] [subscriber]: Latency; '128748'
1606305883.0502291 [pubsub-1] [INFO] [subscriber]: Latency; '132157'
1606305883.0503378 [pubsub-1] [INFO] [subscriber]: Latency; '128866'
1606305883.0504456 [pubsub-1] [INFO] [subscriber]: Latency; '54983'
1606305883.0505669 [pubsub-1] [INFO] [subscriber]: Latency; '86287'
1606305883.0506752 [pubsub-1] [INFO] [subscriber]: Latency; '121596'
1606305883.0507820 [pubsub-1] [INFO] [subscriber]: Latency; '113165'
1606305883.0508883 [pubsub-1] [INFO] [subscriber]: Latency; '113711'
1606305883.0509942 [pubsub-1] [INFO] [subscriber]: Latency; '129391'
1606305883.0511003 [pubsub-1] [INFO] [subscriber]: Latency; '115531'
1606305883.0512195 [pubsub-1] [INFO] [subscriber]: Latency; '120802'
1606305883.0513437 [pubsub-1] [INFO] [subscriber]: Latency; '98538'
1606305883.0514522 [pubsub-1] [INFO] [subscriber]: Latency; '115709'
1606305883.0515585 [pubsub-1] [INFO] [subscriber]: Latency; '139246'
1606305883.0516648 [pubsub-1] [INFO] [subscriber]: Latency; '130607'
1606305883.0517704 [pubsub-1] [INFO] [subscriber]: Latency; '108646'
1606305883.0518758 [pubsub-1] [INFO] [subscriber]: Latency; '124415'
1606305883.0519819 [pubsub-1] [INFO] [subscriber]: Latency; '89207'
1606305883.0520866 [pubsub-1] [INFO] [subscriber]: Latency; '101274'
1606305883.0521922 [pubsub-1] [INFO] [subscriber]: Latency; '137937'
1606305883.0523150 [pubsub-1] [INFO] [subscriber]: Latency; '111117'
1606305883.0524309 [pubsub-1] [INFO] [subscriber]: Latency; '126224'
1606305883.0525379 [pubsub-1] [INFO] [subscriber]: Latency; '84317'
1606305883.0526681 [pubsub-1] [INFO] [subscriber]: Latency; '125807'
1606305883.0527744 [pubsub-1] [INFO] [subscriber]: Latency; '129824'
1606305883.0528805 [pubsub-1] [INFO] [subscriber]: Latency; '108988'
1606305883.0529857 [pubsub-1] [INFO] [subscriber]: Latency; '109059'
1606305883.0530903 [pubsub-1] [INFO] [subscriber]: Latency; '144985'
1606305883.0531960 [pubsub-1] [INFO] [subscriber]: Latency; '125257'
1606305883.0533020 [pubsub-1] [INFO] [subscriber]: Latency; '124516'
1606305883.0534308 [pubsub-1] [INFO] [subscriber]: Latency; '127937'
1606305883.0535424 [pubsub-1] [INFO] [subscriber]: Latency; '130606'
1606305883.0536497 [pubsub-1] [INFO] [subscriber]: Latency; '131593'
1606305883.0537558 [pubsub-1] [INFO] [subscriber]: Latency; '140877'
1606305883.0538619 [pubsub-1] [INFO] [subscriber]: Latency; '131325'
1606305883.0539680 [pubsub-1] [INFO] [subscriber]: Latency; '133522'
1606305883.0540736 [pubsub-1] [INFO] [subscriber]: Latency; '114527'
1606305883.0541787 [pubsub-1] [INFO] [subscriber]: Latency; '127896'
1606305883.0542834 [pubsub-1] [INFO] [subscriber]: Latency; '124219'
1606305893.6421411 [pubsub-1] [INFO] [subscriber]: Latency; '119679'
1606305893.6424589 [pubsub-1] [INFO] [subscriber]: Latency; '120507'
1606305893.6426275 [pubsub-1] [INFO] [subscriber]: Latency; '131282'
1606305893.6427643 [pubsub-1] [INFO] [subscriber]: Latency; '118045'
1606305893.6428876 [pubsub-1] [INFO] [subscriber]: Latency; '137806'
1606305893.6430366 [pubsub-1] [INFO] [subscriber]: Latency; '114440'
1606305893.6432118 [pubsub-1] [INFO] [subscriber]: Latency; '115599'
1606305893.6433306 [pubsub-1] [INFO] [subscriber]: Latency; '126342'
1606305893.6434419 [pubsub-1] [INFO] [subscriber]: Latency; '130180'
1606305893.6435533 [pubsub-1] [INFO] [subscriber]: Latency; '131258'
1606305893.6436629 [pubsub-1] [INFO] [subscriber]: Latency; '130906'
1606305893.6437712 [pubsub-1] [INFO] [subscriber]: Latency; '135233'
1606305893.6438785 [pubsub-1] [INFO] [subscriber]: Latency; '122769'
1606305893.6439874 [pubsub-1] [INFO] [subscriber]: Latency; '130820'
1606305893.6440959 [pubsub-1] [INFO] [subscriber]: Latency; '130860'
1606305893.6442041 [pubsub-1] [INFO] [subscriber]: Latency; '115600'
1606305893.6443133 [pubsub-1] [INFO] [subscriber]: Latency; '116105'
1606305893.6444216 [pubsub-1] [INFO] [subscriber]: Latency; '117002'
1606305893.6445320 [pubsub-1] [INFO] [subscriber]: Latency; '116579'
1606305893.6446745 [pubsub-1] [INFO] [subscriber]: Latency; '130819'
1606305893.6447849 [pubsub-1] [INFO] [subscriber]: Latency; '136241'
1606305893.6448929 [pubsub-1] [INFO] [subscriber]: Latency; '131099'
1606305893.6450016 [pubsub-1] [INFO] [subscriber]: Latency; '131927'
1606305893.6451089 [pubsub-1] [INFO] [subscriber]: Latency; '131234'
1606305893.6452346 [pubsub-1] [INFO] [subscriber]: Latency; '44071'
1606305893.6453462 [pubsub-1] [INFO] [subscriber]: Latency; '117593'
1606305893.6454535 [pubsub-1] [INFO] [subscriber]: Latency; '115280'
1606305893.6455615 [pubsub-1] [INFO] [subscriber]: Latency; '123864'
1606305893.6456685 [pubsub-1] [INFO] [subscriber]: Latency; '134486'
1606305893.6457751 [pubsub-1] [INFO] [subscriber]: Latency; '134522'
1606305893.6458805 [pubsub-1] [INFO] [subscriber]: Latency; '115425'
1606305893.6459877 [pubsub-1] [INFO] [subscriber]: Latency; '130319'
1606305893.6460948 [pubsub-1] [INFO] [subscriber]: Latency; '114323'
1606305893.6462018 [pubsub-1] [INFO] [subscriber]: Latency; '131265'
1606305893.6463091 [pubsub-1] [INFO] [subscriber]: Latency; '128047'
1606305893.6464155 [pubsub-1] [INFO] [subscriber]: Latency; '115229'
1606305893.6465235 [pubsub-1] [INFO] [subscriber]: Latency; '115070'
1606305893.6466217 [pubsub-1] [INFO] [subscriber]: Latency; '132014'
1606305893.6466398 [pubsub-1] [INFO] [subscriber]: Latency; '125589'
1606305893.6466577 [pubsub-1] [INFO] [subscriber]: Latency; '124888'
1606305893.6466758 [pubsub-1] [INFO] [subscriber]: Latency; '126695'
1606305893.6466937 [pubsub-1] [INFO] [subscriber]: Latency; '123048'
1606305893.6467118 [pubsub-1] [INFO] [subscriber]: Latency; '122907'
1606305893.6467297 [pubsub-1] [INFO] [subscriber]: Latency; '123338'
1606305893.6467474 [pubsub-1] [INFO] [subscriber]: Latency; '42139'
1606305893.6467650 [pubsub-1] [INFO] [subscriber]: Latency; '114080'
1606305893.6467826 [pubsub-1] [INFO] [subscriber]: Latency; '109457'
1606305893.6468003 [pubsub-1] [INFO] [subscriber]: Latency; '119890'
1606305893.6468182 [pubsub-1] [INFO] [subscriber]: Latency; '111774'
1606305893.6468363 [pubsub-1] [INFO] [subscriber]: Latency; '120044'
1606305893.6468539 [pubsub-1] [INFO] [subscriber]: Latency; '146064'
1606305893.6468713 [pubsub-1] [INFO] [subscriber]: Latency; '125005'
1606305893.6468890 [pubsub-1] [INFO] [subscriber]: Latency; '114704'
1606305893.6469064 [pubsub-1] [INFO] [subscriber]: Latency; '113027'
1606305893.6469238 [pubsub-1] [INFO] [subscriber]: Latency; '108953'
1606305893.6469409 [pubsub-1] [INFO] [subscriber]: Latency; '92386'
1606305893.6469586 [pubsub-1] [INFO] [subscriber]: Latency; '78031'
1606305893.6469760 [pubsub-1] [INFO] [subscriber]: Latency; '97269'
1606305893.6469934 [pubsub-1] [INFO] [subscriber]: Latency; '58351'
1606305893.6470108 [pubsub-1] [INFO] [subscriber]: Latency; '113392'
1606305893.6470284 [pubsub-1] [INFO] [subscriber]: Latency; '115178'
1606305893.6470459 [pubsub-1] [INFO] [subscriber]: Latency; '126276'
1606305893.6470633 [pubsub-1] [INFO] [subscriber]: Latency; '96422'
1606305893.6470809 [pubsub-1] [INFO] [subscriber]: Latency; '115254'
1606305893.6470983 [pubsub-1] [INFO] [subscriber]: Latency; '43104'
1606305893.6471157 [pubsub-1] [INFO] [subscriber]: Latency; '114961'
1606305893.6471336 [pubsub-1] [INFO] [subscriber]: Latency; '114986'
1606305893.6471510 [pubsub-1] [INFO] [subscriber]: Latency; '123185'
1606305893.6471689 [pubsub-1] [INFO] [subscriber]: Latency; '123286'
1606305893.6471863 [pubsub-1] [INFO] [subscriber]: Latency; '72394'
1606305893.6472037 [pubsub-1] [INFO] [subscriber]: Latency; '123790'
1606305893.6472211 [pubsub-1] [INFO] [subscriber]: Latency; '128955'
1606305893.6472385 [pubsub-1] [INFO] [subscriber]: Latency; '143469'
1606305893.6472559 [pubsub-1] [INFO] [subscriber]: Latency; '76254'
1606305893.6472735 [pubsub-1] [INFO] [subscriber]: Latency; '115173'
1606305893.6472912 [pubsub-1] [INFO] [subscriber]: Latency; '91556'
1606305893.6473088 [pubsub-1] [INFO] [subscriber]: Latency; '133481'
1606305893.6473265 [pubsub-1] [INFO] [subscriber]: Latency; '105370'
1606305893.6473441 [pubsub-1] [INFO] [subscriber]: Latency; '142741'
1606305893.6473618 [pubsub-1] [INFO] [subscriber]: Latency; '117496'
1606305893.6473792 [pubsub-1] [INFO] [subscriber]: Latency; '125687'
1606305893.6473966 [pubsub-1] [INFO] [subscriber]: Latency; '134280'
1606305893.6474144 [pubsub-1] [INFO] [subscriber]: Latency; '117609'
1606305893.6474319 [pubsub-1] [INFO] [subscriber]: Latency; '131099'
1606305893.6474516 [pubsub-1] [INFO] [subscriber]: Latency; '43155'
1606305893.6474698 [pubsub-1] [INFO] [subscriber]: Latency; '117928'
1606305893.6474874 [pubsub-1] [INFO] [subscriber]: Latency; '131039'
1606305893.6475055 [pubsub-1] [INFO] [subscriber]: Latency; '132952'
1606305893.6475232 [pubsub-1] [INFO] [subscriber]: Latency; '133519'
1606305893.6475410 [pubsub-1] [INFO] [subscriber]: Latency; '144496'
1606305893.6475587 [pubsub-1] [INFO] [subscriber]: Latency; '134712'
1606305893.6475761 [pubsub-1] [INFO] [subscriber]: Latency; '118999'
1606305893.6475937 [pubsub-1] [INFO] [subscriber]: Latency; '137208'
1606305893.6476111 [pubsub-1] [INFO] [subscriber]: Latency; '134884'
1606305893.6476288 [pubsub-1] [INFO] [subscriber]: Latency; '122465'
1606305893.6476462 [pubsub-1] [INFO] [subscriber]: Latency; '136800'
1606305893.6476636 [pubsub-1] [INFO] [subscriber]: Latency; '132765'
1606305893.6476815 [pubsub-1] [INFO] [subscriber]: Latency; '104933'
1606305893.6476991 [pubsub-1] [INFO] [subscriber]: Latency; '44803'
1606305893.6477168 [pubsub-1] [INFO] [subscriber]: Latency; '122917'
1606305893.6477349 [pubsub-1] [INFO] [subscriber]: Latency; '83818'
1606305893.6477525 [pubsub-1] [INFO] [subscriber]: Latency; '116155'
1606305893.6477704 [pubsub-1] [INFO] [subscriber]: Latency; '124599'
1606305893.6477878 [pubsub-1] [INFO] [subscriber]: Latency; '132568'
1606305893.6478059 [pubsub-1] [INFO] [subscriber]: Latency; '45444'
1606305893.6478236 [pubsub-1] [INFO] [subscriber]: Latency; '118711'
1606305904.1421022 [pubsub-1] [INFO] [subscriber]: Latency; '109852'
1606305904.1423826 [pubsub-1] [INFO] [subscriber]: Latency; '116430'
1606305904.1425486 [pubsub-1] [INFO] [subscriber]: Latency; '133564'
1606305904.1426816 [pubsub-1] [INFO] [subscriber]: Latency; '129381'
1606305904.1428001 [pubsub-1] [INFO] [subscriber]: Latency; '120648'
1606305904.1429155 [pubsub-1] [INFO] [subscriber]: Latency; '91351'
1606305904.1430268 [pubsub-1] [INFO] [subscriber]: Latency; '135275'
1606305904.1431367 [pubsub-1] [INFO] [subscriber]: Latency; '127582'
1606305904.1432469 [pubsub-1] [INFO] [subscriber]: Latency; '125297'
1606305904.1433609 [pubsub-1] [INFO] [subscriber]: Latency; '117485'
1606305904.1434975 [pubsub-1] [INFO] [subscriber]: Latency; '135163'
1606305904.1436074 [pubsub-1] [INFO] [subscriber]: Latency; '116770'
1606305904.1437180 [pubsub-1] [INFO] [subscriber]: Latency; '68801'
1606305904.1438270 [pubsub-1] [INFO] [subscriber]: Latency; '115901'
1606305904.1439354 [pubsub-1] [INFO] [subscriber]: Latency; '132574'
1606305904.1440437 [pubsub-1] [INFO] [subscriber]: Latency; '115940'
1606305904.1441536 [pubsub-1] [INFO] [subscriber]: Latency; '125191'
1606305904.1442738 [pubsub-1] [INFO] [subscriber]: Latency; '126315'
1606305904.1444027 [pubsub-1] [INFO] [subscriber]: Latency; '111206'
1606305904.1452503 [pubsub-1] [INFO] [subscriber]: Latency; '120800'
1606305904.1454706 [pubsub-1] [INFO] [subscriber]: Latency; '117142'
1606305904.1456497 [pubsub-1] [INFO] [subscriber]: Latency; '117758'
1606305904.1457829 [pubsub-1] [INFO] [subscriber]: Latency; '133241'
1606305904.1459029 [pubsub-1] [INFO] [subscriber]: Latency; '132326'
1606305904.1460166 [pubsub-1] [INFO] [subscriber]: Latency; '132646'
1606305904.1461287 [pubsub-1] [INFO] [subscriber]: Latency; '132018'
1606305904.1462388 [pubsub-1] [INFO] [subscriber]: Latency; '125251'
1606305904.1463494 [pubsub-1] [INFO] [subscriber]: Latency; '109402'
1606305904.1464589 [pubsub-1] [INFO] [subscriber]: Latency; '119331'
1606305904.1465669 [pubsub-1] [INFO] [subscriber]: Latency; '136537'
1606305904.1467047 [pubsub-1] [INFO] [subscriber]: Latency; '133116'
1606305904.1468189 [pubsub-1] [INFO] [subscriber]: Latency; '120536'
1606305904.1469288 [pubsub-1] [INFO] [subscriber]: Latency; '18856'
1606305904.1470382 [pubsub-1] [INFO] [subscriber]: Latency; '125703'
1606305904.1471472 [pubsub-1] [INFO] [subscriber]: Latency; '146207'
1606305904.1472569 [pubsub-1] [INFO] [subscriber]: Latency; '102333'
1606305904.1473656 [pubsub-1] [INFO] [subscriber]: Latency; '132282'
1606305904.1474938 [pubsub-1] [INFO] [subscriber]: Latency; '132106'
1606305904.1476057 [pubsub-1] [INFO] [subscriber]: Latency; '117579'
1606305904.1477292 [pubsub-1] [INFO] [subscriber]: Latency; '117348'
1606305904.1478527 [pubsub-1] [INFO] [subscriber]: Latency; '115576'
1606305904.1479616 [pubsub-1] [INFO] [subscriber]: Latency; '120280'
1606305904.1480696 [pubsub-1] [INFO] [subscriber]: Latency; '115341'
1606305904.1481793 [pubsub-1] [INFO] [subscriber]: Latency; '115762'
1606305904.1482880 [pubsub-1] [INFO] [subscriber]: Latency; '134034'
1606305904.1483958 [pubsub-1] [INFO] [subscriber]: Latency; '141344'
1606305904.1485028 [pubsub-1] [INFO] [subscriber]: Latency; '139437'
1606305904.1486390 [pubsub-1] [INFO] [subscriber]: Latency; '115065'
1606305904.1487479 [pubsub-1] [INFO] [subscriber]: Latency; '116063'
1606305904.1488814 [pubsub-1] [INFO] [subscriber]: Latency; '89492'
1606305904.1489935 [pubsub-1] [INFO] [subscriber]: Latency; '115423'
1606305904.1491010 [pubsub-1] [INFO] [subscriber]: Latency; '110990'
1606305904.1492078 [pubsub-1] [INFO] [subscriber]: Latency; '43584'
1606305904.1493154 [pubsub-1] [INFO] [subscriber]: Latency; '116581'
1606305904.1494215 [pubsub-1] [INFO] [subscriber]: Latency; '131810'
1606305904.1495287 [pubsub-1] [INFO] [subscriber]: Latency; '131294'
1606305904.1496363 [pubsub-1] [INFO] [subscriber]: Latency; '117180'
1606305904.1497428 [pubsub-1] [INFO] [subscriber]: Latency; '130742'
1606305904.1498485 [pubsub-1] [INFO] [subscriber]: Latency; '109258'
1606305904.1499820 [pubsub-1] [INFO] [subscriber]: Latency; '120785'
1606305904.1500909 [pubsub-1] [INFO] [subscriber]: Latency; '94828'
1606305904.1501975 [pubsub-1] [INFO] [subscriber]: Latency; '94117'
1606305904.1503038 [pubsub-1] [INFO] [subscriber]: Latency; '91682'
1606305904.1504097 [pubsub-1] [INFO] [subscriber]: Latency; '90668'
1606305904.1505146 [pubsub-1] [INFO] [subscriber]: Latency; '89573'
1606305904.1506207 [pubsub-1] [INFO] [subscriber]: Latency; '89681'
1606305904.1507266 [pubsub-1] [INFO] [subscriber]: Latency; '89719'
1606305904.1508334 [pubsub-1] [INFO] [subscriber]: Latency; '86526'
1606305904.1509445 [pubsub-1] [INFO] [subscriber]: Latency; '90572'
1606305904.1510744 [pubsub-1] [INFO] [subscriber]: Latency; '89480'
1606305904.1511834 [pubsub-1] [INFO] [subscriber]: Latency; '91043'
1606305904.1512899 [pubsub-1] [INFO] [subscriber]: Latency; '142180'
1606305904.1513965 [pubsub-1] [INFO] [subscriber]: Latency; '47088'
1606305904.1515031 [pubsub-1] [INFO] [subscriber]: Latency; '127041'
1606305904.1516099 [pubsub-1] [INFO] [subscriber]: Latency; '124582'
1606305904.1517158 [pubsub-1] [INFO] [subscriber]: Latency; '125232'
1606305904.1518233 [pubsub-1] [INFO] [subscriber]: Latency; '128063'
1606305904.1519299 [pubsub-1] [INFO] [subscriber]: Latency; '125516'
1606305904.1520522 [pubsub-1] [INFO] [subscriber]: Latency; '132717'
1606305904.1521719 [pubsub-1] [INFO] [subscriber]: Latency; '109887'
1606305904.1522803 [pubsub-1] [INFO] [subscriber]: Latency; '108855'
1606305904.1523883 [pubsub-1] [INFO] [subscriber]: Latency; '119574'
1606305904.1524942 [pubsub-1] [INFO] [subscriber]: Latency; '106615'
1606305904.1526229 [pubsub-1] [INFO] [subscriber]: Latency; '137166'
1606305904.1527319 [pubsub-1] [INFO] [subscriber]: Latency; '128619'
1606305904.1528401 [pubsub-1] [INFO] [subscriber]: Latency; '123323'
1606305904.1529477 [pubsub-1] [INFO] [subscriber]: Latency; '90287'
1606305904.1530552 [pubsub-1] [INFO] [subscriber]: Latency; '134545'
1606305904.1531889 [pubsub-1] [INFO] [subscriber]: Latency; '109880'
1606305904.1533017 [pubsub-1] [INFO] [subscriber]: Latency; '109135'
1606305904.1534097 [pubsub-1] [INFO] [subscriber]: Latency; '107881'
1606305904.1535177 [pubsub-1] [INFO] [subscriber]: Latency; '91104'
1606305904.1536252 [pubsub-1] [INFO] [subscriber]: Latency; '111712'
1606305904.1537318 [pubsub-1] [INFO] [subscriber]: Latency; '125296'
1606305904.1538393 [pubsub-1] [INFO] [subscriber]: Latency; '109049'
1606305904.1539466 [pubsub-1] [INFO] [subscriber]: Latency; '107692'
1606305904.1540532 [pubsub-1] [INFO] [subscriber]: Latency; '123842'
1606305904.1541762 [pubsub-1] [INFO] [subscriber]: Latency; '108623'
1606305904.1543114 [pubsub-1] [INFO] [subscriber]: Latency; '123613'
1606305904.1544204 [pubsub-1] [INFO] [subscriber]: Latency; '112669'
1606305904.1545277 [pubsub-1] [INFO] [subscriber]: Latency; '131311'
1606305904.1546345 [pubsub-1] [INFO] [subscriber]: Latency; '127600'
1606305904.1547415 [pubsub-1] [INFO] [subscriber]: Latency; '132003'
1606305904.1548481 [pubsub-1] [INFO] [subscriber]: Latency; '123535'
1606305904.1549544 [pubsub-1] [INFO] [subscriber]: Latency; '93860'
1606305914.6421108 [pubsub-1] [INFO] [subscriber]: Latency; '98753'
1606305914.6423738 [pubsub-1] [INFO] [subscriber]: Latency; '122863'
1606305914.6425266 [pubsub-1] [INFO] [subscriber]: Latency; '131024'
1606305914.6426585 [pubsub-1] [INFO] [subscriber]: Latency; '129917'
1606305914.6428814 [pubsub-1] [INFO] [subscriber]: Latency; '114839'
1606305914.6430230 [pubsub-1] [INFO] [subscriber]: Latency; '124717'
1606305914.6431432 [pubsub-1] [INFO] [subscriber]: Latency; '125987'
1606305914.6432569 [pubsub-1] [INFO] [subscriber]: Latency; '137530'
1606305914.6433697 [pubsub-1] [INFO] [subscriber]: Latency; '131533'
1606305914.6434822 [pubsub-1] [INFO] [subscriber]: Latency; '122546'
1606305914.6435938 [pubsub-1] [INFO] [subscriber]: Latency; '117326'
1606305914.6437044 [pubsub-1] [INFO] [subscriber]: Latency; '137851'
1606305914.6438148 [pubsub-1] [INFO] [subscriber]: Latency; '131269'
1606305914.6439247 [pubsub-1] [INFO] [subscriber]: Latency; '117211'
1606305914.6440344 [pubsub-1] [INFO] [subscriber]: Latency; '70101'
1606305914.6441431 [pubsub-1] [INFO] [subscriber]: Latency; '132106'
1606305914.6442511 [pubsub-1] [INFO] [subscriber]: Latency; '116391'
1606305914.6443586 [pubsub-1] [INFO] [subscriber]: Latency; '131945'
1606305914.6444662 [pubsub-1] [INFO] [subscriber]: Latency; '131023'
1606305914.6445994 [pubsub-1] [INFO] [subscriber]: Latency; '143372'
1606305914.6447134 [pubsub-1] [INFO] [subscriber]: Latency; '133243'
1606305914.6448236 [pubsub-1] [INFO] [subscriber]: Latency; '126131'
1606305914.6449318 [pubsub-1] [INFO] [subscriber]: Latency; '126956'
1606305914.6450391 [pubsub-1] [INFO] [subscriber]: Latency; '92444'
1606305914.6451459 [pubsub-1] [INFO] [subscriber]: Latency; '84502'
1606305914.6452532 [pubsub-1] [INFO] [subscriber]: Latency; '118175'
1606305914.6453602 [pubsub-1] [INFO] [subscriber]: Latency; '132970'
1606305914.6454668 [pubsub-1] [INFO] [subscriber]: Latency; '41596'
1606305914.6455758 [pubsub-1] [INFO] [subscriber]: Latency; '132930'
1606305914.6456826 [pubsub-1] [INFO] [subscriber]: Latency; '117106'
1606305914.6457901 [pubsub-1] [INFO] [subscriber]: Latency; '132402'
1606305914.6458976 [pubsub-1] [INFO] [subscriber]: Latency; '132572'
1606305914.6460052 [pubsub-1] [INFO] [subscriber]: Latency; '131464'
1606305914.6461136 [pubsub-1] [INFO] [subscriber]: Latency; '133908'
1606305914.6462197 [pubsub-1] [INFO] [subscriber]: Latency; '131608'
1606305914.6463261 [pubsub-1] [INFO] [subscriber]: Latency; '137323'
1606305914.6464329 [pubsub-1] [INFO] [subscriber]: Latency; '115517'
1606305914.6465414 [pubsub-1] [INFO] [subscriber]: Latency; '116101'
1606305914.6466501 [pubsub-1] [INFO] [subscriber]: Latency; '136401'
1606305914.6467574 [pubsub-1] [INFO] [subscriber]: Latency; '112775'
1606305914.6468642 [pubsub-1] [INFO] [subscriber]: Latency; '122388'
1606305914.6469710 [pubsub-1] [INFO] [subscriber]: Latency; '134788'
1606305914.6470771 [pubsub-1] [INFO] [subscriber]: Latency; '134191'
1606305914.6471229 [pubsub-1] [INFO] [subscriber]: Latency; '118652'
1606305914.6471410 [pubsub-1] [INFO] [subscriber]: Latency; '108640'
1606305914.6471586 [pubsub-1] [INFO] [subscriber]: Latency; '133316'
1606305914.6471765 [pubsub-1] [INFO] [subscriber]: Latency; '130462'
1606305914.6471946 [pubsub-1] [INFO] [subscriber]: Latency; '42228'
1606305914.6472125 [pubsub-1] [INFO] [subscriber]: Latency; '134336'
1606305914.6472306 [pubsub-1] [INFO] [subscriber]: Latency; '120789'
1606305914.6472490 [pubsub-1] [INFO] [subscriber]: Latency; '146069'
1606305914.6472700 [pubsub-1] [INFO] [subscriber]: Latency; '133825'
1606305914.6472886 [pubsub-1] [INFO] [subscriber]: Latency; '136040'
1606305914.6473067 [pubsub-1] [INFO] [subscriber]: Latency; '117750'
1606305914.6473250 [pubsub-1] [INFO] [subscriber]: Latency; '61252'
1606305914.6473432 [pubsub-1] [INFO] [subscriber]: Latency; '136001'
1606305914.6473613 [pubsub-1] [INFO] [subscriber]: Latency; '127606'
1606305914.6473794 [pubsub-1] [INFO] [subscriber]: Latency; '143780'
1606305914.6473975 [pubsub-1] [INFO] [subscriber]: Latency; '120955'
1606305914.6474156 [pubsub-1] [INFO] [subscriber]: Latency; '115798'
1606305914.6474335 [pubsub-1] [INFO] [subscriber]: Latency; '139204'
1606305914.6474514 [pubsub-1] [INFO] [subscriber]: Latency; '116266'
1606305914.6474695 [pubsub-1] [INFO] [subscriber]: Latency; '117669'
1606305914.6474874 [pubsub-1] [INFO] [subscriber]: Latency; '115425'
1606305914.6475050 [pubsub-1] [INFO] [subscriber]: Latency; '82530'
1606305914.6475234 [pubsub-1] [INFO] [subscriber]: Latency; '116411'
1606305914.6475415 [pubsub-1] [INFO] [subscriber]: Latency; '102882'
1606305914.6475596 [pubsub-1] [INFO] [subscriber]: Latency; '116253'
1606305914.6475775 [pubsub-1] [INFO] [subscriber]: Latency; '108593'
1606305914.6475959 [pubsub-1] [INFO] [subscriber]: Latency; '110173'
1606305914.6476138 [pubsub-1] [INFO] [subscriber]: Latency; '117706'
1606305914.6476319 [pubsub-1] [INFO] [subscriber]: Latency; '117140'
1606305914.6476498 [pubsub-1] [INFO] [subscriber]: Latency; '117415'
1606305914.6476676 [pubsub-1] [INFO] [subscriber]: Latency; '116168'
1606305914.6476855 [pubsub-1] [INFO] [subscriber]: Latency; '27757'
1606305914.6477039 [pubsub-1] [INFO] [subscriber]: Latency; '122039'
1606305914.6477218 [pubsub-1] [INFO] [subscriber]: Latency; '120270'
1606305914.6477394 [pubsub-1] [INFO] [subscriber]: Latency; '94411'
1606305914.6477575 [pubsub-1] [INFO] [subscriber]: Latency; '115645'
1606305914.6477754 [pubsub-1] [INFO] [subscriber]: Latency; '111861'
1606305914.6477933 [pubsub-1] [INFO] [subscriber]: Latency; '114258'
1606305914.6478117 [pubsub-1] [INFO] [subscriber]: Latency; '109753'
1606305914.6478295 [pubsub-1] [INFO] [subscriber]: Latency; '110109'
1606305914.6478477 [pubsub-1] [INFO] [subscriber]: Latency; '111501'
1606305914.6478658 [pubsub-1] [INFO] [subscriber]: Latency; '113958'
1606305914.6478839 [pubsub-1] [INFO] [subscriber]: Latency; '110595'
1606305914.6479018 [pubsub-1] [INFO] [subscriber]: Latency; '126435'
1606305914.6479199 [pubsub-1] [INFO] [subscriber]: Latency; '132232'
1606305914.6479378 [pubsub-1] [INFO] [subscriber]: Latency; '118230'
1606305914.6479559 [pubsub-1] [INFO] [subscriber]: Latency; '118870'
1606305914.6479738 [pubsub-1] [INFO] [subscriber]: Latency; '119025'
1606305914.6479919 [pubsub-1] [INFO] [subscriber]: Latency; '134192'
1606305914.6480100 [pubsub-1] [INFO] [subscriber]: Latency; '117936'
1606305914.6480279 [pubsub-1] [INFO] [subscriber]: Latency; '119678'
1606305914.6480458 [pubsub-1] [INFO] [subscriber]: Latency; '49284'
1606305914.6480637 [pubsub-1] [INFO] [subscriber]: Latency; '114777'
1606305914.6480818 [pubsub-1] [INFO] [subscriber]: Latency; '122508'
1606305914.6480994 [pubsub-1] [INFO] [subscriber]: Latency; '137079'
1606305914.6481173 [pubsub-1] [INFO] [subscriber]: Latency; '132661'
1606305914.6481349 [pubsub-1] [INFO] [subscriber]: Latency; '118055'
1606305914.6481528 [pubsub-1] [INFO] [subscriber]: Latency; '140700'
1606305914.6481707 [pubsub-1] [INFO] [subscriber]: Latency; '132523'
1606305914.6481884 [pubsub-1] [INFO] [subscriber]: Latency; '110340'
1606305914.6482062 [pubsub-1] [INFO] [subscriber]: Latency; '125359'
1606305914.6482246 [pubsub-1] [INFO] [subscriber]: Latency; '131445'
1606305925.2420790 [pubsub-1] [INFO] [subscriber]: Latency; '132613'
1606305925.2423398 [pubsub-1] [INFO] [subscriber]: Latency; '138224'
1606305925.2424903 [pubsub-1] [INFO] [subscriber]: Latency; '40570'
1606305925.2426155 [pubsub-1] [INFO] [subscriber]: Latency; '132224'
1606305925.2427309 [pubsub-1] [INFO] [subscriber]: Latency; '115723'
1606305925.2428439 [pubsub-1] [INFO] [subscriber]: Latency; '123871'
1606305925.2429733 [pubsub-1] [INFO] [subscriber]: Latency; '125194'
1606305925.2430868 [pubsub-1] [INFO] [subscriber]: Latency; '125469'
1606305925.2431960 [pubsub-1] [INFO] [subscriber]: Latency; '122427'
1606305925.2433040 [pubsub-1] [INFO] [subscriber]: Latency; '44519'
1606305925.2434103 [pubsub-1] [INFO] [subscriber]: Latency; '86353'
1606305925.2435169 [pubsub-1] [INFO] [subscriber]: Latency; '132351'
1606305925.2436233 [pubsub-1] [INFO] [subscriber]: Latency; '127177'
1606305925.2437294 [pubsub-1] [INFO] [subscriber]: Latency; '121620'
1606305925.2438357 [pubsub-1] [INFO] [subscriber]: Latency; '129738'
1606305925.2439418 [pubsub-1] [INFO] [subscriber]: Latency; '126395'
1606305925.2440469 [pubsub-1] [INFO] [subscriber]: Latency; '133389'
1606305925.2441533 [pubsub-1] [INFO] [subscriber]: Latency; '127615'
1606305925.2442594 [pubsub-1] [INFO] [subscriber]: Latency; '131927'
1606305925.2443655 [pubsub-1] [INFO] [subscriber]: Latency; '110092'
1606305925.2444720 [pubsub-1] [INFO] [subscriber]: Latency; '124408'
1606305925.2446079 [pubsub-1] [INFO] [subscriber]: Latency; '142110'
1606305925.2447176 [pubsub-1] [INFO] [subscriber]: Latency; '128532'
1606305925.2448232 [pubsub-1] [INFO] [subscriber]: Latency; '60360'
1606305925.2449274 [pubsub-1] [INFO] [subscriber]: Latency; '141961'
1606305925.2450325 [pubsub-1] [INFO] [subscriber]: Latency; '108532'
1606305925.2451360 [pubsub-1] [INFO] [subscriber]: Latency; '118946'
1606305925.2452419 [pubsub-1] [INFO] [subscriber]: Latency; '91257'
1606305925.2453477 [pubsub-1] [INFO] [subscriber]: Latency; '121582'
1606305925.2454529 [pubsub-1] [INFO] [subscriber]: Latency; '46671'
1606305925.2455575 [pubsub-1] [INFO] [subscriber]: Latency; '123373'
1606305925.2456617 [pubsub-1] [INFO] [subscriber]: Latency; '127003'
1606305925.2457659 [pubsub-1] [INFO] [subscriber]: Latency; '109853'
1606305925.2458704 [pubsub-1] [INFO] [subscriber]: Latency; '107875'
1606305925.2459755 [pubsub-1] [INFO] [subscriber]: Latency; '124901'
1606305925.2460804 [pubsub-1] [INFO] [subscriber]: Latency; '137573'
1606305925.2461867 [pubsub-1] [INFO] [subscriber]: Latency; '114269'
1606305925.2462916 [pubsub-1] [INFO] [subscriber]: Latency; '129147'
1606305925.2464101 [pubsub-1] [INFO] [subscriber]: Latency; '124553'
1606305925.2464275 [pubsub-1] [INFO] [subscriber]: Latency; '122602'
1606305925.2464454 [pubsub-1] [INFO] [subscriber]: Latency; '109211'
1606305925.2464623 [pubsub-1] [INFO] [subscriber]: Latency; '108378'
1606305925.2464800 [pubsub-1] [INFO] [subscriber]: Latency; '108768'
1606305925.2464969 [pubsub-1] [INFO] [subscriber]: Latency; '113400'
1606305925.2465141 [pubsub-1] [INFO] [subscriber]: Latency; '119310'
1606305925.2465317 [pubsub-1] [INFO] [subscriber]: Latency; '128053'
1606305925.2465491 [pubsub-1] [INFO] [subscriber]: Latency; '125193'
1606305925.2465668 [pubsub-1] [INFO] [subscriber]: Latency; '107723'
1606305925.2465837 [pubsub-1] [INFO] [subscriber]: Latency; '96051'
1606305925.2466011 [pubsub-1] [INFO] [subscriber]: Latency; '46383'
1606305925.2466183 [pubsub-1] [INFO] [subscriber]: Latency; '124556'
1606305925.2466357 [pubsub-1] [INFO] [subscriber]: Latency; '122569'
1606305925.2466531 [pubsub-1] [INFO] [subscriber]: Latency; '112117'
1606305925.2466702 [pubsub-1] [INFO] [subscriber]: Latency; '65772'
1606305925.2466877 [pubsub-1] [INFO] [subscriber]: Latency; '112113'
1606305925.2467053 [pubsub-1] [INFO] [subscriber]: Latency; '110553'
1606305925.2467227 [pubsub-1] [INFO] [subscriber]: Latency; '126165'
1606305925.2467403 [pubsub-1] [INFO] [subscriber]: Latency; '139545'
1606305925.2467573 [pubsub-1] [INFO] [subscriber]: Latency; '112978'
1606305925.2467747 [pubsub-1] [INFO] [subscriber]: Latency; '110795'
1606305925.2467926 [pubsub-1] [INFO] [subscriber]: Latency; '117815'
1606305925.2468100 [pubsub-1] [INFO] [subscriber]: Latency; '148295'
1606305925.2468274 [pubsub-1] [INFO] [subscriber]: Latency; '131438'
1606305925.2468448 [pubsub-1] [INFO] [subscriber]: Latency; '126709'
1606305925.2468622 [pubsub-1] [INFO] [subscriber]: Latency; '126517'
1606305925.2468815 [pubsub-1] [INFO] [subscriber]: Latency; '108322'
1606305925.2468996 [pubsub-1] [INFO] [subscriber]: Latency; '125192'
1606305925.2469170 [pubsub-1] [INFO] [subscriber]: Latency; '115226'
1606305925.2469351 [pubsub-1] [INFO] [subscriber]: Latency; '109132'
1606305925.2469528 [pubsub-1] [INFO] [subscriber]: Latency; '44690'
1606305925.2469702 [pubsub-1] [INFO] [subscriber]: Latency; '129837'
1606305925.2469873 [pubsub-1] [INFO] [subscriber]: Latency; '112085'
1606305925.2470047 [pubsub-1] [INFO] [subscriber]: Latency; '114371'
1606305925.2470219 [pubsub-1] [INFO] [subscriber]: Latency; '130587'
1606305925.2470391 [pubsub-1] [INFO] [subscriber]: Latency; '134559'
1606305925.2470565 [pubsub-1] [INFO] [subscriber]: Latency; '128234'
1606305925.2470739 [pubsub-1] [INFO] [subscriber]: Latency; '113022'
1606305925.2470911 [pubsub-1] [INFO] [subscriber]: Latency; '110907'
1606305925.2471085 [pubsub-1] [INFO] [subscriber]: Latency; '113350'
1606305925.2471259 [pubsub-1] [INFO] [subscriber]: Latency; '111430'
1606305925.2471435 [pubsub-1] [INFO] [subscriber]: Latency; '112072'
1606305925.2471607 [pubsub-1] [INFO] [subscriber]: Latency; '122687'
1606305925.2471783 [pubsub-1] [INFO] [subscriber]: Latency; '128301'
1606305925.2471957 [pubsub-1] [INFO] [subscriber]: Latency; '48579'
1606305925.2472134 [pubsub-1] [INFO] [subscriber]: Latency; '118247'
1606305925.2472308 [pubsub-1] [INFO] [subscriber]: Latency; '107603'
1606305925.2472482 [pubsub-1] [INFO] [subscriber]: Latency; '109378'
1606305925.2472656 [pubsub-1] [INFO] [subscriber]: Latency; '121206'
1606305925.2472827 [pubsub-1] [INFO] [subscriber]: Latency; '126832'
1606305925.2473001 [pubsub-1] [INFO] [subscriber]: Latency; '15447'
1606305925.2473176 [pubsub-1] [INFO] [subscriber]: Latency; '114600'
1606305925.2473347 [pubsub-1] [INFO] [subscriber]: Latency; '106365'
1606305925.2473519 [pubsub-1] [INFO] [subscriber]: Latency; '108985'
1606305925.2473695 [pubsub-1] [INFO] [subscriber]: Latency; '114378'
1606305925.2473867 [pubsub-1] [INFO] [subscriber]: Latency; '129296'
1606305925.2474039 [pubsub-1] [INFO] [subscriber]: Latency; '107743'
1606305925.2474213 [pubsub-1] [INFO] [subscriber]: Latency; '117926'
1606305925.2474387 [pubsub-1] [INFO] [subscriber]: Latency; '114696'
1606305925.2474561 [pubsub-1] [INFO] [subscriber]: Latency; '116047'
1606305925.2474737 [pubsub-1] [INFO] [subscriber]: Latency; '76939'
1606305925.2474911 [pubsub-1] [INFO] [subscriber]: Latency; '106602'
1606305925.2475085 [pubsub-1] [INFO] [subscriber]: Latency; '100994'
1606305925.2475257 [pubsub-1] [INFO] [subscriber]: Latency; '106027'
1606305925.2475431 [pubsub-1] [INFO] [subscriber]: Latency; '42745'
1606305925.2475605 [pubsub-1] [INFO] [subscriber]: Latency; '129748'
1606305925.2475779 [pubsub-1] [INFO] [subscriber]: Latency; '124513'
1606305935.7421727 [pubsub-1] [INFO] [subscriber]: Latency; '108862'
1606305935.7424345 [pubsub-1] [INFO] [subscriber]: Latency; '105895'
1606305935.7425840 [pubsub-1] [INFO] [subscriber]: Latency; '123981'
1606305935.7427120 [pubsub-1] [INFO] [subscriber]: Latency; '80768'
1606305935.7428310 [pubsub-1] [INFO] [subscriber]: Latency; '122678'
1606305935.7429442 [pubsub-1] [INFO] [subscriber]: Latency; '123789'
1606305935.7430563 [pubsub-1] [INFO] [subscriber]: Latency; '121277'
1606305935.7431686 [pubsub-1] [INFO] [subscriber]: Latency; '137184'
1606305935.7432778 [pubsub-1] [INFO] [subscriber]: Latency; '115752'
1606305935.7433856 [pubsub-1] [INFO] [subscriber]: Latency; '111061'
1606305935.7434931 [pubsub-1] [INFO] [subscriber]: Latency; '106332'
1606305935.7435997 [pubsub-1] [INFO] [subscriber]: Latency; '122062'
1606305935.7437065 [pubsub-1] [INFO] [subscriber]: Latency; '107110'
1606305935.7438123 [pubsub-1] [INFO] [subscriber]: Latency; '81467'
1606305935.7439179 [pubsub-1] [INFO] [subscriber]: Latency; '119950'
1606305935.7440233 [pubsub-1] [INFO] [subscriber]: Latency; '131178'
1606305935.7441285 [pubsub-1] [INFO] [subscriber]: Latency; '108211'
1606305935.7442324 [pubsub-1] [INFO] [subscriber]: Latency; '42823'
1606305935.7443371 [pubsub-1] [INFO] [subscriber]: Latency; '121910'
1606305935.7444603 [pubsub-1] [INFO] [subscriber]: Latency; '108514'
1606305935.7445989 [pubsub-1] [INFO] [subscriber]: Latency; '112481'
1606305935.7447138 [pubsub-1] [INFO] [subscriber]: Latency; '106456'
1606305935.7448199 [pubsub-1] [INFO] [subscriber]: Latency; '106455'
1606305935.7449255 [pubsub-1] [INFO] [subscriber]: Latency; '80914'
1606305935.7450306 [pubsub-1] [INFO] [subscriber]: Latency; '109907'
1606305935.7451344 [pubsub-1] [INFO] [subscriber]: Latency; '120316'
1606305935.7452388 [pubsub-1] [INFO] [subscriber]: Latency; '123358'
1606305935.7453437 [pubsub-1] [INFO] [subscriber]: Latency; '105824'
1606305935.7454486 [pubsub-1] [INFO] [subscriber]: Latency; '125564'
1606305935.7455528 [pubsub-1] [INFO] [subscriber]: Latency; '120885'
1606305935.7456582 [pubsub-1] [INFO] [subscriber]: Latency; '139173'
1606305935.7457643 [pubsub-1] [INFO] [subscriber]: Latency; '121730'
1606305935.7458694 [pubsub-1] [INFO] [subscriber]: Latency; '122319'
1606305935.7459733 [pubsub-1] [INFO] [subscriber]: Latency; '114560'
1606305935.7460763 [pubsub-1] [INFO] [subscriber]: Latency; '105573'
1606305935.7461801 [pubsub-1] [INFO] [subscriber]: Latency; '111332'
1606305935.7462857 [pubsub-1] [INFO] [subscriber]: Latency; '126721'
1606305935.7463901 [pubsub-1] [INFO] [subscriber]: Latency; '130485'
1606305935.7464931 [pubsub-1] [INFO] [subscriber]: Latency; '126943'
1606305935.7465971 [pubsub-1] [INFO] [subscriber]: Latency; '107683'
1606305935.7466507 [pubsub-1] [INFO] [subscriber]: Latency; '109480'
1606305935.7466681 [pubsub-1] [INFO] [subscriber]: Latency; '113483'
1606305935.7466853 [pubsub-1] [INFO] [subscriber]: Latency; '113601'
1606305935.7467027 [pubsub-1] [INFO] [subscriber]: Latency; '116386'
1606305935.7467198 [pubsub-1] [INFO] [subscriber]: Latency; '100877'
1606305935.7467372 [pubsub-1] [INFO] [subscriber]: Latency; '120520'
1606305935.7467544 [pubsub-1] [INFO] [subscriber]: Latency; '116312'
1606305935.7467716 [pubsub-1] [INFO] [subscriber]: Latency; '130824'
1606305935.7467890 [pubsub-1] [INFO] [subscriber]: Latency; '118531'
1606305935.7468066 [pubsub-1] [INFO] [subscriber]: Latency; '130206'
1606305935.7468238 [pubsub-1] [INFO] [subscriber]: Latency; '113245'
1606305935.7468412 [pubsub-1] [INFO] [subscriber]: Latency; '110471'
1606305935.7468586 [pubsub-1] [INFO] [subscriber]: Latency; '129504'
1606305935.7468760 [pubsub-1] [INFO] [subscriber]: Latency; '122348'
1606305935.7468932 [pubsub-1] [INFO] [subscriber]: Latency; '123757'
1606305935.7469106 [pubsub-1] [INFO] [subscriber]: Latency; '97683'
1606305935.7469275 [pubsub-1] [INFO] [subscriber]: Latency; '117457'
1606305935.7469447 [pubsub-1] [INFO] [subscriber]: Latency; '99733'
1606305935.7469618 [pubsub-1] [INFO] [subscriber]: Latency; '110831'
1606305935.7469790 [pubsub-1] [INFO] [subscriber]: Latency; '115028'
1606305935.7469962 [pubsub-1] [INFO] [subscriber]: Latency; '115195'
1606305935.7470133 [pubsub-1] [INFO] [subscriber]: Latency; '115914'
1606305935.7470307 [pubsub-1] [INFO] [subscriber]: Latency; '114995'
1606305935.7470481 [pubsub-1] [INFO] [subscriber]: Latency; '111279'
1606305935.7470655 [pubsub-1] [INFO] [subscriber]: Latency; '110653'
1606305935.7470829 [pubsub-1] [INFO] [subscriber]: Latency; '86977'
1606305935.7471004 [pubsub-1] [INFO] [subscriber]: Latency; '116406'
1606305935.7471178 [pubsub-1] [INFO] [subscriber]: Latency; '116378'
1606305935.7471352 [pubsub-1] [INFO] [subscriber]: Latency; '90452'
1606305935.7471526 [pubsub-1] [INFO] [subscriber]: Latency; '115919'
1606305935.7471702 [pubsub-1] [INFO] [subscriber]: Latency; '114152'
1606305935.7471876 [pubsub-1] [INFO] [subscriber]: Latency; '118903'
1606305935.7472053 [pubsub-1] [INFO] [subscriber]: Latency; '114589'
1606305935.7472229 [pubsub-1] [INFO] [subscriber]: Latency; '117791'
1606305935.7472403 [pubsub-1] [INFO] [subscriber]: Latency; '113110'
1606305935.7472579 [pubsub-1] [INFO] [subscriber]: Latency; '111833'
1606305935.7472754 [pubsub-1] [INFO] [subscriber]: Latency; '113090'
1606305935.7472928 [pubsub-1] [INFO] [subscriber]: Latency; '70092'
1606305935.7473118 [pubsub-1] [INFO] [subscriber]: Latency; '114335'
1606305935.7473297 [pubsub-1] [INFO] [subscriber]: Latency; '109282'
1606305935.7473471 [pubsub-1] [INFO] [subscriber]: Latency; '136361'
1606305935.7473645 [pubsub-1] [INFO] [subscriber]: Latency; '109269'
1606305935.7473819 [pubsub-1] [INFO] [subscriber]: Latency; '84418'
1606305935.7473993 [pubsub-1] [INFO] [subscriber]: Latency; '122510'
1606305935.7474167 [pubsub-1] [INFO] [subscriber]: Latency; '108050'
1606305935.7474339 [pubsub-1] [INFO] [subscriber]: Latency; '127427'
1606305935.7474511 [pubsub-1] [INFO] [subscriber]: Latency; '115336'
1606305935.7474685 [pubsub-1] [INFO] [subscriber]: Latency; '87296'
1606305935.7474859 [pubsub-1] [INFO] [subscriber]: Latency; '110020'
1606305935.7475033 [pubsub-1] [INFO] [subscriber]: Latency; '116523'
1606305935.7475209 [pubsub-1] [INFO] [subscriber]: Latency; '115042'
1606305935.7475381 [pubsub-1] [INFO] [subscriber]: Latency; '117531'
1606305935.7475555 [pubsub-1] [INFO] [subscriber]: Latency; '119253'
1606305935.7475727 [pubsub-1] [INFO] [subscriber]: Latency; '118120'
1606305935.7475901 [pubsub-1] [INFO] [subscriber]: Latency; '99620'
1606305935.7476072 [pubsub-1] [INFO] [subscriber]: Latency; '108569'
1606305935.7476244 [pubsub-1] [INFO] [subscriber]: Latency; '93494'
1606305935.7476418 [pubsub-1] [INFO] [subscriber]: Latency; '17105'
1606305935.7476590 [pubsub-1] [INFO] [subscriber]: Latency; '129866'
1606305935.7476761 [pubsub-1] [INFO] [subscriber]: Latency; '125790'
1606305935.7476938 [pubsub-1] [INFO] [subscriber]: Latency; '87293'
1606305935.7477109 [pubsub-1] [INFO] [subscriber]: Latency; '121050'
1606305935.7477283 [pubsub-1] [INFO] [subscriber]: Latency; '109155'
1606305935.7477458 [pubsub-1] [INFO] [subscriber]: Latency; '89507'
1606305935.7477629 [pubsub-1] [INFO] [subscriber]: Latency; '83382'
1606305946.3421164 [pubsub-1] [INFO] [subscriber]: Latency; '121721'
1606305946.3423843 [pubsub-1] [INFO] [subscriber]: Latency; '118172'
1606305946.3425395 [pubsub-1] [INFO] [subscriber]: Latency; '114394'
1606305946.3426690 [pubsub-1] [INFO] [subscriber]: Latency; '116873'
1606305946.3427849 [pubsub-1] [INFO] [subscriber]: Latency; '108996'
1606305946.3428991 [pubsub-1] [INFO] [subscriber]: Latency; '44943'
1606305946.3430119 [pubsub-1] [INFO] [subscriber]: Latency; '118659'
1606305946.3431220 [pubsub-1] [INFO] [subscriber]: Latency; '122018'
1606305946.3432322 [pubsub-1] [INFO] [subscriber]: Latency; '120027'
1606305946.3433421 [pubsub-1] [INFO] [subscriber]: Latency; '109550'
1606305946.3434510 [pubsub-1] [INFO] [subscriber]: Latency; '46622'
1606305946.3435585 [pubsub-1] [INFO] [subscriber]: Latency; '130652'
1606305946.3436670 [pubsub-1] [INFO] [subscriber]: Latency; '67666'
1606305946.3437748 [pubsub-1] [INFO] [subscriber]: Latency; '117694'
1606305946.3438828 [pubsub-1] [INFO] [subscriber]: Latency; '109052'
1606305946.3439910 [pubsub-1] [INFO] [subscriber]: Latency; '118104'
1606305946.3440990 [pubsub-1] [INFO] [subscriber]: Latency; '85806'
1606305946.3442073 [pubsub-1] [INFO] [subscriber]: Latency; '47008'
1606305946.3443141 [pubsub-1] [INFO] [subscriber]: Latency; '106292'
1606305946.3444204 [pubsub-1] [INFO] [subscriber]: Latency; '94273'
1606305946.3445272 [pubsub-1] [INFO] [subscriber]: Latency; '120556'
1606305946.3446705 [pubsub-1] [INFO] [subscriber]: Latency; '74049'
1606305946.3447797 [pubsub-1] [INFO] [subscriber]: Latency; '51135'
1606305946.3448873 [pubsub-1] [INFO] [subscriber]: Latency; '106194'
1606305946.3449948 [pubsub-1] [INFO] [subscriber]: Latency; '110067'
1606305946.3451030 [pubsub-1] [INFO] [subscriber]: Latency; '58553'
1606305946.3452108 [pubsub-1] [INFO] [subscriber]: Latency; '137555'
1606305946.3453181 [pubsub-1] [INFO] [subscriber]: Latency; '52453'
1606305946.3454247 [pubsub-1] [INFO] [subscriber]: Latency; '61652'
1606305946.3455319 [pubsub-1] [INFO] [subscriber]: Latency; '117552'
1606305946.3456385 [pubsub-1] [INFO] [subscriber]: Latency; '91843'
1606305946.3457453 [pubsub-1] [INFO] [subscriber]: Latency; '123312'
1606305946.3458502 [pubsub-1] [INFO] [subscriber]: Latency; '121186'
1606305946.3459747 [pubsub-1] [INFO] [subscriber]: Latency; '82731'
1606305946.3460853 [pubsub-1] [INFO] [subscriber]: Latency; '139728'
1606305946.3461936 [pubsub-1] [INFO] [subscriber]: Latency; '114065'
1606305946.3463011 [pubsub-1] [INFO] [subscriber]: Latency; '121151'
1606305946.3464081 [pubsub-1] [INFO] [subscriber]: Latency; '124128'
1606305946.3465142 [pubsub-1] [INFO] [subscriber]: Latency; '111284'
1606305946.3466201 [pubsub-1] [INFO] [subscriber]: Latency; '54639'
1606305946.3467262 [pubsub-1] [INFO] [subscriber]: Latency; '120244'
1606305946.3468313 [pubsub-1] [INFO] [subscriber]: Latency; '115326'
1606305946.3469357 [pubsub-1] [INFO] [subscriber]: Latency; '115062'
1606305946.3470407 [pubsub-1] [INFO] [subscriber]: Latency; '114944'
1606305946.3471444 [pubsub-1] [INFO] [subscriber]: Latency; '118230'
1606305946.3472481 [pubsub-1] [INFO] [subscriber]: Latency; '126175'
1606305946.3473516 [pubsub-1] [INFO] [subscriber]: Latency; '117209'
1606305946.3474557 [pubsub-1] [INFO] [subscriber]: Latency; '124800'
1606305946.3475599 [pubsub-1] [INFO] [subscriber]: Latency; '78940'
1606305946.3476667 [pubsub-1] [INFO] [subscriber]: Latency; '124039'
1606305946.3477724 [pubsub-1] [INFO] [subscriber]: Latency; '118136'
1606305946.3478789 [pubsub-1] [INFO] [subscriber]: Latency; '101724'
1606305946.3479855 [pubsub-1] [INFO] [subscriber]: Latency; '116437'
1606305946.3480921 [pubsub-1] [INFO] [subscriber]: Latency; '122101'
1606305946.3481996 [pubsub-1] [INFO] [subscriber]: Latency; '121520'
1606305946.3483059 [pubsub-1] [INFO] [subscriber]: Latency; '116747'
1606305946.3484113 [pubsub-1] [INFO] [subscriber]: Latency; '115527'
1606305946.3485172 [pubsub-1] [INFO] [subscriber]: Latency; '131277'
1606305946.3486440 [pubsub-1] [INFO] [subscriber]: Latency; '79848'
1606305946.3487518 [pubsub-1] [INFO] [subscriber]: Latency; '107888'
1606305946.3488576 [pubsub-1] [INFO] [subscriber]: Latency; '116736'
1606305946.3489633 [pubsub-1] [INFO] [subscriber]: Latency; '109682'
1606305946.3490698 [pubsub-1] [INFO] [subscriber]: Latency; '129176'
1606305946.3491755 [pubsub-1] [INFO] [subscriber]: Latency; '107407'
1606305946.3492818 [pubsub-1] [INFO] [subscriber]: Latency; '111502'
1606305946.3493886 [pubsub-1] [INFO] [subscriber]: Latency; '119924'
1606305946.3494942 [pubsub-1] [INFO] [subscriber]: Latency; '113246'
1606305946.3496006 [pubsub-1] [INFO] [subscriber]: Latency; '120607'
1606305946.3497064 [pubsub-1] [INFO] [subscriber]: Latency; '115365'
1606305946.3498108 [pubsub-1] [INFO] [subscriber]: Latency; '133143'
1606305946.3499162 [pubsub-1] [INFO] [subscriber]: Latency; '118641'
1606305946.3500206 [pubsub-1] [INFO] [subscriber]: Latency; '121350'
1606305946.3501272 [pubsub-1] [INFO] [subscriber]: Latency; '44530'
1606305946.3502333 [pubsub-1] [INFO] [subscriber]: Latency; '121330'
1606305946.3503387 [pubsub-1] [INFO] [subscriber]: Latency; '114866'
1606305946.3504441 [pubsub-1] [INFO] [subscriber]: Latency; '123434'
1606305946.3505499 [pubsub-1] [INFO] [subscriber]: Latency; '94714'
1606305946.3506560 [pubsub-1] [INFO] [subscriber]: Latency; '124752'
1606305946.3507612 [pubsub-1] [INFO] [subscriber]: Latency; '123251'
1606305946.3508680 [pubsub-1] [INFO] [subscriber]: Latency; '42977'
1606305946.3509734 [pubsub-1] [INFO] [subscriber]: Latency; '117977'
1606305946.3510787 [pubsub-1] [INFO] [subscriber]: Latency; '128277'
1606305946.3511827 [pubsub-1] [INFO] [subscriber]: Latency; '128995'
1606305946.3512876 [pubsub-1] [INFO] [subscriber]: Latency; '115080'
1606305946.3513927 [pubsub-1] [INFO] [subscriber]: Latency; '114944'
1606305946.3514977 [pubsub-1] [INFO] [subscriber]: Latency; '119863'
1606305946.3516033 [pubsub-1] [INFO] [subscriber]: Latency; '83453'
1606305946.3517087 [pubsub-1] [INFO] [subscriber]: Latency; '120807'
1606305946.3518145 [pubsub-1] [INFO] [subscriber]: Latency; '115140'
1606305946.3519194 [pubsub-1] [INFO] [subscriber]: Latency; '93774'
1606305946.3520241 [pubsub-1] [INFO] [subscriber]: Latency; '129763'
1606305946.3521295 [pubsub-1] [INFO] [subscriber]: Latency; '123069'
1606305946.3522475 [pubsub-1] [INFO] [subscriber]: Latency; '112222'
1606305946.3523560 [pubsub-1] [INFO] [subscriber]: Latency; '131170'
1606305946.3524623 [pubsub-1] [INFO] [subscriber]: Latency; '114878'
1606305946.3525813 [pubsub-1] [INFO] [subscriber]: Latency; '149004'
1606305946.3526943 [pubsub-1] [INFO] [subscriber]: Latency; '124040'
1606305946.3528008 [pubsub-1] [INFO] [subscriber]: Latency; '113866'
1606305946.3529055 [pubsub-1] [INFO] [subscriber]: Latency; '123573'
1606305946.3530104 [pubsub-1] [INFO] [subscriber]: Latency; '19031'
1606305946.3531153 [pubsub-1] [INFO] [subscriber]: Latency; '89892'
1606305946.3532209 [pubsub-1] [INFO] [subscriber]: Latency; '90720'
1606305946.3533251 [pubsub-1] [INFO] [subscriber]: Latency; '83748'
1606305946.3534293 [pubsub-1] [INFO] [subscriber]: Latency; '84987'
1606305946.3535335 [pubsub-1] [INFO] [subscriber]: Latency; '92069'
1606305946.3536384 [pubsub-1] [INFO] [subscriber]: Latency; '79232'
1606305956.9423048 [pubsub-1] [INFO] [subscriber]: Latency; '91371'
1606305956.9426713 [pubsub-1] [INFO] [subscriber]: Latency; '91963'
1606305956.9429140 [pubsub-1] [INFO] [subscriber]: Latency; '91610'
1606305956.9431281 [pubsub-1] [INFO] [subscriber]: Latency; '89370'
1606305956.9433413 [pubsub-1] [INFO] [subscriber]: Latency; '87733'
1606305956.9435503 [pubsub-1] [INFO] [subscriber]: Latency; '85514'
1606305956.9437561 [pubsub-1] [INFO] [subscriber]: Latency; '80728'
1606305956.9439626 [pubsub-1] [INFO] [subscriber]: Latency; '110652'
1606305956.9441648 [pubsub-1] [INFO] [subscriber]: Latency; '116322'
1606305956.9443765 [pubsub-1] [INFO] [subscriber]: Latency; '99210'
1606305956.9446139 [pubsub-1] [INFO] [subscriber]: Latency; '130138'
1606305956.9448209 [pubsub-1] [INFO] [subscriber]: Latency; '87953'
1606305956.9450183 [pubsub-1] [INFO] [subscriber]: Latency; '110293'
1606305956.9452150 [pubsub-1] [INFO] [subscriber]: Latency; '137795'
1606305956.9454088 [pubsub-1] [INFO] [subscriber]: Latency; '93764'
1606305956.9456007 [pubsub-1] [INFO] [subscriber]: Latency; '136379'
1606305956.9458003 [pubsub-1] [INFO] [subscriber]: Latency; '128140'
1606305956.9459927 [pubsub-1] [INFO] [subscriber]: Latency; '118925'
1606305956.9461596 [pubsub-1] [INFO] [subscriber]: Latency; '139415'
1606305956.9461915 [pubsub-1] [INFO] [subscriber]: Latency; '119493'
1606305956.9462228 [pubsub-1] [INFO] [subscriber]: Latency; '116240'
1606305956.9462545 [pubsub-1] [INFO] [subscriber]: Latency; '133493'
1606305956.9462872 [pubsub-1] [INFO] [subscriber]: Latency; '139121'
1606305956.9463186 [pubsub-1] [INFO] [subscriber]: Latency; '125328'
1606305956.9463470 [pubsub-1] [INFO] [subscriber]: Latency; '114083'
1606305956.9463744 [pubsub-1] [INFO] [subscriber]: Latency; '111603'
1606305956.9464061 [pubsub-1] [INFO] [subscriber]: Latency; '116337'
1606305956.9464395 [pubsub-1] [INFO] [subscriber]: Latency; '97275'
1606305956.9464712 [pubsub-1] [INFO] [subscriber]: Latency; '123231'
1606305956.9465024 [pubsub-1] [INFO] [subscriber]: Latency; '134402'
1606305956.9465263 [pubsub-1] [INFO] [subscriber]: Latency; '140513'
1606305956.9465458 [pubsub-1] [INFO] [subscriber]: Latency; '94238'
1606305956.9465649 [pubsub-1] [INFO] [subscriber]: Latency; '120097'
1606305956.9465833 [pubsub-1] [INFO] [subscriber]: Latency; '42823'
1606305956.9466023 [pubsub-1] [INFO] [subscriber]: Latency; '116522'
1606305956.9466207 [pubsub-1] [INFO] [subscriber]: Latency; '130804'
1606305956.9466393 [pubsub-1] [INFO] [subscriber]: Latency; '53927'
1606305956.9466581 [pubsub-1] [INFO] [subscriber]: Latency; '131708'
1606305956.9466763 [pubsub-1] [INFO] [subscriber]: Latency; '115013'
1606305956.9466946 [pubsub-1] [INFO] [subscriber]: Latency; '136595'
1606305956.9467130 [pubsub-1] [INFO] [subscriber]: Latency; '132289'
1606305956.9467316 [pubsub-1] [INFO] [subscriber]: Latency; '84262'
1606305956.9467499 [pubsub-1] [INFO] [subscriber]: Latency; '86681'
1606305956.9467680 [pubsub-1] [INFO] [subscriber]: Latency; '117348'
1606305956.9467864 [pubsub-1] [INFO] [subscriber]: Latency; '127834'
1606305956.9468048 [pubsub-1] [INFO] [subscriber]: Latency; '134787'
1606305956.9468265 [pubsub-1] [INFO] [subscriber]: Latency; '116827'
1606305956.9468455 [pubsub-1] [INFO] [subscriber]: Latency; '136163'
1606305956.9468639 [pubsub-1] [INFO] [subscriber]: Latency; '130716'
1606305956.9468822 [pubsub-1] [INFO] [subscriber]: Latency; '131341'
1606305956.9469004 [pubsub-1] [INFO] [subscriber]: Latency; '117466'
1606305956.9469187 [pubsub-1] [INFO] [subscriber]: Latency; '112443'
1606305956.9469368 [pubsub-1] [INFO] [subscriber]: Latency; '125282'
1606305956.9469547 [pubsub-1] [INFO] [subscriber]: Latency; '111849'
1606305956.9469728 [pubsub-1] [INFO] [subscriber]: Latency; '114543'
1606305956.9469912 [pubsub-1] [INFO] [subscriber]: Latency; '127116'
1606305956.9470091 [pubsub-1] [INFO] [subscriber]: Latency; '124872'
1606305956.9470272 [pubsub-1] [INFO] [subscriber]: Latency; '96970'
1606305956.9470451 [pubsub-1] [INFO] [subscriber]: Latency; '115953'
1606305956.9470632 [pubsub-1] [INFO] [subscriber]: Latency; '125369'
1606305956.9470818 [pubsub-1] [INFO] [subscriber]: Latency; '126050'
1606305956.9470999 [pubsub-1] [INFO] [subscriber]: Latency; '121804'
1606305956.9471178 [pubsub-1] [INFO] [subscriber]: Latency; '128386'
1606305956.9471359 [pubsub-1] [INFO] [subscriber]: Latency; '111223'
1606305956.9471543 [pubsub-1] [INFO] [subscriber]: Latency; '127650'
1606305956.9471724 [pubsub-1] [INFO] [subscriber]: Latency; '132818'
1606305956.9471905 [pubsub-1] [INFO] [subscriber]: Latency; '41513'
1606305956.9472086 [pubsub-1] [INFO] [subscriber]: Latency; '54997'
1606305956.9472268 [pubsub-1] [INFO] [subscriber]: Latency; '87892'
1606305956.9472451 [pubsub-1] [INFO] [subscriber]: Latency; '130053'
1606305956.9472632 [pubsub-1] [INFO] [subscriber]: Latency; '130820'
1606305956.9472814 [pubsub-1] [INFO] [subscriber]: Latency; '113931'
1606305956.9472995 [pubsub-1] [INFO] [subscriber]: Latency; '114468'
1606305956.9473178 [pubsub-1] [INFO] [subscriber]: Latency; '115579'
1606305956.9473360 [pubsub-1] [INFO] [subscriber]: Latency; '115565'
1606305956.9473543 [pubsub-1] [INFO] [subscriber]: Latency; '132553'
1606305956.9473722 [pubsub-1] [INFO] [subscriber]: Latency; '132638'
1606305956.9473906 [pubsub-1] [INFO] [subscriber]: Latency; '91935'
1606305956.9474087 [pubsub-1] [INFO] [subscriber]: Latency; '131468'
1606305956.9474268 [pubsub-1] [INFO] [subscriber]: Latency; '121486'
1606305956.9474449 [pubsub-1] [INFO] [subscriber]: Latency; '102921'
1606305956.9474633 [pubsub-1] [INFO] [subscriber]: Latency; '132483'
1606305956.9474814 [pubsub-1] [INFO] [subscriber]: Latency; '130186'
1606305956.9474998 [pubsub-1] [INFO] [subscriber]: Latency; '85903'
1606305956.9475181 [pubsub-1] [INFO] [subscriber]: Latency; '128313'
1606305956.9475365 [pubsub-1] [INFO] [subscriber]: Latency; '128224'
1606305956.9475546 [pubsub-1] [INFO] [subscriber]: Latency; '113635'
1606305956.9475729 [pubsub-1] [INFO] [subscriber]: Latency; '50698'
1606305956.9475911 [pubsub-1] [INFO] [subscriber]: Latency; '115551'
1606305956.9476094 [pubsub-1] [INFO] [subscriber]: Latency; '115886'
1606305956.9476273 [pubsub-1] [INFO] [subscriber]: Latency; '102461'
1606305956.9476454 [pubsub-1] [INFO] [subscriber]: Latency; '129278'
1606305956.9476635 [pubsub-1] [INFO] [subscriber]: Latency; '132996'
1606305956.9476821 [pubsub-1] [INFO] [subscriber]: Latency; '109035'
1606305956.9477003 [pubsub-1] [INFO] [subscriber]: Latency; '122476'
1606305956.9477184 [pubsub-1] [INFO] [subscriber]: Latency; '132750'
1606305956.9477363 [pubsub-1] [INFO] [subscriber]: Latency; '125770'
1606305956.9477544 [pubsub-1] [INFO] [subscriber]: Latency; '110495'
1606305956.9477725 [pubsub-1] [INFO] [subscriber]: Latency; '94038'
1606305956.9477906 [pubsub-1] [INFO] [subscriber]: Latency; '105142'
1606305956.9478085 [pubsub-1] [INFO] [subscriber]: Latency; '113554'
1606305956.9478264 [pubsub-1] [INFO] [subscriber]: Latency; '139091'
1606305956.9478445 [pubsub-1] [INFO] [subscriber]: Latency; '126996'
1606305956.9478626 [pubsub-1] [INFO] [subscriber]: Latency; '122739'
1606305956.9478805 [pubsub-1] [INFO] [subscriber]: Latency; '46552'
1606305956.9478986 [pubsub-1] [INFO] [subscriber]: Latency; '132712'
1606305962.1417120 [pubsub-1] [INFO] [subscriber]: Latency; '120711'
1606305962.1419780 [pubsub-1] [INFO] [subscriber]: Latency; '85187'
1606305962.1421301 [pubsub-1] [INFO] [subscriber]: Latency; '128647'
1606305962.1422596 [pubsub-1] [INFO] [subscriber]: Latency; '132917'
1606305962.1423790 [pubsub-1] [INFO] [subscriber]: Latency; '124932'
1606305962.1424944 [pubsub-1] [INFO] [subscriber]: Latency; '94919'
1606305962.1426067 [pubsub-1] [INFO] [subscriber]: Latency; '108746'
1606305962.1427176 [pubsub-1] [INFO] [subscriber]: Latency; '108946'
1606305962.1428277 [pubsub-1] [INFO] [subscriber]: Latency; '143449'
1606305962.1429369 [pubsub-1] [INFO] [subscriber]: Latency; '115861'
1606305962.1430442 [pubsub-1] [INFO] [subscriber]: Latency; '106440'
1606305962.1431534 [pubsub-1] [INFO] [subscriber]: Latency; '122426'
1606305962.1432607 [pubsub-1] [INFO] [subscriber]: Latency; '134438'
1606305962.1433678 [pubsub-1] [INFO] [subscriber]: Latency; '122442'
1606305962.1434767 [pubsub-1] [INFO] [subscriber]: Latency; '123988'
1606305962.1435838 [pubsub-1] [INFO] [subscriber]: Latency; '114946'
1606305962.1436913 [pubsub-1] [INFO] [subscriber]: Latency; '125440'
1606305962.1437991 [pubsub-1] [INFO] [subscriber]: Latency; '109494'
1606305962.1439066 [pubsub-1] [INFO] [subscriber]: Latency; '119669'
1606305962.1440148 [pubsub-1] [INFO] [subscriber]: Latency; '108669'
1606305962.1441243 [pubsub-1] [INFO] [subscriber]: Latency; '108128'
1606305962.1442313 [pubsub-1] [INFO] [subscriber]: Latency; '40921'
1606305962.1443398 [pubsub-1] [INFO] [subscriber]: Latency; '109996'
1606305962.1444478 [pubsub-1] [INFO] [subscriber]: Latency; '123396'
1606305962.1445906 [pubsub-1] [INFO] [subscriber]: Latency; '124044'
1606305962.1447148 [pubsub-1] [INFO] [subscriber]: Latency; '108616'
1606305962.1448247 [pubsub-1] [INFO] [subscriber]: Latency; '127836'
1606305962.1449325 [pubsub-1] [INFO] [subscriber]: Latency; '107174'
1606305962.1450396 [pubsub-1] [INFO] [subscriber]: Latency; '116731'
1606305962.1451473 [pubsub-1] [INFO] [subscriber]: Latency; '123265'
1606305962.1452544 [pubsub-1] [INFO] [subscriber]: Latency; '127283'
1606305962.1453607 [pubsub-1] [INFO] [subscriber]: Latency; '108353'
1606305962.1454673 [pubsub-1] [INFO] [subscriber]: Latency; '109895'
1606305962.1455731 [pubsub-1] [INFO] [subscriber]: Latency; '122774'
1606305962.1456788 [pubsub-1] [INFO] [subscriber]: Latency; '106019'
1606305962.1457851 [pubsub-1] [INFO] [subscriber]: Latency; '121362'
1606305962.1458924 [pubsub-1] [INFO] [subscriber]: Latency; '108005'
1606305962.1459992 [pubsub-1] [INFO] [subscriber]: Latency; '85996'
1606305962.1461048 [pubsub-1] [INFO] [subscriber]: Latency; '107910'
1606305962.1462126 [pubsub-1] [INFO] [subscriber]: Latency; '112040'
1606305962.1462810 [pubsub-1] [INFO] [subscriber]: Latency; '114095'
1606305962.1462989 [pubsub-1] [INFO] [subscriber]: Latency; '41163'
1606305962.1463168 [pubsub-1] [INFO] [subscriber]: Latency; '127533'
1606305962.1463346 [pubsub-1] [INFO] [subscriber]: Latency; '127509'
1606305962.1463525 [pubsub-1] [INFO] [subscriber]: Latency; '128474'
1606305962.1463706 [pubsub-1] [INFO] [subscriber]: Latency; '120307'
1606305962.1463883 [pubsub-1] [INFO] [subscriber]: Latency; '115537'
1606305962.1464059 [pubsub-1] [INFO] [subscriber]: Latency; '113555'
1606305962.1464233 [pubsub-1] [INFO] [subscriber]: Latency; '92564'
1606305962.1464410 [pubsub-1] [INFO] [subscriber]: Latency; '105969'
1606305962.1464586 [pubsub-1] [INFO] [subscriber]: Latency; '128608'
1606305962.1464763 [pubsub-1] [INFO] [subscriber]: Latency; '133224'
1606305962.1464942 [pubsub-1] [INFO] [publisher]: LOOP END
1606305962.1466103 [pubsub-1] finish
1606305993.5988433 [WARNING] [launch]: user interrupted with ctrl-c (SIGINT)
1606305994.1908298 [pubsub-1] [INFO] [rclcpp]: signal_handler(signal_value=2)
1606305994.1912963 [INFO] [pubsub-1]: process has finished cleanly [pid 18608]
